================================================================================
SEMI-SUPERVISED TRAINING CONFIGURATION
================================================================================
📋 BASIC TRAINING SETTINGS
----------------------------------------
  Training Epochs: 100
  Batch Size: 8
  Training Image Size: 352x352
  Device: cuda
  Model Name: SMOKE5K_Dataset_SMOKE5K_train_ssl_ijmond_camera_SMOKE5K-full_non_constraint

⚙️  OPTIMIZER SETTINGS
----------------------------------------
  Generator Learning Rate: 5e-05
  Adam Beta: 0.5
  Gradient Clipping: 0.5
  LR Decay Factor: 0.8
  LR Patience (epochs): 12

🏗️  MODEL ARCHITECTURE
----------------------------------------
  Feature Channels: 32
  Latent Dimension: 8
  Contrastive Layer Filters: 16

📊 LOSS FUNCTION WEIGHTS
----------------------------------------
  L2 Regularization: 0.0001
  Latent Loss: 2.0
  VAE Loss: 0.6
  Contrastive Loss: 1

🎯 SEMI-SUPERVISED LEARNING
----------------------------------------
  Contrastive Pixel Matching: Intra-image
  Contrastive Sample Count: 500

📁 DATASET CONFIGURATION
----------------------------------------
  Labeled Dataset: data/SMOKE5K_Dataset/SMOKE5K/train
  Labeled Dataset Name: SMOKE5K_Dataset_SMOKE5K_train
  Unlabeled Dataset: data/ijmond_camera/SMOKE5K-full/non_constraint
  Unlabeled Dataset Name: ijmond_camera_SMOKE5K-full_non_constraint
  Pretrained Weights: None
  Original Save Path: models/semi-supervision/SMOKE5K-ijmond-camera-on-SMOKE5K
  Final Save Path: models/semi-supervision/SMOKE5K-ijmond-camera-on-SMOKE5K/SMOKE5K_Dataset_SMOKE5K_train_ssl_ijmond_camera_SMOKE5K-full_non_constraint

✅ VALIDATION & EARLY STOPPING
----------------------------------------
  Enable Validation: True
  Validation Split: 0.2
  Early Stopping Patience: 25
  Min Delta for Improvement: 0.001

🔀 DATA AUGMENTATION & REPRODUCIBILITY
----------------------------------------
  Data Augmentation (unlabeled): True
  Freeze Randomness: False
  Random Seed: 422
  ✅ Data augmentation enabled for unlabeled data
================================================================================
Dataset size: 5058
  - Data augmentation: DISABLED (labeled data (full))
Total dataset size: 4214
Training set size: 3371
  - Data augmentation: DISABLED (training data)
Validation set size: 843
  - Data augmentation: DISABLED (validation data)
Labeled training set size (source domain): 632
Unlabeled training set size (target domain): 421
Validation set size (target domain): 105
🎯 Using TARGET DOMAIN for validation!
Learning Rate Scheduler configured:
  - Type: ReduceLROnPlateau (adaptive based on loss)
  - Patience (epochs to wait): 12
  - Decay Factor: 0.8
  - Minimum LR: 1e-7
Let's go!
Created save directory: models/semi-supervision/SMOKE5K-ijmond-camera-on-SMOKE5K/SMOKE5K_Dataset_SMOKE5K_train_ssl_ijmond_camera_SMOKE5K-full_non_constraint
--------------------Epoch: 1/100--------------------
Generator Learning Rate: 5e-05
2025-06-26 01:39:10.967555 Epoch [001/100], Step [0158/0632] (25%), Gen Loss: 2.1416
2025-06-26 01:41:24.519150 Epoch [001/100], Step [0316/0632] (50%), Gen Loss: 1.9172
2025-06-26 01:43:37.171727 Epoch [001/100], Step [0474/0632] (75%), Gen Loss: 1.9265
2025-06-26 01:45:47.982806 Epoch [001/100], Step [0632/0632] (100%), Gen Loss: 1.8534
Epoch 1 completed. Learning rate: 0.000050
Starting validation...
Validation Results (Reference Only) - Loss: 1.1459
  IoU: 0.2490
  F1-Score: 0.3987
  Precision: 0.2802
  Recall: 0.6908
  Accuracy: 0.9047
New best model saved! Training loss: 2.0473
  Corresponding validation IoU: 0.2490 (reference)
--------------------Epoch: 2/100--------------------
Generator Learning Rate: 5e-05
2025-06-26 01:48:14.814109 Epoch [002/100], Step [0158/0632] (25%), Gen Loss: 1.8526
2025-06-26 01:50:26.001425 Epoch [002/100], Step [0316/0632] (50%), Gen Loss: 1.6647
2025-06-26 01:52:37.855357 Epoch [002/100], Step [0474/0632] (75%), Gen Loss: 1.6429
2025-06-26 01:54:49.361989 Epoch [002/100], Step [0632/0632] (100%), Gen Loss: 1.6168
Epoch 2 completed. Learning rate: 0.000050
Starting validation...
Validation Results (Reference Only) - Loss: 1.6675
  IoU: 0.1154
  F1-Score: 0.2070
  Precision: 0.1167
  Recall: 0.9122
  Accuracy: 0.6803
New best model saved! Training loss: 1.7295
  Corresponding validation IoU: 0.1154 (reference)
--------------------Epoch: 3/100--------------------
Generator Learning Rate: 5e-05
2025-06-26 01:57:14.715418 Epoch [003/100], Step [0158/0632] (25%), Gen Loss: 1.6572
2025-06-26 01:59:26.601738 Epoch [003/100], Step [0316/0632] (50%), Gen Loss: 1.5392
2025-06-26 02:01:38.414084 Epoch [003/100], Step [0474/0632] (75%), Gen Loss: 1.4933
2025-06-26 02:03:50.770876 Epoch [003/100], Step [0632/0632] (100%), Gen Loss: 1.5025
Epoch 3 completed. Learning rate: 0.000050
Starting validation...
Validation Results (Reference Only) - Loss: 1.7153
  IoU: 0.1050
  F1-Score: 0.1901
  Precision: 0.1060
  Recall: 0.9213
  Accuracy: 0.6410
New best model saved! Training loss: 1.5568
  Corresponding validation IoU: 0.1050 (reference)
--------------------Epoch: 4/100--------------------
Generator Learning Rate: 5e-05
2025-06-26 02:06:13.749630 Epoch [004/100], Step [0158/0632] (25%), Gen Loss: 1.5266
2025-06-26 02:08:25.485985 Epoch [004/100], Step [0316/0632] (50%), Gen Loss: 1.4799
2025-06-26 02:10:37.132334 Epoch [004/100], Step [0474/0632] (75%), Gen Loss: 1.5085
2025-06-26 02:12:48.890708 Epoch [004/100], Step [0632/0632] (100%), Gen Loss: 1.5190
Epoch 4 completed. Learning rate: 0.000050
Starting validation...
Validation Results (Reference Only) - Loss: 1.4699
  IoU: 0.1205
  F1-Score: 0.2151
  Precision: 0.1237
  Recall: 0.8260
  Accuracy: 0.7243
New best model saved! Training loss: 1.4789
  Corresponding validation IoU: 0.1205 (reference)
--------------------Epoch: 5/100--------------------
Generator Learning Rate: 5e-05
2025-06-26 02:15:12.255453 Epoch [005/100], Step [0158/0632] (25%), Gen Loss: 1.4433
2025-06-26 02:17:23.943804 Epoch [005/100], Step [0316/0632] (50%), Gen Loss: 1.4236
2025-06-26 02:19:35.138142 Epoch [005/100], Step [0474/0632] (75%), Gen Loss: 1.4418
2025-06-26 02:21:46.300075 Epoch [005/100], Step [0632/0632] (100%), Gen Loss: 1.4389
Epoch 5 completed. Learning rate: 0.000050
Starting validation...
Validation Results (Reference Only) - Loss: 1.8064
  IoU: 0.1050
  F1-Score: 0.1900
  Precision: 0.1059
  Recall: 0.9207
  Accuracy: 0.6409
New best model saved! Training loss: 1.4499
  Corresponding validation IoU: 0.1050 (reference)
--------------------Epoch: 6/100--------------------
Generator Learning Rate: 5e-05
2025-06-26 02:24:10.133698 Epoch [006/100], Step [0158/0632] (25%), Gen Loss: 1.3991
2025-06-26 02:26:21.889104 Epoch [006/100], Step [0316/0632] (50%), Gen Loss: 1.4697
2025-06-26 02:28:32.892453 Epoch [006/100], Step [0474/0632] (75%), Gen Loss: 1.4171
2025-06-26 02:30:43.968892 Epoch [006/100], Step [0632/0632] (100%), Gen Loss: 1.5047
Epoch 6 completed. Learning rate: 0.000050
Starting validation...
Validation Results (Reference Only) - Loss: 1.6188
  IoU: 0.1256
  F1-Score: 0.2232
  Precision: 0.1281
  Recall: 0.8668
  Accuracy: 0.7240
New best model saved! Training loss: 1.4426
  Corresponding validation IoU: 0.1256 (reference)
--------------------Epoch: 7/100--------------------
Generator Learning Rate: 5e-05
2025-06-26 02:33:09.288771 Epoch [007/100], Step [0158/0632] (25%), Gen Loss: 1.3303
2025-06-26 02:35:20.982768 Epoch [007/100], Step [0316/0632] (50%), Gen Loss: 1.3294
2025-06-26 02:37:32.665437 Epoch [007/100], Step [0474/0632] (75%), Gen Loss: 1.3139
2025-06-26 02:39:44.748689 Epoch [007/100], Step [0632/0632] (100%), Gen Loss: 1.3222
Epoch 7 completed. Learning rate: 0.000050
Starting validation...
Validation Results (Reference Only) - Loss: 2.0864
  IoU: 0.0975
  F1-Score: 0.1777
  Precision: 0.0981
  Recall: 0.9366
  Accuracy: 0.6034
New best model saved! Training loss: 1.3507
  Corresponding validation IoU: 0.0975 (reference)
--------------------Epoch: 8/100--------------------
Generator Learning Rate: 5e-05
2025-06-26 02:42:08.182900 Epoch [008/100], Step [0158/0632] (25%), Gen Loss: 1.2973
2025-06-26 02:44:19.827262 Epoch [008/100], Step [0316/0632] (50%), Gen Loss: 1.3136
2025-06-26 02:46:31.643204 Epoch [008/100], Step [0474/0632] (75%), Gen Loss: 1.2346
2025-06-26 02:48:42.819242 Epoch [008/100], Step [0632/0632] (100%), Gen Loss: 1.3298
Epoch 8 completed. Learning rate: 0.000050
Starting validation...
Validation Results (Reference Only) - Loss: 2.1288
  IoU: 0.0971
  F1-Score: 0.1771
  Precision: 0.0980
  Recall: 0.9146
  Accuracy: 0.6111
New best model saved! Training loss: 1.2937
  Corresponding validation IoU: 0.0971 (reference)
--------------------Epoch: 9/100--------------------
Generator Learning Rate: 5e-05
2025-06-26 02:51:08.301506 Epoch [009/100], Step [0158/0632] (25%), Gen Loss: 1.3176
2025-06-26 02:53:20.202835 Epoch [009/100], Step [0316/0632] (50%), Gen Loss: 1.1776
2025-06-26 02:55:31.916231 Epoch [009/100], Step [0474/0632] (75%), Gen Loss: 1.1607
2025-06-26 02:57:42.623412 Epoch [009/100], Step [0632/0632] (100%), Gen Loss: 1.1743
Epoch 9 completed. Learning rate: 0.000050
Starting validation...
Validation Results (Reference Only) - Loss: 1.9763
  IoU: 0.1075
  F1-Score: 0.1942
  Precision: 0.1085
  Recall: 0.9235
  Accuracy: 0.6493
New best model saved! Training loss: 1.2244
  Corresponding validation IoU: 0.1075 (reference)
--------------------Epoch: 10/100--------------------
Generator Learning Rate: 5e-05
2025-06-26 03:00:05.764692 Epoch [010/100], Step [0158/0632] (25%), Gen Loss: 1.1584
2025-06-26 03:02:15.266656 Epoch [010/100], Step [0316/0632] (50%), Gen Loss: 1.1603
2025-06-26 03:04:25.444893 Epoch [010/100], Step [0474/0632] (75%), Gen Loss: 1.1879
2025-06-26 03:06:37.243042 Epoch [010/100], Step [0632/0632] (100%), Gen Loss: 1.2639
Epoch 10 completed. Learning rate: 0.000050
Starting validation...
Validation Results (Reference Only) - Loss: 1.9119
  IoU: 0.1082
  F1-Score: 0.1953
  Precision: 0.1097
  Recall: 0.8908
  Accuracy: 0.6642
New best model saved! Training loss: 1.1869
  Corresponding validation IoU: 0.1082 (reference)
Checkpoint saved: SMOKE5K_Dataset_SMOKE5K_train_ssl_ijmond_camera_SMOKE5K-full_non_constraint_epoch_010_from_scratch.pth
--------------------Epoch: 11/100--------------------
Generator Learning Rate: 5e-05
2025-06-26 03:09:00.579053 Epoch [011/100], Step [0158/0632] (25%), Gen Loss: 1.2126
2025-06-26 03:11:12.402778 Epoch [011/100], Step [0316/0632] (50%), Gen Loss: 1.2248
2025-06-26 03:13:24.360811 Epoch [011/100], Step [0474/0632] (75%), Gen Loss: 1.1894
2025-06-26 03:15:35.987383 Epoch [011/100], Step [0632/0632] (100%), Gen Loss: 1.1670
Epoch 11 completed. Learning rate: 0.000050
Starting validation...
Validation Results (Reference Only) - Loss: 2.2283
  IoU: 0.0986
  F1-Score: 0.1795
  Precision: 0.0994
  Recall: 0.9291
  Accuracy: 0.6116
--------------------Epoch: 12/100--------------------
Generator Learning Rate: 5e-05
2025-06-26 03:18:00.877859 Epoch [012/100], Step [0158/0632] (25%), Gen Loss: 1.1194
2025-06-26 03:20:12.784672 Epoch [012/100], Step [0316/0632] (50%), Gen Loss: 1.1507
2025-06-26 03:22:24.435819 Epoch [012/100], Step [0474/0632] (75%), Gen Loss: 1.1484
2025-06-26 03:24:36.457958 Epoch [012/100], Step [0632/0632] (100%), Gen Loss: 1.1293
Epoch 12 completed. Learning rate: 0.000050
Starting validation...
Validation Results (Reference Only) - Loss: 2.4415
  IoU: 0.0915
  F1-Score: 0.1676
  Precision: 0.0922
  Recall: 0.9202
  Accuracy: 0.5820
New best model saved! Training loss: 1.1391
  Corresponding validation IoU: 0.0915 (reference)
--------------------Epoch: 13/100--------------------
Generator Learning Rate: 5e-05
2025-06-26 03:27:00.157048 Epoch [013/100], Step [0158/0632] (25%), Gen Loss: 1.1186
2025-06-26 03:29:11.676396 Epoch [013/100], Step [0316/0632] (50%), Gen Loss: 1.1149
2025-06-26 03:31:23.373213 Epoch [013/100], Step [0474/0632] (75%), Gen Loss: 1.0913
2025-06-26 03:33:34.417143 Epoch [013/100], Step [0632/0632] (100%), Gen Loss: 1.0991
Epoch 13 completed. Learning rate: 0.000050
Starting validation...
Validation Results (Reference Only) - Loss: 2.4544
  IoU: 0.0945
  F1-Score: 0.1728
  Precision: 0.0952
  Recall: 0.9309
  Accuracy: 0.5922
New best model saved! Training loss: 1.1143
  Corresponding validation IoU: 0.0945 (reference)
--------------------Epoch: 14/100--------------------
Generator Learning Rate: 5e-05
2025-06-26 03:35:57.651161 Epoch [014/100], Step [0158/0632] (25%), Gen Loss: 1.0857
2025-06-26 03:38:08.616558 Epoch [014/100], Step [0316/0632] (50%), Gen Loss: 1.0959
2025-06-26 03:40:19.801610 Epoch [014/100], Step [0474/0632] (75%), Gen Loss: 1.1036
2025-06-26 03:42:31.113760 Epoch [014/100], Step [0632/0632] (100%), Gen Loss: 1.1069
Epoch 14 completed. Learning rate: 0.000050
Starting validation...
Validation Results (Reference Only) - Loss: 2.2135
  IoU: 0.1034
  F1-Score: 0.1874
  Precision: 0.1042
  Recall: 0.9277
  Accuracy: 0.6319
New best model saved! Training loss: 1.0993
  Corresponding validation IoU: 0.1034 (reference)
--------------------Epoch: 15/100--------------------
Generator Learning Rate: 5e-05
2025-06-26 03:44:54.160368 Epoch [015/100], Step [0158/0632] (25%), Gen Loss: 1.1088
2025-06-26 03:47:05.110442 Epoch [015/100], Step [0316/0632] (50%), Gen Loss: 1.0913
2025-06-26 03:49:16.102066 Epoch [015/100], Step [0474/0632] (75%), Gen Loss: 1.0836
2025-06-26 03:51:27.360241 Epoch [015/100], Step [0632/0632] (100%), Gen Loss: 1.0839
Epoch 15 completed. Learning rate: 0.000050
Starting validation...
Validation Results (Reference Only) - Loss: 2.7270
  IoU: 0.0870
  F1-Score: 0.1600
  Precision: 0.0875
  Recall: 0.9277
  Accuracy: 0.5544
New best model saved! Training loss: 1.0920
  Corresponding validation IoU: 0.0870 (reference)
--------------------Epoch: 16/100--------------------
Generator Learning Rate: 5e-05
2025-06-26 03:53:50.281205 Epoch [016/100], Step [0158/0632] (25%), Gen Loss: 1.0895
2025-06-26 03:56:02.003175 Epoch [016/100], Step [0316/0632] (50%), Gen Loss: 1.0756
2025-06-26 03:58:12.993386 Epoch [016/100], Step [0474/0632] (75%), Gen Loss: 1.0803
2025-06-26 04:00:24.502727 Epoch [016/100], Step [0632/0632] (100%), Gen Loss: 1.0522
Epoch 16 completed. Learning rate: 0.000050
Starting validation...
Validation Results (Reference Only) - Loss: 2.6838
  IoU: 0.0892
  F1-Score: 0.1637
  Precision: 0.0897
  Recall: 0.9385
  Accuracy: 0.5615
New best model saved! Training loss: 1.0824
  Corresponding validation IoU: 0.0892 (reference)
--------------------Epoch: 17/100--------------------
Generator Learning Rate: 5e-05
2025-06-26 04:02:47.167890 Epoch [017/100], Step [0158/0632] (25%), Gen Loss: 1.0620
2025-06-26 04:04:58.269628 Epoch [017/100], Step [0316/0632] (50%), Gen Loss: 1.0666
2025-06-26 04:07:09.285191 Epoch [017/100], Step [0474/0632] (75%), Gen Loss: 1.0677
2025-06-26 04:09:20.198793 Epoch [017/100], Step [0632/0632] (100%), Gen Loss: 1.0782
Epoch 17 completed. Learning rate: 0.000050
Starting validation...
Validation Results (Reference Only) - Loss: 2.5438
  IoU: 0.0951
  F1-Score: 0.1736
  Precision: 0.0958
  Recall: 0.9223
  Accuracy: 0.5983
New best model saved! Training loss: 1.0697
  Corresponding validation IoU: 0.0951 (reference)
--------------------Epoch: 18/100--------------------
Generator Learning Rate: 5e-05
2025-06-26 04:11:42.891230 Epoch [018/100], Step [0158/0632] (25%), Gen Loss: 1.0431
2025-06-26 04:13:52.249293 Epoch [018/100], Step [0316/0632] (50%), Gen Loss: 1.0876
2025-06-26 04:16:01.576975 Epoch [018/100], Step [0474/0632] (75%), Gen Loss: 1.0597
2025-06-26 04:18:12.700340 Epoch [018/100], Step [0632/0632] (100%), Gen Loss: 1.0489
Epoch 18 completed. Learning rate: 0.000050
Starting validation...
Validation Results (Reference Only) - Loss: 2.9130
  IoU: 0.0884
  F1-Score: 0.1624
  Precision: 0.0888
  Recall: 0.9464
  Accuracy: 0.5534
New best model saved! Training loss: 1.0661
  Corresponding validation IoU: 0.0884 (reference)
--------------------Epoch: 19/100--------------------
Generator Learning Rate: 5e-05
2025-06-26 04:20:36.292322 Epoch [019/100], Step [0158/0632] (25%), Gen Loss: 1.0415
2025-06-26 04:22:48.053246 Epoch [019/100], Step [0316/0632] (50%), Gen Loss: 1.0381
2025-06-26 04:24:59.292086 Epoch [019/100], Step [0474/0632] (75%), Gen Loss: 1.0489
2025-06-26 04:27:11.098761 Epoch [019/100], Step [0632/0632] (100%), Gen Loss: 1.0504
Epoch 19 completed. Learning rate: 0.000050
Starting validation...
Validation Results (Reference Only) - Loss: 2.4943
  IoU: 0.0978
  F1-Score: 0.1782
  Precision: 0.0985
  Recall: 0.9289
  Accuracy: 0.6080
New best model saved! Training loss: 1.0433
  Corresponding validation IoU: 0.0978 (reference)
--------------------Epoch: 20/100--------------------
Generator Learning Rate: 5e-05
2025-06-26 04:29:34.526928 Epoch [020/100], Step [0158/0632] (25%), Gen Loss: 1.0310
2025-06-26 04:31:45.899973 Epoch [020/100], Step [0316/0632] (50%), Gen Loss: 1.0373
2025-06-26 04:33:56.996976 Epoch [020/100], Step [0474/0632] (75%), Gen Loss: 1.0362
2025-06-26 04:36:08.321830 Epoch [020/100], Step [0632/0632] (100%), Gen Loss: 1.0277
Epoch 20 completed. Learning rate: 0.000050
Starting validation...
Validation Results (Reference Only) - Loss: 2.7196
  IoU: 0.0922
  F1-Score: 0.1688
  Precision: 0.0929
  Recall: 0.9259
  Accuracy: 0.5829
New best model saved! Training loss: 1.0327
  Corresponding validation IoU: 0.0922 (reference)
Checkpoint saved: SMOKE5K_Dataset_SMOKE5K_train_ssl_ijmond_camera_SMOKE5K-full_non_constraint_epoch_020_from_scratch.pth
--------------------Epoch: 21/100--------------------
Generator Learning Rate: 5e-05
2025-06-26 04:38:31.720819 Epoch [021/100], Step [0158/0632] (25%), Gen Loss: 1.0329
2025-06-26 04:40:42.709050 Epoch [021/100], Step [0316/0632] (50%), Gen Loss: 1.0374
2025-06-26 04:42:53.917488 Epoch [021/100], Step [0474/0632] (75%), Gen Loss: 1.0338
2025-06-26 04:45:05.943731 Epoch [021/100], Step [0632/0632] (100%), Gen Loss: 1.0302
Epoch 21 completed. Learning rate: 0.000050
Starting validation...
Validation Results (Reference Only) - Loss: 2.5195
  IoU: 0.0951
  F1-Score: 0.1737
  Precision: 0.0960
  Recall: 0.9110
  Accuracy: 0.6034
--------------------Epoch: 22/100--------------------
Generator Learning Rate: 5e-05
2025-06-26 04:47:28.226622 Epoch [022/100], Step [0158/0632] (25%), Gen Loss: 1.0121
2025-06-26 04:49:39.819059 Epoch [022/100], Step [0316/0632] (50%), Gen Loss: 1.0291
2025-06-26 04:51:50.493394 Epoch [022/100], Step [0474/0632] (75%), Gen Loss: 1.0141
2025-06-26 04:54:01.388090 Epoch [022/100], Step [0632/0632] (100%), Gen Loss: 1.0258
Epoch 22 completed. Learning rate: 0.000050
Starting validation...
Validation Results (Reference Only) - Loss: 2.6482
  IoU: 0.0939
  F1-Score: 0.1717
  Precision: 0.0948
  Recall: 0.9086
  Accuracy: 0.5991
New best model saved! Training loss: 1.0224
  Corresponding validation IoU: 0.0939 (reference)
--------------------Epoch: 23/100--------------------
Generator Learning Rate: 5e-05
2025-06-26 04:56:24.602825 Epoch [023/100], Step [0158/0632] (25%), Gen Loss: 1.0138
2025-06-26 04:58:36.250976 Epoch [023/100], Step [0316/0632] (50%), Gen Loss: 1.0112
2025-06-26 05:00:46.542434 Epoch [023/100], Step [0474/0632] (75%), Gen Loss: 1.0149
2025-06-26 05:02:57.862772 Epoch [023/100], Step [0632/0632] (100%), Gen Loss: 1.0139
Epoch 23 completed. Learning rate: 0.000050
Starting validation...
Validation Results (Reference Only) - Loss: 2.6970
  IoU: 0.0909
  F1-Score: 0.1667
  Precision: 0.0917
  Recall: 0.9161
  Accuracy: 0.5810
New best model saved! Training loss: 1.0137
  Corresponding validation IoU: 0.0909 (reference)
--------------------Epoch: 24/100--------------------
Generator Learning Rate: 5e-05
2025-06-26 05:05:23.598036 Epoch [024/100], Step [0158/0632] (25%), Gen Loss: 1.0253
2025-06-26 05:07:34.517964 Epoch [024/100], Step [0316/0632] (50%), Gen Loss: 1.0115
2025-06-26 05:09:45.905896 Epoch [024/100], Step [0474/0632] (75%), Gen Loss: 1.0056
2025-06-26 05:11:54.975877 Epoch [024/100], Step [0632/0632] (100%), Gen Loss: 1.0164
Epoch 24 completed. Learning rate: 0.000050
Starting validation...
Validation Results (Reference Only) - Loss: 2.6654
  IoU: 0.0952
  F1-Score: 0.1739
  Precision: 0.0961
  Recall: 0.9170
  Accuracy: 0.6015
--------------------Epoch: 25/100--------------------
Generator Learning Rate: 5e-05
2025-06-26 05:14:15.459810 Epoch [025/100], Step [0158/0632] (25%), Gen Loss: 1.0068
2025-06-26 05:16:24.646991 Epoch [025/100], Step [0316/0632] (50%), Gen Loss: 1.0051
2025-06-26 05:18:33.663012 Epoch [025/100], Step [0474/0632] (75%), Gen Loss: 1.0157
2025-06-26 05:20:42.733211 Epoch [025/100], Step [0632/0632] (100%), Gen Loss: 0.9966
Epoch 25 completed. Learning rate: 0.000050
Starting validation...
Validation Results (Reference Only) - Loss: 3.0500
  IoU: 0.0867
  F1-Score: 0.1596
  Precision: 0.0872
  Recall: 0.9388
  Accuracy: 0.5478
New best model saved! Training loss: 1.0083
  Corresponding validation IoU: 0.0867 (reference)
--------------------Epoch: 26/100--------------------
Generator Learning Rate: 5e-05
2025-06-26 05:23:03.533729 Epoch [026/100], Step [0158/0632] (25%), Gen Loss: 0.9945
2025-06-26 05:25:12.622830 Epoch [026/100], Step [0316/0632] (50%), Gen Loss: 0.9954
2025-06-26 05:27:21.694199 Epoch [026/100], Step [0474/0632] (75%), Gen Loss: 0.9877
2025-06-26 05:29:31.336082 Epoch [026/100], Step [0632/0632] (100%), Gen Loss: 0.9914
Epoch 26 completed. Learning rate: 0.000050
Starting validation...
Validation Results (Reference Only) - Loss: 3.1956
  IoU: 0.0863
  F1-Score: 0.1590
  Precision: 0.0868
  Recall: 0.9422
  Accuracy: 0.5439
New best model saved! Training loss: 0.9915
  Corresponding validation IoU: 0.0863 (reference)
Early stopping triggered at epoch 26
Best training loss: 0.9915 achieved at epoch 26

==================================================
Semi-Supervised Training completed!
Best training loss: 0.9915 achieved at epoch 26
Best model saved at: models/semi-supervision/SMOKE5K-ijmond-camera-on-SMOKE5K/SMOKE5K_Dataset_SMOKE5K_train_ssl_ijmond_camera_SMOKE5K-full_non_constraint/SMOKE5K_Dataset_SMOKE5K_train_ssl_ijmond_camera_SMOKE5K-full_non_constraint_best_model.pth
==================================================

JOB STATISTICS
==============
Job ID: 12632402
Cluster: snellius
User/Group: ytao/ytao
State: RUNNING
Nodes: 1
Cores per node: 9
CPU Utilized: 00:00:00
CPU Efficiency: 0.00% of 1-11:00:27 core-walltime
Job Wall-clock time: 03:53:23
Memory Utilized: 0.00 MB
Memory Efficiency: 0.00% of 24.00 GB (24.00 GB/node)
WARNING: Efficiency statistics can only be obtained after the job has ended as seff tool is based on the accounting database data.
