================================================================================
FULLY SUPERVISED TRAINING CONFIGURATION
================================================================================
ðŸ“‹ BASIC TRAINING SETTINGS
----------------------------------------
  Training Epochs: 300
  Batch Size: 10
  Training Image Size: 352x352
  Device: cuda
  Dataset Name: ijmond_data_test
  Model Name: ijmond_data_test

âš™ï¸  OPTIMIZER SETTINGS
----------------------------------------
  Generator Learning Rate: 5e-05
  Adam Beta: 0.5
  LR Decay Factor: 0.9
  LR Patience (epochs): 6

ðŸ—ï¸  MODEL ARCHITECTURE
----------------------------------------
  Generator Reduced Channels: 32
  Feature Channels: 32
  Latent Dimension: 3

ðŸ“Š LOSS FUNCTION WEIGHTS
----------------------------------------
  L2 Regularization: 0.0001
  Latent Loss: 10.0
  VAE Loss: 0.4

ðŸ“ DATASET CONFIGURATION
----------------------------------------
  Dataset Path: data/ijmond_data/test
  Pretrained Weights: None
  Original Save Path: models/full-supervision/ijmond-limited-test
  Final Save Path: models/full-supervision/ijmond-limited-test/ijmond_data_test

âœ… VALIDATION & EARLY STOPPING
----------------------------------------
  Validation Split: 0.1
  Early Stopping Patience: 40
  Min Delta for Improvement: 0.0002

ðŸ”€ DATA AUGMENTATION & REPRODUCIBILITY
----------------------------------------
  Data Augmentation: True
  Freeze Randomness: False
  Random Seed: 15
================================================================================

Data Augmentation & Reproducibility:
  - Data Augmentation: Enabled
  - Freeze Mode: Disabled
  - Random Seed: 15
==========================================

Total dataset size: 800
Training set size: 720
Validation set size: 80
Training steps per epoch: 72
Validation steps per epoch: 8
Learning Rate Scheduler configured:
  - Type: ReduceLROnPlateau (adaptive based on validation loss)
  - Patience (epochs to wait): 6
  - Decay Factor: 0.9
  - Minimum LR: 1e-7
Let's go!
Created save directory: models/full-supervision/ijmond-limited-test/ijmond_data_test
--------------------Epoch: 1/300--------------------
2025-06-22 19:50:50.784999 Epoch [001/300], Step [0018/0072] (25%), Gen Loss: 2.0496, TP: 32, FP: 4185, TN: 1228057, FN: 4150
2025-06-22 19:50:57.133103 Epoch [001/300], Step [0036/0072] (50%), Gen Loss: 1.9857, TP: 718, FP: 6691, TN: 1227007, FN: 2507
2025-06-22 19:51:03.438411 Epoch [001/300], Step [0054/0072] (75%), Gen Loss: 1.9750, TP: 826, FP: 11986, TN: 1219585, FN: 4146
2025-06-22 19:51:09.698082 Epoch [001/300], Step [0072/0072] (100%), Gen Loss: 1.9480, TP: 3177, FP: 19002, TN: 1207626, FN: 5831
Starting validation...
Validation Results - Loss: 0.9294
  IoU: 0.0667
  F1-Score: 0.1250
  Precision: 0.0814
  Recall: 0.2698
  Accuracy: 0.9833
Epoch 1 completed. Learning rate: 0.000050
ðŸŽ‰ New best model saved! IoU: 0.0667, F1: 0.1250
   Saved as: ijmond_data_test_best_model.pth
--------------------Epoch: 2/300--------------------
2025-06-22 19:51:23.296489 Epoch [002/300], Step [0018/0072] (25%), Gen Loss: 1.7956, TP: 2358, FP: 12413, TN: 1222287, FN: 433
2025-06-22 19:51:29.614164 Epoch [002/300], Step [0036/0072] (50%), Gen Loss: 1.7323, TP: 3741, FP: 8968, TN: 1222860, FN: 1022
2025-06-22 19:51:35.924357 Epoch [002/300], Step [0054/0072] (75%), Gen Loss: 1.6530, TP: 1832, FP: 4252, TN: 1228847, FN: 2091
2025-06-22 19:51:42.191284 Epoch [002/300], Step [0072/0072] (100%), Gen Loss: 1.5812, TP: 2956, FP: 3948, TN: 1226679, FN: 2722
Starting validation...
Validation Results - Loss: 0.6232
  IoU: 0.2522
  F1-Score: 0.4028
  Precision: 0.3327
  Recall: 0.5103
  Accuracy: 0.9933
Epoch 2 completed. Learning rate: 0.000050
ðŸŽ‰ New best model saved! IoU: 0.2522, F1: 0.4028
   Saved as: ijmond_data_test_best_model.pth
--------------------Epoch: 3/300--------------------
2025-06-22 19:51:55.570891 Epoch [003/300], Step [0018/0072] (25%), Gen Loss: 1.6474, TP: 9699, FP: 3916, TN: 1213032, FN: 8320
2025-06-22 19:52:01.902599 Epoch [003/300], Step [0036/0072] (50%), Gen Loss: 1.5824, TP: 1969, FP: 2163, TN: 1232775, FN: 421
2025-06-22 19:52:08.215937 Epoch [003/300], Step [0054/0072] (75%), Gen Loss: 1.4949, TP: 2715, FP: 1230, TN: 1224560, FN: 7020
2025-06-22 19:52:14.482579 Epoch [003/300], Step [0072/0072] (100%), Gen Loss: 1.4411, TP: 3900, FP: 4902, TN: 1227688, FN: 228
Starting validation...
Validation Results - Loss: 0.5187
  IoU: 0.3618
  F1-Score: 0.5313
  Precision: 0.5965
  Recall: 0.4790
  Accuracy: 0.9963
Epoch 3 completed. Learning rate: 0.000050
ðŸŽ‰ New best model saved! IoU: 0.3618, F1: 0.5313
   Saved as: ijmond_data_test_best_model.pth
--------------------Epoch: 4/300--------------------
2025-06-22 19:52:28.166064 Epoch [004/300], Step [0018/0072] (25%), Gen Loss: 1.4608, TP: 17850, FP: 3254, TN: 1195529, FN: 15870
2025-06-22 19:52:34.515375 Epoch [004/300], Step [0036/0072] (50%), Gen Loss: 1.4971, TP: 8312, FP: 9637, TN: 1213231, FN: 4423
2025-06-22 19:52:40.830456 Epoch [004/300], Step [0054/0072] (75%), Gen Loss: 1.4527, TP: 10139, FP: 2992, TN: 1210472, FN: 10669
2025-06-22 19:52:47.096394 Epoch [004/300], Step [0072/0072] (100%), Gen Loss: 1.3696, TP: 3411, FP: 1973, TN: 1230162, FN: 1094
Starting validation...
Validation Results - Loss: 0.4927
  IoU: 0.3675
  F1-Score: 0.5375
  Precision: 0.5754
  Recall: 0.5043
  Accuracy: 0.9962
Epoch 4 completed. Learning rate: 0.000050
ðŸŽ‰ New best model saved! IoU: 0.3675, F1: 0.5375
   Saved as: ijmond_data_test_best_model.pth
--------------------Epoch: 5/300--------------------
2025-06-22 19:53:00.268651 Epoch [005/300], Step [0018/0072] (25%), Gen Loss: 1.4836, TP: 10027, FP: 5085, TN: 1216866, FN: 2591
2025-06-22 19:53:06.701700 Epoch [005/300], Step [0036/0072] (50%), Gen Loss: 1.4674, TP: 3076, FP: 1284, TN: 1231736, FN: 620
2025-06-22 19:53:13.014827 Epoch [005/300], Step [0054/0072] (75%), Gen Loss: 1.4285, TP: 3163, FP: 2148, TN: 1231624, FN: 288
2025-06-22 19:53:19.279172 Epoch [005/300], Step [0072/0072] (100%), Gen Loss: 1.3485, TP: 1713, FP: 1282, TN: 1233841, FN: 737
Starting validation...
Validation Results - Loss: 0.4786
  IoU: 0.3707
  F1-Score: 0.5408
  Precision: 0.5770
  Recall: 0.5089
  Accuracy: 0.9962
Epoch 5 completed. Learning rate: 0.000050
ðŸŽ‰ New best model saved! IoU: 0.3707, F1: 0.5408
   Saved as: ijmond_data_test_best_model.pth
Checkpoint saved: ijmond_data_test_epoch_005_from_scratch.pth
--------------------Epoch: 6/300--------------------
2025-06-22 19:53:32.937886 Epoch [006/300], Step [0018/0072] (25%), Gen Loss: 1.2982, TP: 4584, FP: 1270, TN: 1229364, FN: 912
2025-06-22 19:53:39.279874 Epoch [006/300], Step [0036/0072] (50%), Gen Loss: 1.3508, TP: 7555, FP: 12297, TN: 1214831, FN: 897
2025-06-22 19:53:45.594205 Epoch [006/300], Step [0054/0072] (75%), Gen Loss: 1.4983, TP: 2965, FP: 1054, TN: 1232203, FN: 686
2025-06-22 19:53:51.860900 Epoch [006/300], Step [0072/0072] (100%), Gen Loss: 1.4995, TP: 2539, FP: 1823, TN: 1232693, FN: 176
Starting validation...
Validation Results - Loss: 0.5022
  IoU: 0.3705
  F1-Score: 0.5407
  Precision: 0.7231
  Recall: 0.4318
  Accuracy: 0.9968
Epoch 6 completed. Learning rate: 0.000050
--------------------Epoch: 7/300--------------------
2025-06-22 19:54:04.690626 Epoch [007/300], Step [0018/0072] (25%), Gen Loss: 1.2671, TP: 2977, FP: 1544, TN: 1232552, FN: 131
2025-06-22 19:54:11.038434 Epoch [007/300], Step [0036/0072] (50%), Gen Loss: 1.2678, TP: 2687, FP: 1317, TN: 1232976, FN: 167
2025-06-22 19:54:17.352845 Epoch [007/300], Step [0054/0072] (75%), Gen Loss: 1.2748, TP: 3577, FP: 1337, TN: 1231667, FN: 265
2025-06-22 19:54:23.622621 Epoch [007/300], Step [0072/0072] (100%), Gen Loss: 1.2957, TP: 10208, FP: 5610, TN: 1217900, FN: 2006
Starting validation...
Validation Results - Loss: 0.4667
  IoU: 0.3762
  F1-Score: 0.5468
  Precision: 0.7153
  Recall: 0.4425
  Accuracy: 0.9968
Epoch 7 completed. Learning rate: 0.000050
ðŸŽ‰ New best model saved! IoU: 0.3762, F1: 0.5468
   Saved as: ijmond_data_test_best_model.pth
--------------------Epoch: 8/300--------------------
2025-06-22 19:54:36.897124 Epoch [008/300], Step [0018/0072] (25%), Gen Loss: 1.4095, TP: 4952, FP: 2056, TN: 1229024, FN: 416
2025-06-22 19:54:43.256482 Epoch [008/300], Step [0036/0072] (50%), Gen Loss: 1.3832, TP: 4116, FP: 3097, TN: 1229484, FN: 126
2025-06-22 19:54:49.568609 Epoch [008/300], Step [0054/0072] (75%), Gen Loss: 1.3317, TP: 1960, FP: 1261, TN: 1234506, FN: 59
2025-06-22 19:54:55.834222 Epoch [008/300], Step [0072/0072] (100%), Gen Loss: 1.2827, TP: 3946, FP: 1610, TN: 1230146, FN: 888
Starting validation...
Validation Results - Loss: 0.4507
  IoU: 0.3983
  F1-Score: 0.5697
  Precision: 0.6546
  Recall: 0.5042
  Accuracy: 0.9966
Epoch 8 completed. Learning rate: 0.000050
ðŸŽ‰ New best model saved! IoU: 0.3983, F1: 0.5697
   Saved as: ijmond_data_test_best_model.pth
--------------------Epoch: 9/300--------------------
2025-06-22 19:55:08.498046 Epoch [009/300], Step [0018/0072] (25%), Gen Loss: 1.2913, TP: 3840, FP: 950, TN: 1231594, FN: 378
2025-06-22 19:55:15.193517 Epoch [009/300], Step [0036/0072] (50%), Gen Loss: 1.2725, TP: 6672, FP: 1499, TN: 1227661, FN: 421
2025-06-22 19:55:21.509315 Epoch [009/300], Step [0054/0072] (75%), Gen Loss: 1.3854, TP: 5176, FP: 2591, TN: 1228345, FN: 360
2025-06-22 19:55:27.776256 Epoch [009/300], Step [0072/0072] (100%), Gen Loss: 1.4530, TP: 2026, FP: 992, TN: 1233668, FN: 721
Starting validation...
Validation Results - Loss: 0.4650
  IoU: 0.4029
  F1-Score: 0.5744
  Precision: 0.6805
  Recall: 0.4968
  Accuracy: 0.9967
Epoch 9 completed. Learning rate: 0.000050
ðŸŽ‰ New best model saved! IoU: 0.4029, F1: 0.5744
   Saved as: ijmond_data_test_best_model.pth
--------------------Epoch: 10/300--------------------
2025-06-22 19:55:40.836527 Epoch [010/300], Step [0018/0072] (25%), Gen Loss: 1.2716, TP: 3920, FP: 1455, TN: 1231856, FN: 104
2025-06-22 19:55:47.348448 Epoch [010/300], Step [0036/0072] (50%), Gen Loss: 1.2534, TP: 2017, FP: 1167, TN: 1233915, FN: 179
2025-06-22 19:55:53.667077 Epoch [010/300], Step [0054/0072] (75%), Gen Loss: 1.2380, TP: 3663, FP: 2253, TN: 1229421, FN: 1575
2025-06-22 19:55:59.949488 Epoch [010/300], Step [0072/0072] (100%), Gen Loss: 1.2201, TP: 4320, FP: 1301, TN: 1229742, FN: 1245
Starting validation...
Validation Results - Loss: 0.4517
  IoU: 0.3944
  F1-Score: 0.5657
  Precision: 0.5687
  Recall: 0.5628
  Accuracy: 0.9962
Epoch 10 completed. Learning rate: 0.000050
Checkpoint saved: ijmond_data_test_epoch_010_from_scratch.pth
--------------------Epoch: 11/300--------------------
2025-06-22 19:56:13.360113 Epoch [011/300], Step [0018/0072] (25%), Gen Loss: 1.1945, TP: 2591, FP: 1221, TN: 1233558, FN: 55
2025-06-22 19:56:19.678040 Epoch [011/300], Step [0036/0072] (50%), Gen Loss: 1.2084, TP: 2869, FP: 1315, TN: 1232316, FN: 313
2025-06-22 19:56:25.991458 Epoch [011/300], Step [0054/0072] (75%), Gen Loss: 1.2079, TP: 3587, FP: 1516, TN: 1228150, FN: 3331
2025-06-22 19:56:32.257736 Epoch [011/300], Step [0072/0072] (100%), Gen Loss: 1.2498, TP: 3558, FP: 2246, TN: 1231061, FN: 67
Starting validation...
Validation Results - Loss: 0.4540
  IoU: 0.4009
  F1-Score: 0.5723
  Precision: 0.6122
  Recall: 0.5374
  Accuracy: 0.9964
Epoch 11 completed. Learning rate: 0.000050
--------------------Epoch: 12/300--------------------
2025-06-22 19:56:45.513051 Epoch [012/300], Step [0018/0072] (25%), Gen Loss: 1.2518, TP: 4037, FP: 1857, TN: 1230427, FN: 298
2025-06-22 19:56:51.845730 Epoch [012/300], Step [0036/0072] (50%), Gen Loss: 1.2261, TP: 2322, FP: 1271, TN: 1232695, FN: 392
2025-06-22 19:56:58.160851 Epoch [012/300], Step [0054/0072] (75%), Gen Loss: 1.2169, TP: 11689, FP: 1145, TN: 1215665, FN: 6590
2025-06-22 19:57:04.429723 Epoch [012/300], Step [0072/0072] (100%), Gen Loss: 1.2823, TP: 2968, FP: 1301, TN: 1232271, FN: 422
Starting validation...
Validation Results - Loss: 0.4381
  IoU: 0.4178
  F1-Score: 0.5894
  Precision: 0.6858
  Recall: 0.5167
  Accuracy: 0.9968
Epoch 12 completed. Learning rate: 0.000050
ðŸŽ‰ New best model saved! IoU: 0.4178, F1: 0.5894
   Saved as: ijmond_data_test_best_model.pth
--------------------Epoch: 13/300--------------------
2025-06-22 19:57:17.627289 Epoch [013/300], Step [0018/0072] (25%), Gen Loss: 1.9106, TP: 4625, FP: 1083, TN: 1230907, FN: 160
2025-06-22 19:57:24.023068 Epoch [013/300], Step [0036/0072] (50%), Gen Loss: 1.5589, TP: 5726, FP: 1735, TN: 1228872, FN: 268
2025-06-22 19:57:30.351666 Epoch [013/300], Step [0054/0072] (75%), Gen Loss: 1.3190, TP: 2323, FP: 1398, TN: 1233422, FN: 129
2025-06-22 19:57:36.667685 Epoch [013/300], Step [0072/0072] (100%), Gen Loss: 1.1701, TP: 21122, FP: 2646, TN: 1207151, FN: 3481
Starting validation...
Validation Results - Loss: 0.4432
  IoU: 0.4078
  F1-Score: 0.5793
  Precision: 0.6139
  Recall: 0.5484
  Accuracy: 0.9965
Epoch 13 completed. Learning rate: 0.000050
--------------------Epoch: 14/300--------------------
2025-06-22 19:57:49.869512 Epoch [014/300], Step [0018/0072] (25%), Gen Loss: 1.1930, TP: 3146, FP: 1005, TN: 1232969, FN: 147
2025-06-22 19:57:56.216918 Epoch [014/300], Step [0036/0072] (50%), Gen Loss: 1.1874, TP: 22050, FP: 1967, TN: 1206818, FN: 3543
2025-06-22 19:58:02.531142 Epoch [014/300], Step [0054/0072] (75%), Gen Loss: 1.1709, TP: 2777, FP: 1025, TN: 1233315, FN: 63
2025-06-22 19:58:08.797683 Epoch [014/300], Step [0072/0072] (100%), Gen Loss: 1.1587, TP: 2428, FP: 1247, TN: 1233448, FN: 101
Starting validation...
Validation Results - Loss: 0.4496
  IoU: 0.4156
  F1-Score: 0.5871
  Precision: 0.6704
  Recall: 0.5223
  Accuracy: 0.9968
Epoch 14 completed. Learning rate: 0.000050
--------------------Epoch: 15/300--------------------
2025-06-22 19:58:21.981155 Epoch [015/300], Step [0018/0072] (25%), Gen Loss: 1.1685, TP: 1889, FP: 586, TN: 1235097, FN: 45
2025-06-22 19:58:28.339691 Epoch [015/300], Step [0036/0072] (50%), Gen Loss: 1.2080, TP: 5471, FP: 2501, TN: 1228422, FN: 430
2025-06-22 19:58:34.654777 Epoch [015/300], Step [0054/0072] (75%), Gen Loss: 1.2080, TP: 15610, FP: 5188, TN: 1214023, FN: 558
2025-06-22 19:58:40.923164 Epoch [015/300], Step [0072/0072] (100%), Gen Loss: 1.1571, TP: 3470, FP: 1167, TN: 1232670, FN: 257
Starting validation...
Validation Results - Loss: 0.4508
  IoU: 0.4115
  F1-Score: 0.5831
  Precision: 0.7288
  Recall: 0.4859
  Accuracy: 0.9969
Epoch 15 completed. Learning rate: 0.000050
Checkpoint saved: ijmond_data_test_epoch_015_from_scratch.pth
--------------------Epoch: 16/300--------------------
2025-06-22 19:58:54.385265 Epoch [016/300], Step [0018/0072] (25%), Gen Loss: 1.2076, TP: 3813, FP: 801, TN: 1231791, FN: 196
2025-06-22 19:59:00.718204 Epoch [016/300], Step [0036/0072] (50%), Gen Loss: 1.2179, TP: 4555, FP: 625, TN: 1231097, FN: 503
2025-06-22 19:59:07.032919 Epoch [016/300], Step [0054/0072] (75%), Gen Loss: 1.1958, TP: 2460, FP: 697, TN: 1234363, FN: 34
2025-06-22 19:59:13.299846 Epoch [016/300], Step [0072/0072] (100%), Gen Loss: 1.2000, TP: 4986, FP: 2666, TN: 1227770, FN: 525
Starting validation...
Validation Results - Loss: 0.4701
  IoU: 0.4052
  F1-Score: 0.5767
  Precision: 0.7107
  Recall: 0.4853
  Accuracy: 0.9968
Epoch 16 completed. Learning rate: 0.000050
--------------------Epoch: 17/300--------------------
2025-06-22 19:59:25.761077 Epoch [017/300], Step [0018/0072] (25%), Gen Loss: 1.3323, TP: 3378, FP: 2451, TN: 1230776, FN: 188
2025-06-22 19:59:32.143750 Epoch [017/300], Step [0036/0072] (50%), Gen Loss: 1.2794, TP: 3015, FP: 648, TN: 1233234, FN: 263
2025-06-22 19:59:38.458910 Epoch [017/300], Step [0054/0072] (75%), Gen Loss: 1.2024, TP: 6064, FP: 944, TN: 1229046, FN: 295
2025-06-22 19:59:44.726804 Epoch [017/300], Step [0072/0072] (100%), Gen Loss: 1.1606, TP: 5369, FP: 539, TN: 1230612, FN: 130
Starting validation...
Validation Results - Loss: 0.4481
  IoU: 0.4164
  F1-Score: 0.5879
  Precision: 0.7132
  Recall: 0.5001
  Accuracy: 0.9969
Epoch 17 completed. Learning rate: 0.000050
--------------------Epoch: 18/300--------------------
2025-06-22 19:59:58.057879 Epoch [018/300], Step [0018/0072] (25%), Gen Loss: 1.1389, TP: 6152, FP: 4992, TN: 1224173, FN: 419
2025-06-22 20:00:04.380579 Epoch [018/300], Step [0036/0072] (50%), Gen Loss: 1.1275, TP: 7781, FP: 916, TN: 1225608, FN: 1610
2025-06-22 20:00:10.695314 Epoch [018/300], Step [0054/0072] (75%), Gen Loss: 1.1169, TP: 3587, FP: 849, TN: 1232436, FN: 72
2025-06-22 20:00:16.973681 Epoch [018/300], Step [0072/0072] (100%), Gen Loss: 1.1255, TP: 3700, FP: 1187, TN: 1231720, FN: 105
Starting validation...
Validation Results - Loss: 0.4648
  IoU: 0.4066
  F1-Score: 0.5781
  Precision: 0.7395
  Recall: 0.4746
  Accuracy: 0.9969
Epoch 18 completed. Learning rate: 0.000050
--------------------Epoch: 19/300--------------------
2025-06-22 20:00:30.315377 Epoch [019/300], Step [0018/0072] (25%), Gen Loss: 1.4812, TP: 1997, FP: 335, TN: 1235031, FN: 69
2025-06-22 20:00:36.636607 Epoch [019/300], Step [0036/0072] (50%), Gen Loss: 1.4549, TP: 3017, FP: 1103, TN: 1232873, FN: 140
2025-06-22 20:00:42.954139 Epoch [019/300], Step [0054/0072] (75%), Gen Loss: 1.4303, TP: 3747, FP: 331, TN: 1233215, FN: 76
2025-06-22 20:00:49.274809 Epoch [019/300], Step [0072/0072] (100%), Gen Loss: 1.1854, TP: 2556, FP: 1742, TN: 1232716, FN: 109
Starting validation...
Validation Results - Loss: 0.4639
  IoU: 0.4138
  F1-Score: 0.5854
  Precision: 0.7433
  Recall: 0.4828
  Accuracy: 0.9970
Epoch 19 completed. Learning rate changed: 0.000050 -> 0.000045
--------------------Epoch: 20/300--------------------
2025-06-22 20:01:02.477021 Epoch [020/300], Step [0018/0072] (25%), Gen Loss: 1.1194, TP: 1824, FP: 213, TN: 1235713, FN: 50
2025-06-22 20:01:08.827909 Epoch [020/300], Step [0036/0072] (50%), Gen Loss: 1.1034, TP: 1988, FP: 546, TN: 1234898, FN: 82
2025-06-22 20:01:15.142269 Epoch [020/300], Step [0054/0072] (75%), Gen Loss: 1.0960, TP: 6829, FP: 1800, TN: 1225932, FN: 706
2025-06-22 20:01:21.409178 Epoch [020/300], Step [0072/0072] (100%), Gen Loss: 1.1049, TP: 2524, FP: 648, TN: 1234243, FN: 16
Starting validation...
Validation Results - Loss: 0.4666
  IoU: 0.4184
  F1-Score: 0.5899
  Precision: 0.7572
  Recall: 0.4832
  Accuracy: 0.9970
Epoch 20 completed. Learning rate: 0.000045
ðŸŽ‰ New best model saved! IoU: 0.4184, F1: 0.5899
   Saved as: ijmond_data_test_best_model.pth
Checkpoint saved: ijmond_data_test_epoch_020_from_scratch.pth
--------------------Epoch: 21/300--------------------
2025-06-22 20:01:36.116619 Epoch [021/300], Step [0018/0072] (25%), Gen Loss: 1.1097, TP: 4056, FP: 1332, TN: 1231207, FN: 142
2025-06-22 20:01:42.464004 Epoch [021/300], Step [0036/0072] (50%), Gen Loss: 1.1020, TP: 2804, FP: 536, TN: 1233870, FN: 61
2025-06-22 20:01:48.781364 Epoch [021/300], Step [0054/0072] (75%), Gen Loss: 1.0900, TP: 3897, FP: 482, TN: 1232280, FN: 167
2025-06-22 20:01:55.053535 Epoch [021/300], Step [0072/0072] (100%), Gen Loss: 1.1197, TP: 2781, FP: 766, TN: 1233793, FN: 71
Starting validation...
Validation Results - Loss: 0.4505
  IoU: 0.4216
  F1-Score: 0.5932
  Precision: 0.7278
  Recall: 0.5005
  Accuracy: 0.9970
Epoch 21 completed. Learning rate: 0.000045
ðŸŽ‰ New best model saved! IoU: 0.4216, F1: 0.5932
   Saved as: ijmond_data_test_best_model.pth
--------------------Epoch: 22/300--------------------
2025-06-22 20:02:07.396495 Epoch [022/300], Step [0018/0072] (25%), Gen Loss: 1.0954, TP: 4253, FP: 225, TN: 1232334, FN: 95
2025-06-22 20:02:14.154722 Epoch [022/300], Step [0036/0072] (50%), Gen Loss: 1.0943, TP: 5770, FP: 925, TN: 1229460, FN: 182
2025-06-22 20:02:20.469046 Epoch [022/300], Step [0054/0072] (75%), Gen Loss: 1.1284, TP: 4953, FP: 442, TN: 1230785, FN: 275
2025-06-22 20:02:26.737405 Epoch [022/300], Step [0072/0072] (100%), Gen Loss: 1.1235, TP: 4258, FP: 3849, TN: 1228485, FN: 119
Starting validation...
Validation Results - Loss: 0.4723
  IoU: 0.4236
  F1-Score: 0.5951
  Precision: 0.7677
  Recall: 0.4859
  Accuracy: 0.9971
Epoch 22 completed. Learning rate: 0.000045
ðŸŽ‰ New best model saved! IoU: 0.4236, F1: 0.5951
   Saved as: ijmond_data_test_best_model.pth
--------------------Epoch: 23/300--------------------
2025-06-22 20:02:45.754875 Epoch [023/300], Step [0018/0072] (25%), Gen Loss: 1.0839, TP: 3122, FP: 566, TN: 1233054, FN: 235
2025-06-22 20:02:52.103883 Epoch [023/300], Step [0036/0072] (50%), Gen Loss: 1.0829, TP: 3493, FP: 507, TN: 1232811, FN: 122
2025-06-22 20:02:58.422250 Epoch [023/300], Step [0054/0072] (75%), Gen Loss: 1.0808, TP: 3590, FP: 224, TN: 1233107, FN: 486
2025-06-22 20:03:04.707146 Epoch [023/300], Step [0072/0072] (100%), Gen Loss: 1.0895, TP: 5042, FP: 495, TN: 1230876, FN: 234
Starting validation...
Validation Results - Loss: 0.4601
  IoU: 0.4174
  F1-Score: 0.5890
  Precision: 0.7453
  Recall: 0.4869
  Accuracy: 0.9970
Epoch 23 completed. Learning rate: 0.000045
--------------------Epoch: 24/300--------------------
2025-06-22 20:03:17.446883 Epoch [024/300], Step [0018/0072] (25%), Gen Loss: 1.0807, TP: 2720, FP: 356, TN: 1234141, FN: 56
2025-06-22 20:03:23.923580 Epoch [024/300], Step [0036/0072] (50%), Gen Loss: 1.0818, TP: 3075, FP: 706, TN: 1232953, FN: 79
2025-06-22 20:03:30.275833 Epoch [024/300], Step [0054/0072] (75%), Gen Loss: 1.0831, TP: 15406, FP: 477, TN: 1215250, FN: 4208
2025-06-22 20:03:36.558775 Epoch [024/300], Step [0072/0072] (100%), Gen Loss: 1.0871, TP: 4223, FP: 732, TN: 1231896, FN: 121
Starting validation...
Validation Results - Loss: 0.4555
  IoU: 0.4300
  F1-Score: 0.6014
  Precision: 0.7535
  Recall: 0.5004
  Accuracy: 0.9971
Epoch 24 completed. Learning rate: 0.000045
ðŸŽ‰ New best model saved! IoU: 0.4300, F1: 0.6014
   Saved as: ijmond_data_test_best_model.pth
--------------------Epoch: 25/300--------------------
2025-06-22 20:03:55.735825 Epoch [025/300], Step [0018/0072] (25%), Gen Loss: 1.0771, TP: 5790, FP: 602, TN: 1229551, FN: 322
2025-06-22 20:04:02.240083 Epoch [025/300], Step [0036/0072] (50%), Gen Loss: 1.0880, TP: 2705, FP: 539, TN: 1233913, FN: 62
2025-06-22 20:04:08.559334 Epoch [025/300], Step [0054/0072] (75%), Gen Loss: 1.1114, TP: 20864, FP: 1741, TN: 1208328, FN: 3234
2025-06-22 20:04:14.842673 Epoch [025/300], Step [0072/0072] (100%), Gen Loss: 1.1129, TP: 4174, FP: 1093, TN: 1231411, FN: 158
Starting validation...
Validation Results - Loss: 0.4682
  IoU: 0.4174
  F1-Score: 0.5890
  Precision: 0.7889
  Recall: 0.4700
  Accuracy: 0.9971
Epoch 25 completed. Learning rate: 0.000045
Checkpoint saved: ijmond_data_test_epoch_025_from_scratch.pth
--------------------Epoch: 26/300--------------------
2025-06-22 20:04:28.133242 Epoch [026/300], Step [0018/0072] (25%), Gen Loss: 1.0852, TP: 3254, FP: 550, TN: 1232682, FN: 224
2025-06-22 20:04:34.492793 Epoch [026/300], Step [0036/0072] (50%), Gen Loss: 1.0867, TP: 3250, FP: 1114, TN: 1233037, FN: 44
2025-06-22 20:04:40.810341 Epoch [026/300], Step [0054/0072] (75%), Gen Loss: 1.1396, TP: 1830, FP: 482, TN: 1235132, FN: 16
2025-06-22 20:04:47.092591 Epoch [026/300], Step [0072/0072] (100%), Gen Loss: 1.1896, TP: 5953, FP: 685, TN: 1229303, FN: 181
Starting validation...
Validation Results - Loss: 0.4543
  IoU: 0.4271
  F1-Score: 0.5985
  Precision: 0.7174
  Recall: 0.5135
  Accuracy: 0.9970
Epoch 26 completed. Learning rate changed: 0.000045 -> 0.000041
--------------------Epoch: 27/300--------------------
2025-06-22 20:05:05.033594 Epoch [027/300], Step [0018/0072] (25%), Gen Loss: 1.0950, TP: 3018, FP: 913, TN: 1233026, FN: 95
2025-06-22 20:05:11.458991 Epoch [027/300], Step [0036/0072] (50%), Gen Loss: 1.1030, TP: 6615, FP: 658, TN: 1228386, FN: 373
2025-06-22 20:05:17.774801 Epoch [027/300], Step [0054/0072] (75%), Gen Loss: 1.1015, TP: 4919, FP: 786, TN: 1230650, FN: 144
2025-06-22 20:05:24.062148 Epoch [027/300], Step [0072/0072] (100%), Gen Loss: 1.1128, TP: 7505, FP: 497, TN: 1228148, FN: 551
Starting validation...
Validation Results - Loss: 0.4566
  IoU: 0.4293
  F1-Score: 0.6007
  Precision: 0.7619
  Recall: 0.4958
  Accuracy: 0.9971
Epoch 27 completed. Learning rate: 0.000041
--------------------Epoch: 28/300--------------------
2025-06-22 20:05:37.375823 Epoch [028/300], Step [0018/0072] (25%), Gen Loss: 1.0801, TP: 3673, FP: 471, TN: 1232446, FN: 113
2025-06-22 20:05:43.709726 Epoch [028/300], Step [0036/0072] (50%), Gen Loss: 1.0739, TP: 7323, FP: 1539, TN: 1225642, FN: 1193
2025-06-22 20:05:50.026674 Epoch [028/300], Step [0054/0072] (75%), Gen Loss: 1.0608, TP: 2685, FP: 207, TN: 1234528, FN: 35
2025-06-22 20:05:56.307554 Epoch [028/300], Step [0072/0072] (100%), Gen Loss: 1.0652, TP: 3702, FP: 987, TN: 1232271, FN: 28
Starting validation...
Validation Results - Loss: 0.4563
  IoU: 0.4296
  F1-Score: 0.6010
  Precision: 0.7292
  Recall: 0.5111
  Accuracy: 0.9970
Epoch 28 completed. Learning rate: 0.000041
--------------------Epoch: 29/300--------------------
2025-06-22 20:06:15.678914 Epoch [029/300], Step [0018/0072] (25%), Gen Loss: 1.0542, TP: 3600, FP: 373, TN: 1232817, FN: 114
2025-06-22 20:06:22.013267 Epoch [029/300], Step [0036/0072] (50%), Gen Loss: 1.0666, TP: 6236, FP: 508, TN: 1229423, FN: 191
2025-06-22 20:06:28.329668 Epoch [029/300], Step [0054/0072] (75%), Gen Loss: 1.0711, TP: 3761, FP: 291, TN: 1232915, FN: 84
2025-06-22 20:06:34.610894 Epoch [029/300], Step [0072/0072] (100%), Gen Loss: 1.0609, TP: 4769, FP: 172, TN: 1231909, FN: 118
Starting validation...
Validation Results - Loss: 0.4915
  IoU: 0.4170
  F1-Score: 0.5886
  Precision: 0.7997
  Recall: 0.4656
  Accuracy: 0.9971
Epoch 29 completed. Learning rate: 0.000041
--------------------Epoch: 30/300--------------------
2025-06-22 20:06:47.972232 Epoch [030/300], Step [0018/0072] (25%), Gen Loss: 1.0509, TP: 6326, FP: 435, TN: 1229965, FN: 279
2025-06-22 20:06:54.294737 Epoch [030/300], Step [0036/0072] (50%), Gen Loss: 1.0501, TP: 18082, FP: 1904, TN: 1214396, FN: 444
2025-06-22 20:07:00.625156 Epoch [030/300], Step [0054/0072] (75%), Gen Loss: 1.0553, TP: 5167, FP: 693, TN: 1230349, FN: 117
2025-06-22 20:07:06.958323 Epoch [030/300], Step [0072/0072] (100%), Gen Loss: 1.0585, TP: 3245, FP: 548, TN: 1233165, FN: 85
Starting validation...
Validation Results - Loss: 0.4676
  IoU: 0.4255
  F1-Score: 0.5970
  Precision: 0.7455
  Recall: 0.4979
  Accuracy: 0.9970
Epoch 30 completed. Learning rate: 0.000041
Checkpoint saved: ijmond_data_test_epoch_030_from_scratch.pth
--------------------Epoch: 31/300--------------------
2025-06-22 20:07:20.072131 Epoch [031/300], Step [0018/0072] (25%), Gen Loss: 1.0491, TP: 4555, FP: 628, TN: 1231087, FN: 79
2025-06-22 20:07:26.495452 Epoch [031/300], Step [0036/0072] (50%), Gen Loss: 1.0584, TP: 16091, FP: 1108, TN: 1215135, FN: 2291
2025-06-22 20:07:32.813418 Epoch [031/300], Step [0054/0072] (75%), Gen Loss: 1.0641, TP: 8714, FP: 1661, TN: 1224572, FN: 306
2025-06-22 20:07:39.097308 Epoch [031/300], Step [0072/0072] (100%), Gen Loss: 1.0600, TP: 2640, FP: 390, TN: 1234157, FN: 49
Starting validation...
Validation Results - Loss: 0.4917
  IoU: 0.4185
  F1-Score: 0.5900
  Precision: 0.7888
  Recall: 0.4713
  Accuracy: 0.9971
Epoch 31 completed. Learning rate: 0.000041
--------------------Epoch: 32/300--------------------
2025-06-22 20:07:52.034785 Epoch [032/300], Step [0018/0072] (25%), Gen Loss: 1.0561, TP: 8447, FP: 998, TN: 1225706, FN: 418
2025-06-22 20:07:58.399150 Epoch [032/300], Step [0036/0072] (50%), Gen Loss: 1.0610, TP: 3802, FP: 516, TN: 1232363, FN: 102
2025-06-22 20:08:04.718145 Epoch [032/300], Step [0054/0072] (75%), Gen Loss: 1.2958, TP: 3880, FP: 597, TN: 1232120, FN: 33
2025-06-22 20:08:11.001233 Epoch [032/300], Step [0072/0072] (100%), Gen Loss: 1.3386, TP: 4288, FP: 597, TN: 1231896, FN: 100
Starting validation...
Validation Results - Loss: 0.4649
  IoU: 0.4278
  F1-Score: 0.5992
  Precision: 0.7560
  Recall: 0.4963
  Accuracy: 0.9971
Epoch 32 completed. Learning rate: 0.000041
--------------------Epoch: 33/300--------------------
2025-06-22 20:08:23.854817 Epoch [033/300], Step [0018/0072] (25%), Gen Loss: 1.7875, TP: 2661, FP: 380, TN: 1234180, FN: 68
2025-06-22 20:08:30.197885 Epoch [033/300], Step [0036/0072] (50%), Gen Loss: 1.6731, TP: 3986, FP: 775, TN: 1232315, FN: 18
2025-06-22 20:08:36.516714 Epoch [033/300], Step [0054/0072] (75%), Gen Loss: 2.0636, TP: 2130, FP: 316, TN: 1234906, FN: 26
2025-06-22 20:08:42.796250 Epoch [033/300], Step [0072/0072] (100%), Gen Loss: 2.5837, TP: 17696, FP: 1924, TN: 1215012, FN: 465
Starting validation...
Validation Results - Loss: 0.4851
  IoU: 0.4117
  F1-Score: 0.5832
  Precision: 0.7458
  Recall: 0.4789
  Accuracy: 0.9970
Epoch 33 completed. Learning rate changed: 0.000041 -> 0.000036
--------------------Epoch: 34/300--------------------
2025-06-22 20:08:56.166562 Epoch [034/300], Step [0018/0072] (25%), Gen Loss: 1.1015, TP: 3925, FP: 373, TN: 1231762, FN: 435
2025-06-22 20:09:02.582188 Epoch [034/300], Step [0036/0072] (50%), Gen Loss: 1.0840, TP: 9150, FP: 927, TN: 1225821, FN: 253
2025-06-22 20:09:08.901826 Epoch [034/300], Step [0054/0072] (75%), Gen Loss: 1.0671, TP: 4024, FP: 521, TN: 1232207, FN: 129
2025-06-22 20:09:15.188744 Epoch [034/300], Step [0072/0072] (100%), Gen Loss: 1.0581, TP: 2960, FP: 306, TN: 1233646, FN: 285
Starting validation...
Validation Results - Loss: 0.4753
  IoU: 0.4233
  F1-Score: 0.5948
  Precision: 0.7673
  Recall: 0.4856
  Accuracy: 0.9971
Epoch 34 completed. Learning rate: 0.000036
--------------------Epoch: 35/300--------------------
2025-06-22 20:09:28.626878 Epoch [035/300], Step [0018/0072] (25%), Gen Loss: 1.0624, TP: 18398, FP: 2358, TN: 1213979, FN: 188
2025-06-22 20:09:34.974475 Epoch [035/300], Step [0036/0072] (50%), Gen Loss: 1.0622, TP: 2779, FP: 563, TN: 1233677, FN: 69
2025-06-22 20:09:41.290745 Epoch [035/300], Step [0054/0072] (75%), Gen Loss: 1.0544, TP: 6892, FP: 1244, TN: 1228568, FN: 79
2025-06-22 20:09:47.571789 Epoch [035/300], Step [0072/0072] (100%), Gen Loss: 1.0532, TP: 22578, FP: 1543, TN: 1208243, FN: 1219
Starting validation...
Validation Results - Loss: 0.4692
  IoU: 0.4302
  F1-Score: 0.6016
  Precision: 0.7550
  Recall: 0.5000
  Accuracy: 0.9971
Epoch 35 completed. Learning rate: 0.000036
ðŸŽ‰ New best model saved! IoU: 0.4302, F1: 0.6016
   Saved as: ijmond_data_test_best_model.pth
Checkpoint saved: ijmond_data_test_epoch_035_from_scratch.pth
--------------------Epoch: 36/300--------------------
2025-06-22 20:10:01.236426 Epoch [036/300], Step [0018/0072] (25%), Gen Loss: 1.0563, TP: 5019, FP: 1028, TN: 1230445, FN: 63
2025-06-22 20:10:07.560257 Epoch [036/300], Step [0036/0072] (50%), Gen Loss: 1.0493, TP: 3354, FP: 419, TN: 1233415, FN: 32
2025-06-22 20:10:13.998234 Epoch [036/300], Step [0054/0072] (75%), Gen Loss: 1.0401, TP: 3095, FP: 391, TN: 1233845, FN: 38
2025-06-22 20:10:20.279882 Epoch [036/300], Step [0072/0072] (100%), Gen Loss: 1.0338, TP: 2286, FP: 324, TN: 1234580, FN: 77
Starting validation...
Validation Results - Loss: 0.4638
  IoU: 0.4297
  F1-Score: 0.6011
  Precision: 0.7656
  Recall: 0.4947
  Accuracy: 0.9971
Epoch 36 completed. Learning rate: 0.000036
--------------------Epoch: 37/300--------------------
2025-06-22 20:10:33.858525 Epoch [037/300], Step [0018/0072] (25%), Gen Loss: 1.0463, TP: 4099, FP: 477, TN: 1231958, FN: 48
2025-06-22 20:10:40.178887 Epoch [037/300], Step [0036/0072] (50%), Gen Loss: 1.0411, TP: 25725, FP: 1609, TN: 1206985, FN: 332
2025-06-22 20:10:46.496988 Epoch [037/300], Step [0054/0072] (75%), Gen Loss: 1.0394, TP: 3123, FP: 358, TN: 1233225, FN: 165
2025-06-22 20:10:52.781493 Epoch [037/300], Step [0072/0072] (100%), Gen Loss: 1.0372, TP: 4712, FP: 602, TN: 1231408, FN: 46
Starting validation...
Validation Results - Loss: 0.4813
  IoU: 0.4297
  F1-Score: 0.6011
  Precision: 0.7714
  Recall: 0.4925
  Accuracy: 0.9971
Epoch 37 completed. Learning rate: 0.000036
--------------------Epoch: 38/300--------------------
2025-06-22 20:11:06.164375 Epoch [038/300], Step [0018/0072] (25%), Gen Loss: 1.0297, TP: 2155, FP: 285, TN: 1234817, FN: 74
2025-06-22 20:11:12.498718 Epoch [038/300], Step [0036/0072] (50%), Gen Loss: 1.0281, TP: 3899, FP: 534, TN: 1232133, FN: 107
2025-06-22 20:11:18.815417 Epoch [038/300], Step [0054/0072] (75%), Gen Loss: 1.0356, TP: 22625, FP: 852, TN: 1210654, FN: 705
2025-06-22 20:11:25.098383 Epoch [038/300], Step [0072/0072] (100%), Gen Loss: 1.0434, TP: 4193, FP: 161, TN: 1232232, FN: 154
Starting validation...
Validation Results - Loss: 0.4645
  IoU: 0.4289
  F1-Score: 0.6003
  Precision: 0.7507
  Recall: 0.5001
  Accuracy: 0.9971
Epoch 38 completed. Learning rate: 0.000036
--------------------Epoch: 39/300--------------------
2025-06-22 20:11:38.336414 Epoch [039/300], Step [0018/0072] (25%), Gen Loss: 1.0225, TP: 2512, FP: 373, TN: 1234281, FN: 24
2025-06-22 20:11:44.657142 Epoch [039/300], Step [0036/0072] (50%), Gen Loss: 1.0263, TP: 4108, FP: 473, TN: 1232135, FN: 63
2025-06-22 20:11:50.974977 Epoch [039/300], Step [0054/0072] (75%), Gen Loss: 1.0307, TP: 22924, FP: 989, TN: 1209356, FN: 1485
2025-06-22 20:11:57.257372 Epoch [039/300], Step [0072/0072] (100%), Gen Loss: 1.0347, TP: 4544, FP: 330, TN: 1231509, FN: 104
Starting validation...
Validation Results - Loss: 0.4728
  IoU: 0.4299
  F1-Score: 0.6013
  Precision: 0.7769
  Recall: 0.4904
  Accuracy: 0.9971
Epoch 39 completed. Learning rate: 0.000036
--------------------Epoch: 40/300--------------------
2025-06-22 20:12:10.531380 Epoch [040/300], Step [0018/0072] (25%), Gen Loss: 1.0294, TP: 3525, FP: 515, TN: 1233111, FN: 22
2025-06-22 20:12:16.865876 Epoch [040/300], Step [0036/0072] (50%), Gen Loss: 1.0312, TP: 5623, FP: 224, TN: 1230657, FN: 333
2025-06-22 20:12:23.184880 Epoch [040/300], Step [0054/0072] (75%), Gen Loss: 1.0325, TP: 4969, FP: 333, TN: 1231252, FN: 103
2025-06-22 20:12:29.468902 Epoch [040/300], Step [0072/0072] (100%), Gen Loss: 1.0281, TP: 8400, FP: 687, TN: 1226845, FN: 147
Starting validation...
Validation Results - Loss: 0.4717
  IoU: 0.4248
  F1-Score: 0.5963
  Precision: 0.7587
  Recall: 0.4912
  Accuracy: 0.9971
Epoch 40 completed. Learning rate changed: 0.000036 -> 0.000033
Checkpoint saved: ijmond_data_test_epoch_040_from_scratch.pth
--------------------Epoch: 41/300--------------------
2025-06-22 20:12:41.771069 Epoch [041/300], Step [0018/0072] (25%), Gen Loss: 1.0243, TP: 2066, FP: 410, TN: 1234824, FN: 69
2025-06-22 20:12:48.489343 Epoch [041/300], Step [0036/0072] (50%), Gen Loss: 1.0275, TP: 21565, FP: 519, TN: 1212222, FN: 1151
2025-06-22 20:12:54.809825 Epoch [041/300], Step [0054/0072] (75%), Gen Loss: 1.0281, TP: 2354, FP: 251, TN: 1234792, FN: 26
2025-06-22 20:13:01.097096 Epoch [041/300], Step [0072/0072] (100%), Gen Loss: 1.0184, TP: 9784, FP: 499, TN: 1225164, FN: 385
Starting validation...
Validation Results - Loss: 0.4818
  IoU: 0.4248
  F1-Score: 0.5963
  Precision: 0.7773
  Recall: 0.4837
  Accuracy: 0.9971
Epoch 41 completed. Learning rate: 0.000033
--------------------Epoch: 42/300--------------------
2025-06-22 20:13:13.924538 Epoch [042/300], Step [0018/0072] (25%), Gen Loss: 1.0207, TP: 4723, FP: 217, TN: 1231822, FN: 233
2025-06-22 20:13:20.444411 Epoch [042/300], Step [0036/0072] (50%), Gen Loss: 1.0214, TP: 5013, FP: 258, TN: 1231736, FN: 112
2025-06-22 20:13:26.762851 Epoch [042/300], Step [0054/0072] (75%), Gen Loss: 1.0182, TP: 3639, FP: 268, TN: 1232814, FN: 68
2025-06-22 20:13:33.031113 Epoch [042/300], Step [0072/0072] (100%), Gen Loss: 1.0172, TP: 4755, FP: 320, TN: 1231437, FN: 75
Starting validation...
Validation Results - Loss: 0.4820
  IoU: 0.4278
  F1-Score: 0.5992
  Precision: 0.7649
  Recall: 0.4926
  Accuracy: 0.9971
Epoch 42 completed. Learning rate: 0.000033
--------------------Epoch: 43/300--------------------
2025-06-22 20:13:46.471251 Epoch [043/300], Step [0018/0072] (25%), Gen Loss: 1.0141, TP: 7842, FP: 378, TN: 1228054, FN: 212
2025-06-22 20:13:52.791536 Epoch [043/300], Step [0036/0072] (50%), Gen Loss: 1.0187, TP: 4867, FP: 324, TN: 1231632, FN: 26
2025-06-22 20:13:59.106415 Epoch [043/300], Step [0054/0072] (75%), Gen Loss: 1.0232, TP: 4531, FP: 331, TN: 1231260, FN: 587
2025-06-22 20:14:05.375505 Epoch [043/300], Step [0072/0072] (100%), Gen Loss: 1.0287, TP: 26304, FP: 1709, TN: 1205972, FN: 301
Starting validation...
Validation Results - Loss: 0.5007
  IoU: 0.4192
  F1-Score: 0.5907
  Precision: 0.8057
  Recall: 0.4663
  Accuracy: 0.9971
Epoch 43 completed. Learning rate: 0.000033
--------------------Epoch: 44/300--------------------
2025-06-22 20:14:17.701022 Epoch [044/300], Step [0018/0072] (25%), Gen Loss: 1.0165, TP: 3660, FP: 685, TN: 1233111, FN: 13
2025-06-22 20:14:24.332857 Epoch [044/300], Step [0036/0072] (50%), Gen Loss: 1.0204, TP: 2648, FP: 200, TN: 1234504, FN: 125
2025-06-22 20:14:30.649784 Epoch [044/300], Step [0054/0072] (75%), Gen Loss: 1.0276, TP: 3589, FP: 346, TN: 1232552, FN: 223
2025-06-22 20:14:36.921311 Epoch [044/300], Step [0072/0072] (100%), Gen Loss: 1.0279, TP: 4031, FP: 395, TN: 1232182, FN: 100
Starting validation...
Validation Results - Loss: 0.4692
  IoU: 0.4296
  F1-Score: 0.6010
  Precision: 0.7477
  Recall: 0.5025
  Accuracy: 0.9970
Epoch 44 completed. Learning rate: 0.000033
--------------------Epoch: 45/300--------------------
2025-06-22 20:14:49.689453 Epoch [045/300], Step [0018/0072] (25%), Gen Loss: 1.0185, TP: 3912, FP: 374, TN: 1232500, FN: 29
2025-06-22 20:14:56.138808 Epoch [045/300], Step [0036/0072] (50%), Gen Loss: 1.0154, TP: 2728, FP: 239, TN: 1234397, FN: 47
2025-06-22 20:15:02.471055 Epoch [045/300], Step [0054/0072] (75%), Gen Loss: 1.0161, TP: 7389, FP: 573, TN: 1228585, FN: 90
2025-06-22 20:15:08.797626 Epoch [045/300], Step [0072/0072] (100%), Gen Loss: 1.0266, TP: 4111, FP: 317, TN: 1232500, FN: 62
Starting validation...
Validation Results - Loss: 0.4803
  IoU: 0.4366
  F1-Score: 0.6078
  Precision: 0.7854
  Recall: 0.4957
  Accuracy: 0.9972
Epoch 45 completed. Learning rate: 0.000033
ðŸŽ‰ New best model saved! IoU: 0.4366, F1: 0.6078
   Saved as: ijmond_data_test_best_model.pth
Checkpoint saved: ijmond_data_test_epoch_045_from_scratch.pth
--------------------Epoch: 46/300--------------------
2025-06-22 20:15:22.494696 Epoch [046/300], Step [0018/0072] (25%), Gen Loss: 1.0182, TP: 3490, FP: 273, TN: 1233285, FN: 23
2025-06-22 20:15:28.875928 Epoch [046/300], Step [0036/0072] (50%), Gen Loss: 1.0199, TP: 16522, FP: 922, TN: 1217657, FN: 357
2025-06-22 20:15:35.194708 Epoch [046/300], Step [0054/0072] (75%), Gen Loss: 1.0237, TP: 4555, FP: 248, TN: 1231583, FN: 175
2025-06-22 20:15:41.465685 Epoch [046/300], Step [0072/0072] (100%), Gen Loss: 1.0266, TP: 4432, FP: 619, TN: 1231459, FN: 26
Starting validation...
Validation Results - Loss: 0.4960
  IoU: 0.4240
  F1-Score: 0.5955
  Precision: 0.7783
  Recall: 0.4822
  Accuracy: 0.9971
Epoch 46 completed. Learning rate: 0.000033
--------------------Epoch: 47/300--------------------
2025-06-22 20:15:54.327923 Epoch [047/300], Step [0018/0072] (25%), Gen Loss: 1.0334, TP: 3632, FP: 195, TN: 1233303, FN: 20
2025-06-22 20:16:00.696067 Epoch [047/300], Step [0036/0072] (50%), Gen Loss: 1.0267, TP: 4072, FP: 228, TN: 1232375, FN: 93
2025-06-22 20:16:07.017247 Epoch [047/300], Step [0054/0072] (75%), Gen Loss: 1.0213, TP: 25804, FP: 705, TN: 1207154, FN: 881
2025-06-22 20:16:13.287935 Epoch [047/300], Step [0072/0072] (100%), Gen Loss: 1.0278, TP: 2044, FP: 331, TN: 1235299, FN: 1
Starting validation...
Validation Results - Loss: 0.4946
  IoU: 0.4233
  F1-Score: 0.5948
  Precision: 0.7522
  Recall: 0.4918
  Accuracy: 0.9970
Epoch 47 completed. Learning rate changed: 0.000033 -> 0.000030
--------------------Epoch: 48/300--------------------
2025-06-22 20:16:26.648831 Epoch [048/300], Step [0018/0072] (25%), Gen Loss: 1.0305, TP: 3354, FP: 361, TN: 1233239, FN: 46
2025-06-22 20:16:32.986810 Epoch [048/300], Step [0036/0072] (50%), Gen Loss: 1.0207, TP: 3494, FP: 130, TN: 1233331, FN: 85
2025-06-22 20:16:39.436007 Epoch [048/300], Step [0054/0072] (75%), Gen Loss: 1.0114, TP: 3178, FP: 257, TN: 1233559, FN: 7
2025-06-22 20:16:45.760628 Epoch [048/300], Step [0072/0072] (100%), Gen Loss: 1.0070, TP: 5726, FP: 467, TN: 1230250, FN: 36
Starting validation...
Validation Results - Loss: 0.4967
  IoU: 0.4243
  F1-Score: 0.5958
  Precision: 0.7786
  Recall: 0.4825
  Accuracy: 0.9971
Epoch 48 completed. Learning rate: 0.000030
--------------------Epoch: 49/300--------------------
2025-06-22 20:16:59.054531 Epoch [049/300], Step [0018/0072] (25%), Gen Loss: 1.0144, TP: 4503, FP: 344, TN: 1232137, FN: 20
2025-06-22 20:17:05.471285 Epoch [049/300], Step [0036/0072] (50%), Gen Loss: 1.0188, TP: 13306, FP: 450, TN: 1221121, FN: 374
2025-06-22 20:17:11.787881 Epoch [049/300], Step [0054/0072] (75%), Gen Loss: 1.0156, TP: 25892, FP: 800, TN: 1206688, FN: 626
2025-06-22 20:17:18.063888 Epoch [049/300], Step [0072/0072] (100%), Gen Loss: 1.0126, TP: 6626, FP: 325, TN: 1229566, FN: 52
Starting validation...
Validation Results - Loss: 0.4994
  IoU: 0.4274
  F1-Score: 0.5989
  Precision: 0.7971
  Recall: 0.4796
  Accuracy: 0.9972
Epoch 49 completed. Learning rate: 0.000030
--------------------Epoch: 50/300--------------------
2025-06-22 20:17:31.141142 Epoch [050/300], Step [0018/0072] (25%), Gen Loss: 1.0214, TP: 4401, FP: 286, TN: 1232148, FN: 43
2025-06-22 20:17:37.490122 Epoch [050/300], Step [0036/0072] (50%), Gen Loss: 1.0152, TP: 4855, FP: 233, TN: 1231300, FN: 88
2025-06-22 20:17:43.805421 Epoch [050/300], Step [0054/0072] (75%), Gen Loss: 1.0129, TP: 4123, FP: 519, TN: 1232147, FN: 26
2025-06-22 20:17:50.078055 Epoch [050/300], Step [0072/0072] (100%), Gen Loss: 1.0145, TP: 5488, FP: 295, TN: 1230477, FN: 101
Starting validation...
Validation Results - Loss: 0.5006
  IoU: 0.4227
  F1-Score: 0.5942
  Precision: 0.7853
  Recall: 0.4779
  Accuracy: 0.9971
Epoch 50 completed. Learning rate: 0.000030
Checkpoint saved: ijmond_data_test_epoch_050_from_scratch.pth
--------------------Epoch: 51/300--------------------
2025-06-22 20:18:03.936510 Epoch [051/300], Step [0018/0072] (25%), Gen Loss: 1.0235, TP: 3063, FP: 261, TN: 1233832, FN: 24
2025-06-22 20:18:10.255274 Epoch [051/300], Step [0036/0072] (50%), Gen Loss: 1.0286, TP: 15626, FP: 999, TN: 1218400, FN: 655
2025-06-22 20:18:16.572919 Epoch [051/300], Step [0054/0072] (75%), Gen Loss: 1.0239, TP: 3661, FP: 356, TN: 1232748, FN: 69
2025-06-22 20:18:22.841314 Epoch [051/300], Step [0072/0072] (100%), Gen Loss: 1.0133, TP: 4318, FP: 339, TN: 1232060, FN: 23
Starting validation...
Validation Results - Loss: 0.4979
  IoU: 0.4320
  F1-Score: 0.6034
  Precision: 0.7682
  Recall: 0.4968
  Accuracy: 0.9971
Epoch 51 completed. Learning rate: 0.000030
--------------------Epoch: 52/300--------------------
2025-06-22 20:18:36.053949 Epoch [052/300], Step [0018/0072] (25%), Gen Loss: 1.0187, TP: 5819, FP: 228, TN: 1230580, FN: 11
2025-06-22 20:18:42.374215 Epoch [052/300], Step [0036/0072] (50%), Gen Loss: 1.0260, TP: 28132, FP: 825, TN: 1203236, FN: 1219
2025-06-22 20:18:48.691152 Epoch [052/300], Step [0054/0072] (75%), Gen Loss: 1.0220, TP: 4002, FP: 332, TN: 1232276, FN: 53
2025-06-22 20:18:54.960967 Epoch [052/300], Step [0072/0072] (100%), Gen Loss: 1.0167, TP: 3718, FP: 529, TN: 1232077, FN: 56
Starting validation...
Validation Results - Loss: 0.5083
  IoU: 0.4207
  F1-Score: 0.5922
  Precision: 0.7954
  Recall: 0.4717
  Accuracy: 0.9971
Epoch 52 completed. Learning rate: 0.000030
--------------------Epoch: 53/300--------------------
2025-06-22 20:19:08.237729 Epoch [053/300], Step [0018/0072] (25%), Gen Loss: 1.0132, TP: 2491, FP: 342, TN: 1234281, FN: 27
2025-06-22 20:19:14.573489 Epoch [053/300], Step [0036/0072] (50%), Gen Loss: 1.0126, TP: 4143, FP: 119, TN: 1233100, FN: 21
2025-06-22 20:19:20.889686 Epoch [053/300], Step [0054/0072] (75%), Gen Loss: 1.0187, TP: 21754, FP: 637, TN: 1212042, FN: 707
2025-06-22 20:19:27.177266 Epoch [053/300], Step [0072/0072] (100%), Gen Loss: 1.0160, TP: 9985, FP: 193, TN: 1225849, FN: 170
Starting validation...
Validation Results - Loss: 0.4962
  IoU: 0.4269
  F1-Score: 0.5984
  Precision: 0.7856
  Recall: 0.4832
  Accuracy: 0.9971
Epoch 53 completed. Learning rate: 0.000030
--------------------Epoch: 54/300--------------------
2025-06-22 20:19:40.427161 Epoch [054/300], Step [0018/0072] (25%), Gen Loss: 1.0174, TP: 23395, FP: 701, TN: 1210059, FN: 596
2025-06-22 20:19:46.824564 Epoch [054/300], Step [0036/0072] (50%), Gen Loss: 1.0182, TP: 2493, FP: 297, TN: 1234497, FN: 17
2025-06-22 20:19:53.142745 Epoch [054/300], Step [0054/0072] (75%), Gen Loss: 1.0148, TP: 3593, FP: 488, TN: 1232685, FN: 32
2025-06-22 20:19:59.426031 Epoch [054/300], Step [0072/0072] (100%), Gen Loss: 1.0214, TP: 3258, FP: 271, TN: 1233552, FN: 15
Starting validation...
Validation Results - Loss: 0.4857
  IoU: 0.4305
  F1-Score: 0.6019
  Precision: 0.7503
  Recall: 0.5024
  Accuracy: 0.9971
Epoch 54 completed. Learning rate changed: 0.000030 -> 0.000027
--------------------Epoch: 55/300--------------------
2025-06-22 20:20:13.067127 Epoch [055/300], Step [0018/0072] (25%), Gen Loss: 1.0084, TP: 3199, FP: 252, TN: 1233456, FN: 38
2025-06-22 20:20:19.388108 Epoch [055/300], Step [0036/0072] (50%), Gen Loss: 1.0126, TP: 2939, FP: 190, TN: 1234385, FN: 12
2025-06-22 20:20:25.707453 Epoch [055/300], Step [0054/0072] (75%), Gen Loss: 1.0158, TP: 4560, FP: 364, TN: 1231705, FN: 54
2025-06-22 20:20:31.990787 Epoch [055/300], Step [0072/0072] (100%), Gen Loss: 1.0100, TP: 6406, FP: 365, TN: 1229732, FN: 76
Starting validation...
Validation Results - Loss: 0.4947
  IoU: 0.4225
  F1-Score: 0.5940
  Precision: 0.7534
  Recall: 0.4902
  Accuracy: 0.9970
Epoch 55 completed. Learning rate: 0.000027
Checkpoint saved: ijmond_data_test_epoch_055_from_scratch.pth
--------------------Epoch: 56/300--------------------
2025-06-22 20:20:45.465195 Epoch [056/300], Step [0018/0072] (25%), Gen Loss: 1.0085, TP: 4317, FP: 226, TN: 1232504, FN: 52
2025-06-22 20:20:51.788626 Epoch [056/300], Step [0036/0072] (50%), Gen Loss: 1.0034, TP: 2760, FP: 207, TN: 1234060, FN: 32
2025-06-22 20:20:58.107384 Epoch [056/300], Step [0054/0072] (75%), Gen Loss: 1.0070, TP: 1956, FP: 167, TN: 1235541, FN: 3
2025-06-22 20:21:04.389240 Epoch [056/300], Step [0072/0072] (100%), Gen Loss: 1.0104, TP: 17746, FP: 987, TN: 1215088, FN: 556
Starting validation...
Validation Results - Loss: 0.5026
  IoU: 0.4271
  F1-Score: 0.5986
  Precision: 0.7740
  Recall: 0.4879
  Accuracy: 0.9971
Epoch 56 completed. Learning rate: 0.000027
--------------------Epoch: 57/300--------------------
2025-06-22 20:21:17.312084 Epoch [057/300], Step [0018/0072] (25%), Gen Loss: 1.0016, TP: 3530, FP: 279, TN: 1233105, FN: 32
2025-06-22 20:21:23.653797 Epoch [057/300], Step [0036/0072] (50%), Gen Loss: 1.0039, TP: 5721, FP: 440, TN: 1230531, FN: 39
2025-06-22 20:21:29.971663 Epoch [057/300], Step [0054/0072] (75%), Gen Loss: 1.0114, TP: 3116, FP: 261, TN: 1233612, FN: 31
2025-06-22 20:21:36.253610 Epoch [057/300], Step [0072/0072] (100%), Gen Loss: 1.0183, TP: 2036, FP: 251, TN: 1235211, FN: 9
Starting validation...
Validation Results - Loss: 0.5011
  IoU: 0.4312
  F1-Score: 0.6025
  Precision: 0.7654
  Recall: 0.4968
  Accuracy: 0.9971
Epoch 57 completed. Learning rate: 0.000027
--------------------Epoch: 58/300--------------------
2025-06-22 20:21:49.329648 Epoch [058/300], Step [0018/0072] (25%), Gen Loss: 1.0204, TP: 1841, FP: 343, TN: 1235255, FN: 9
2025-06-22 20:21:55.716944 Epoch [058/300], Step [0036/0072] (50%), Gen Loss: 1.0134, TP: 3156, FP: 180, TN: 1233713, FN: 36
2025-06-22 20:22:02.035331 Epoch [058/300], Step [0054/0072] (75%), Gen Loss: 1.0095, TP: 5059, FP: 311, TN: 1231401, FN: 81
2025-06-22 20:22:08.321252 Epoch [058/300], Step [0072/0072] (100%), Gen Loss: 1.0093, TP: 2733, FP: 330, TN: 1234185, FN: 30
Starting validation...
Validation Results - Loss: 0.5098
  IoU: 0.4322
  F1-Score: 0.6036
  Precision: 0.7884
  Recall: 0.4890
  Accuracy: 0.9972
Epoch 58 completed. Learning rate: 0.000027
--------------------Epoch: 59/300--------------------
2025-06-22 20:22:21.653825 Epoch [059/300], Step [0018/0072] (25%), Gen Loss: 1.0799, TP: 2822, FP: 216, TN: 1234218, FN: 35
2025-06-22 20:22:27.977891 Epoch [059/300], Step [0036/0072] (50%), Gen Loss: 1.9538, TP: 3346, FP: 248, TN: 1233267, FN: 11
2025-06-22 20:22:34.298415 Epoch [059/300], Step [0054/0072] (75%), Gen Loss: 3.8577, TP: 22775, FP: 506, TN: 1211419, FN: 551
2025-06-22 20:22:40.581332 Epoch [059/300], Step [0072/0072] (100%), Gen Loss: 4.1525, TP: 3282, FP: 391, TN: 1233452, FN: 18
Starting validation...
Validation Results - Loss: 0.5086
  IoU: 0.4286
  F1-Score: 0.6000
  Precision: 0.7983
  Recall: 0.4806
  Accuracy: 0.9972
Epoch 59 completed. Learning rate: 0.000027
--------------------Epoch: 60/300--------------------
2025-06-22 20:22:54.048690 Epoch [060/300], Step [0018/0072] (25%), Gen Loss: 1.3040, TP: 2669, FP: 213, TN: 1234475, FN: 5
2025-06-22 20:23:00.451381 Epoch [060/300], Step [0036/0072] (50%), Gen Loss: 1.2201, TP: 2540, FP: 165, TN: 1234653, FN: 31
2025-06-22 20:23:06.772795 Epoch [060/300], Step [0054/0072] (75%), Gen Loss: 1.1097, TP: 2663, FP: 235, TN: 1234409, FN: 14
2025-06-22 20:23:13.056023 Epoch [060/300], Step [0072/0072] (100%), Gen Loss: 1.0745, TP: 2848, FP: 250, TN: 1233821, FN: 39
Starting validation...
Validation Results - Loss: 0.5000
  IoU: 0.4343
  F1-Score: 0.6056
  Precision: 0.7617
  Recall: 0.5027
  Accuracy: 0.9971
Epoch 60 completed. Learning rate: 0.000027
Checkpoint saved: ijmond_data_test_epoch_060_from_scratch.pth
--------------------Epoch: 61/300--------------------
2025-06-22 20:23:26.264898 Epoch [061/300], Step [0018/0072] (25%), Gen Loss: 1.0630, TP: 4168, FP: 110, TN: 1232430, FN: 104
2025-06-22 20:23:32.605512 Epoch [061/300], Step [0036/0072] (50%), Gen Loss: 1.0624, TP: 2621, FP: 301, TN: 1234145, FN: 28
2025-06-22 20:23:38.924425 Epoch [061/300], Step [0054/0072] (75%), Gen Loss: 1.0438, TP: 3779, FP: 265, TN: 1232914, FN: 24
2025-06-22 20:23:45.206115 Epoch [061/300], Step [0072/0072] (100%), Gen Loss: 1.0338, TP: 5339, FP: 573, TN: 1230161, FN: 80
Starting validation...
Validation Results - Loss: 0.5059
  IoU: 0.4273
  F1-Score: 0.5987
  Precision: 0.7851
  Recall: 0.4839
  Accuracy: 0.9971
Epoch 61 completed. Learning rate changed: 0.000027 -> 0.000024
--------------------Epoch: 62/300--------------------
2025-06-22 20:23:58.493131 Epoch [062/300], Step [0018/0072] (25%), Gen Loss: 1.0490, TP: 2389, FP: 230, TN: 1234935, FN: 4
2025-06-22 20:24:04.815721 Epoch [062/300], Step [0036/0072] (50%), Gen Loss: 1.0276, TP: 5397, FP: 218, TN: 1230987, FN: 131
2025-06-22 20:24:11.140976 Epoch [062/300], Step [0054/0072] (75%), Gen Loss: 1.0237, TP: 22674, FP: 396, TN: 1211468, FN: 734
2025-06-22 20:24:17.422071 Epoch [062/300], Step [0072/0072] (100%), Gen Loss: 1.0150, TP: 8511, FP: 422, TN: 1227229, FN: 91
Starting validation...
Validation Results - Loss: 0.5124
  IoU: 0.4309
  F1-Score: 0.6023
  Precision: 0.7820
  Recall: 0.4897
  Accuracy: 0.9971
Epoch 62 completed. Learning rate: 0.000024
--------------------Epoch: 63/300--------------------
2025-06-22 20:24:29.748184 Epoch [063/300], Step [0018/0072] (25%), Gen Loss: 1.0210, TP: 3338, FP: 486, TN: 1233084, FN: 2
2025-06-22 20:24:36.392152 Epoch [063/300], Step [0036/0072] (50%), Gen Loss: 1.0155, TP: 2894, FP: 184, TN: 1234215, FN: 8
2025-06-22 20:24:42.711557 Epoch [063/300], Step [0054/0072] (75%), Gen Loss: 1.0126, TP: 6583, FP: 441, TN: 1228910, FN: 37
2025-06-22 20:24:48.992200 Epoch [063/300], Step [0072/0072] (100%), Gen Loss: 1.0045, TP: 5335, FP: 400, TN: 1230339, FN: 44
Starting validation...
Validation Results - Loss: 0.5153
  IoU: 0.4273
  F1-Score: 0.5987
  Precision: 0.7949
  Recall: 0.4802
  Accuracy: 0.9972
Epoch 63 completed. Learning rate: 0.000024
--------------------Epoch: 64/300--------------------
2025-06-22 20:25:01.684144 Epoch [064/300], Step [0018/0072] (25%), Gen Loss: 1.0004, TP: 2236, FP: 205, TN: 1234739, FN: 26
2025-06-22 20:25:08.207898 Epoch [064/300], Step [0036/0072] (50%), Gen Loss: 1.0034, TP: 7724, FP: 216, TN: 1227997, FN: 173
2025-06-22 20:25:14.529705 Epoch [064/300], Step [0054/0072] (75%), Gen Loss: 1.0009, TP: 2875, FP: 332, TN: 1233547, FN: 103
2025-06-22 20:25:20.814336 Epoch [064/300], Step [0072/0072] (100%), Gen Loss: 0.9964, TP: 3766, FP: 280, TN: 1233163, FN: 21
Starting validation...
Validation Results - Loss: 0.5143
  IoU: 0.4324
  F1-Score: 0.6038
  Precision: 0.7960
  Recall: 0.4863
  Accuracy: 0.9972
Epoch 64 completed. Learning rate: 0.000024
--------------------Epoch: 65/300--------------------
2025-06-22 20:25:34.019681 Epoch [065/300], Step [0018/0072] (25%), Gen Loss: 0.9991, TP: 19321, FP: 551, TN: 1213814, FN: 494
2025-06-22 20:25:40.358793 Epoch [065/300], Step [0036/0072] (50%), Gen Loss: 0.9994, TP: 2515, FP: 296, TN: 1234553, FN: 3
2025-06-22 20:25:46.678491 Epoch [065/300], Step [0054/0072] (75%), Gen Loss: 1.0029, TP: 1562, FP: 215, TN: 1235746, FN: 9
2025-06-22 20:25:52.973155 Epoch [065/300], Step [0072/0072] (100%), Gen Loss: 1.0074, TP: 3614, FP: 252, TN: 1233043, FN: 51
Starting validation...
Validation Results - Loss: 0.5220
  IoU: 0.4283
  F1-Score: 0.5998
  Precision: 0.8153
  Recall: 0.4744
  Accuracy: 0.9972
Epoch 65 completed. Learning rate: 0.000024
Checkpoint saved: ijmond_data_test_epoch_065_from_scratch.pth
--------------------Epoch: 66/300--------------------
2025-06-22 20:26:06.677590 Epoch [066/300], Step [0018/0072] (25%), Gen Loss: 1.0057, TP: 2080, FP: 155, TN: 1235259, FN: 16
2025-06-22 20:26:13.083859 Epoch [066/300], Step [0036/0072] (50%), Gen Loss: 0.9990, TP: 8885, FP: 1120, TN: 1225102, FN: 92
2025-06-22 20:26:19.401463 Epoch [066/300], Step [0054/0072] (75%), Gen Loss: 0.9967, TP: 10880, FP: 294, TN: 1224133, FN: 442
2025-06-22 20:26:25.682706 Epoch [066/300], Step [0072/0072] (100%), Gen Loss: 0.9941, TP: 3429, FP: 213, TN: 1233479, FN: 7
Starting validation...
Validation Results - Loss: 0.5000
  IoU: 0.4293
  F1-Score: 0.6007
  Precision: 0.7423
  Recall: 0.5044
  Accuracy: 0.9970
Epoch 66 completed. Learning rate: 0.000024
--------------------Epoch: 67/300--------------------
2025-06-22 20:26:39.102933 Epoch [067/300], Step [0018/0072] (25%), Gen Loss: 0.9900, TP: 4387, FP: 319, TN: 1231852, FN: 58
2025-06-22 20:26:45.441458 Epoch [067/300], Step [0036/0072] (50%), Gen Loss: 0.9952, TP: 3373, FP: 216, TN: 1233034, FN: 48
2025-06-22 20:26:51.760163 Epoch [067/300], Step [0054/0072] (75%), Gen Loss: 0.9938, TP: 4120, FP: 261, TN: 1232173, FN: 39
2025-06-22 20:26:58.043091 Epoch [067/300], Step [0072/0072] (100%), Gen Loss: 1.0011, TP: 4216, FP: 380, TN: 1231845, FN: 24
Starting validation...
Validation Results - Loss: 0.5114
  IoU: 0.4307
  F1-Score: 0.6020
  Precision: 0.7857
  Recall: 0.4880
  Accuracy: 0.9971
Epoch 67 completed. Learning rate: 0.000024
--------------------Epoch: 68/300--------------------
2025-06-22 20:27:11.507349 Epoch [068/300], Step [0018/0072] (25%), Gen Loss: 1.0146, TP: 23266, FP: 810, TN: 1210862, FN: 171
2025-06-22 20:27:17.830027 Epoch [068/300], Step [0036/0072] (50%), Gen Loss: 1.0028, TP: 1878, FP: 181, TN: 1235516, FN: 8
2025-06-22 20:27:24.150273 Epoch [068/300], Step [0054/0072] (75%), Gen Loss: 0.9939, TP: 3806, FP: 370, TN: 1232352, FN: 91
2025-06-22 20:27:30.432810 Epoch [068/300], Step [0072/0072] (100%), Gen Loss: 0.9933, TP: 2482, FP: 192, TN: 1234885, FN: 4
Starting validation...
Validation Results - Loss: 0.5107
  IoU: 0.4348
  F1-Score: 0.6061
  Precision: 0.7810
  Recall: 0.4952
  Accuracy: 0.9972
Epoch 68 completed. Learning rate changed: 0.000024 -> 0.000022
--------------------Epoch: 69/300--------------------
2025-06-22 20:27:43.608615 Epoch [069/300], Step [0018/0072] (25%), Gen Loss: 0.9805, TP: 4882, FP: 125, TN: 1232149, FN: 29
2025-06-22 20:27:49.954394 Epoch [069/300], Step [0036/0072] (50%), Gen Loss: 0.9839, TP: 7092, FP: 289, TN: 1228782, FN: 74
2025-06-22 20:27:56.272300 Epoch [069/300], Step [0054/0072] (75%), Gen Loss: 0.9854, TP: 4360, FP: 145, TN: 1232428, FN: 122
2025-06-22 20:28:02.554981 Epoch [069/300], Step [0072/0072] (100%), Gen Loss: 0.9998, TP: 41719, FP: 1161, TN: 1186520, FN: 1249
Starting validation...
Validation Results - Loss: 0.5016
  IoU: 0.4318
  F1-Score: 0.6032
  Precision: 0.7525
  Recall: 0.5033
  Accuracy: 0.9971
Epoch 69 completed. Learning rate: 0.000022
--------------------Epoch: 70/300--------------------
2025-06-22 20:28:15.929954 Epoch [070/300], Step [0018/0072] (25%), Gen Loss: 0.9850, TP: 2572, FP: 142, TN: 1234713, FN: 14
2025-06-22 20:28:22.250278 Epoch [070/300], Step [0036/0072] (50%), Gen Loss: 0.9946, TP: 3765, FP: 147, TN: 1233323, FN: 18
2025-06-22 20:28:28.570871 Epoch [070/300], Step [0054/0072] (75%), Gen Loss: 0.9967, TP: 17259, FP: 1633, TN: 1213727, FN: 427
2025-06-22 20:28:34.854074 Epoch [070/300], Step [0072/0072] (100%), Gen Loss: 0.9894, TP: 4145, FP: 248, TN: 1232485, FN: 36
Starting validation...
Validation Results - Loss: 0.5148
  IoU: 0.4331
  F1-Score: 0.6044
  Precision: 0.7866
  Recall: 0.4908
  Accuracy: 0.9972
Epoch 70 completed. Learning rate: 0.000022
Checkpoint saved: ijmond_data_test_epoch_070_from_scratch.pth
--------------------Epoch: 71/300--------------------
2025-06-22 20:28:47.775475 Epoch [071/300], Step [0018/0072] (25%), Gen Loss: 0.9801, TP: 3779, FP: 80, TN: 1233274, FN: 46
2025-06-22 20:28:54.312660 Epoch [071/300], Step [0036/0072] (50%), Gen Loss: 0.9931, TP: 3869, FP: 162, TN: 1233589, FN: 40
2025-06-22 20:29:00.629719 Epoch [071/300], Step [0054/0072] (75%), Gen Loss: 0.9968, TP: 8557, FP: 490, TN: 1226817, FN: 60
2025-06-22 20:29:06.911084 Epoch [071/300], Step [0072/0072] (100%), Gen Loss: 1.0029, TP: 5495, FP: 143, TN: 1231018, FN: 94
Starting validation...
Validation Results - Loss: 0.5157
  IoU: 0.4380
  F1-Score: 0.6092
  Precision: 0.7892
  Recall: 0.4961
  Accuracy: 0.9972
Epoch 71 completed. Learning rate: 0.000022
ðŸŽ‰ New best model saved! IoU: 0.4380, F1: 0.6092
   Saved as: ijmond_data_test_best_model.pth
--------------------Epoch: 72/300--------------------
2025-06-22 20:29:20.466447 Epoch [072/300], Step [0018/0072] (25%), Gen Loss: 0.9916, TP: 3418, FP: 338, TN: 1233048, FN: 28
2025-06-22 20:29:26.789800 Epoch [072/300], Step [0036/0072] (50%), Gen Loss: 0.9876, TP: 2423, FP: 206, TN: 1235088, FN: 4
2025-06-22 20:29:33.106035 Epoch [072/300], Step [0054/0072] (75%), Gen Loss: 0.9904, TP: 2645, FP: 164, TN: 1234214, FN: 77
2025-06-22 20:29:39.376488 Epoch [072/300], Step [0072/0072] (100%), Gen Loss: 0.9958, TP: 5495, FP: 183, TN: 1231491, FN: 42
Starting validation...
Validation Results - Loss: 0.5206
  IoU: 0.4338
  F1-Score: 0.6051
  Precision: 0.7936
  Recall: 0.4889
  Accuracy: 0.9972
Epoch 72 completed. Learning rate: 0.000022
--------------------Epoch: 73/300--------------------
2025-06-22 20:29:52.583711 Epoch [073/300], Step [0018/0072] (25%), Gen Loss: 0.9999, TP: 24251, FP: 510, TN: 1209378, FN: 369
2025-06-22 20:29:58.916663 Epoch [073/300], Step [0036/0072] (50%), Gen Loss: 0.9979, TP: 3810, FP: 136, TN: 1233191, FN: 24
2025-06-22 20:30:05.234270 Epoch [073/300], Step [0054/0072] (75%), Gen Loss: 0.9897, TP: 10377, FP: 244, TN: 1225217, FN: 142
2025-06-22 20:30:11.507090 Epoch [073/300], Step [0072/0072] (100%), Gen Loss: 0.9868, TP: 3399, FP: 189, TN: 1233149, FN: 29
Starting validation...
Validation Results - Loss: 0.5120
  IoU: 0.4329
  F1-Score: 0.6042
  Precision: 0.7789
  Recall: 0.4935
  Accuracy: 0.9971
Epoch 73 completed. Learning rate: 0.000022
--------------------Epoch: 74/300--------------------
2025-06-22 20:30:25.067830 Epoch [074/300], Step [0018/0072] (25%), Gen Loss: 0.9893, TP: 3059, FP: 141, TN: 1234039, FN: 14
2025-06-22 20:30:31.385882 Epoch [074/300], Step [0036/0072] (50%), Gen Loss: 0.9920, TP: 3330, FP: 131, TN: 1233497, FN: 71
2025-06-22 20:30:37.699247 Epoch [074/300], Step [0054/0072] (75%), Gen Loss: 0.9906, TP: 24252, FP: 515, TN: 1209584, FN: 359
2025-06-22 20:30:43.967083 Epoch [074/300], Step [0072/0072] (100%), Gen Loss: 0.9988, TP: 15603, FP: 842, TN: 1218498, FN: 290
Starting validation...
Validation Results - Loss: 0.5205
  IoU: 0.4358
  F1-Score: 0.6071
  Precision: 0.7988
  Recall: 0.4896
  Accuracy: 0.9972
Epoch 74 completed. Learning rate: 0.000022
--------------------Epoch: 75/300--------------------
2025-06-22 20:30:57.215724 Epoch [075/300], Step [0018/0072] (25%), Gen Loss: 1.0742, TP: 2600, FP: 368, TN: 1234168, FN: 3
2025-06-22 20:31:03.578780 Epoch [075/300], Step [0036/0072] (50%), Gen Loss: 1.0427, TP: 3465, FP: 324, TN: 1233017, FN: 17
2025-06-22 20:31:09.897852 Epoch [075/300], Step [0054/0072] (75%), Gen Loss: 1.0224, TP: 2670, FP: 110, TN: 1234619, FN: 2
2025-06-22 20:31:16.193552 Epoch [075/300], Step [0072/0072] (100%), Gen Loss: 0.9861, TP: 7660, FP: 183, TN: 1228347, FN: 114
Starting validation...
Validation Results - Loss: 0.5240
  IoU: 0.4363
  F1-Score: 0.6076
  Precision: 0.7919
  Recall: 0.4929
  Accuracy: 0.9972
Epoch 75 completed. Learning rate changed: 0.000022 -> 0.000019
Checkpoint saved: ijmond_data_test_epoch_075_from_scratch.pth
--------------------Epoch: 76/300--------------------
2025-06-22 20:31:29.864222 Epoch [076/300], Step [0018/0072] (25%), Gen Loss: 0.9937, TP: 4675, FP: 239, TN: 1231422, FN: 60
2025-06-22 20:31:36.232578 Epoch [076/300], Step [0036/0072] (50%), Gen Loss: 0.9928, TP: 5883, FP: 468, TN: 1229736, FN: 81
2025-06-22 20:31:42.574690 Epoch [076/300], Step [0054/0072] (75%), Gen Loss: 0.9936, TP: 3349, FP: 234, TN: 1233442, FN: 12
2025-06-22 20:31:48.905799 Epoch [076/300], Step [0072/0072] (100%), Gen Loss: 0.9866, TP: 2800, FP: 228, TN: 1234094, FN: 1
Starting validation...
Validation Results - Loss: 0.5276
  IoU: 0.4314
  F1-Score: 0.6027
  Precision: 0.7850
  Recall: 0.4891
  Accuracy: 0.9971
Epoch 76 completed. Learning rate: 0.000019
--------------------Epoch: 77/300--------------------
2025-06-22 20:32:02.655195 Epoch [077/300], Step [0018/0072] (25%), Gen Loss: 0.9836, TP: 6147, FP: 245, TN: 1230565, FN: 14
2025-06-22 20:32:09.018948 Epoch [077/300], Step [0036/0072] (50%), Gen Loss: 0.9876, TP: 2239, FP: 188, TN: 1235073, FN: 17
2025-06-22 20:32:15.335543 Epoch [077/300], Step [0054/0072] (75%), Gen Loss: 0.9936, TP: 17430, FP: 710, TN: 1216608, FN: 144
2025-06-22 20:32:21.648822 Epoch [077/300], Step [0072/0072] (100%), Gen Loss: 0.9877, TP: 2440, FP: 194, TN: 1234572, FN: 5
Starting validation...
Validation Results - Loss: 0.5326
  IoU: 0.4298
  F1-Score: 0.6012
  Precision: 0.7934
  Recall: 0.4840
  Accuracy: 0.9972
Epoch 77 completed. Learning rate: 0.000019
--------------------Epoch: 78/300--------------------
2025-06-22 20:32:35.195430 Epoch [078/300], Step [0018/0072] (25%), Gen Loss: 0.9883, TP: 13669, FP: 721, TN: 1221031, FN: 107
2025-06-22 20:32:41.517003 Epoch [078/300], Step [0036/0072] (50%), Gen Loss: 0.9871, TP: 2857, FP: 117, TN: 1234203, FN: 6
2025-06-22 20:32:47.835479 Epoch [078/300], Step [0054/0072] (75%), Gen Loss: 0.9892, TP: 4469, FP: 306, TN: 1232045, FN: 35
2025-06-22 20:32:54.114014 Epoch [078/300], Step [0072/0072] (100%), Gen Loss: 0.9869, TP: 4223, FP: 190, TN: 1232411, FN: 14
Starting validation...
Validation Results - Loss: 0.5240
  IoU: 0.4275
  F1-Score: 0.5990
  Precision: 0.7692
  Recall: 0.4905
  Accuracy: 0.9971
Epoch 78 completed. Learning rate: 0.000019
--------------------Epoch: 79/300--------------------
2025-06-22 20:33:06.780851 Epoch [079/300], Step [0018/0072] (25%), Gen Loss: 0.9843, TP: 3502, FP: 183, TN: 1233131, FN: 13
2025-06-22 20:33:13.406997 Epoch [079/300], Step [0036/0072] (50%), Gen Loss: 0.9851, TP: 24422, FP: 596, TN: 1208837, FN: 567
2025-06-22 20:33:19.746362 Epoch [079/300], Step [0054/0072] (75%), Gen Loss: 0.9872, TP: 1877, FP: 143, TN: 1235703, FN: 0
2025-06-22 20:33:26.075262 Epoch [079/300], Step [0072/0072] (100%), Gen Loss: 0.9859, TP: 2871, FP: 85, TN: 1234517, FN: 10
Starting validation...
Validation Results - Loss: 0.5237
  IoU: 0.4330
  F1-Score: 0.6043
  Precision: 0.7724
  Recall: 0.4963
  Accuracy: 0.9971
Epoch 79 completed. Learning rate: 0.000019
--------------------Epoch: 80/300--------------------
2025-06-22 20:33:39.500268 Epoch [080/300], Step [0018/0072] (25%), Gen Loss: 0.9854, TP: 8391, FP: 351, TN: 1227950, FN: 23
2025-06-22 20:33:45.847910 Epoch [080/300], Step [0036/0072] (50%), Gen Loss: 0.9850, TP: 2866, FP: 181, TN: 1234055, FN: 10
2025-06-22 20:33:52.177560 Epoch [080/300], Step [0054/0072] (75%), Gen Loss: 0.9854, TP: 13059, FP: 661, TN: 1220902, FN: 181
2025-06-22 20:33:58.476291 Epoch [080/300], Step [0072/0072] (100%), Gen Loss: 0.9866, TP: 2245, FP: 354, TN: 1234707, FN: 16
Starting validation...
Validation Results - Loss: 0.5272
  IoU: 0.4317
  F1-Score: 0.6031
  Precision: 0.7888
  Recall: 0.4881
  Accuracy: 0.9972
Epoch 80 completed. Learning rate: 0.000019
Checkpoint saved: ijmond_data_test_epoch_080_from_scratch.pth
--------------------Epoch: 81/300--------------------
2025-06-22 20:34:12.060812 Epoch [081/300], Step [0018/0072] (25%), Gen Loss: 0.9928, TP: 2729, FP: 152, TN: 1234569, FN: 25
2025-06-22 20:34:18.379694 Epoch [081/300], Step [0036/0072] (50%), Gen Loss: 0.9831, TP: 2300, FP: 194, TN: 1234927, FN: 7
2025-06-22 20:34:24.699692 Epoch [081/300], Step [0054/0072] (75%), Gen Loss: 0.9800, TP: 10771, FP: 297, TN: 1224412, FN: 109
2025-06-22 20:34:30.983405 Epoch [081/300], Step [0072/0072] (100%), Gen Loss: 0.9833, TP: 4474, FP: 205, TN: 1232014, FN: 73
Starting validation...
Validation Results - Loss: 0.5202
  IoU: 0.4362
  F1-Score: 0.6074
  Precision: 0.7784
  Recall: 0.4980
  Accuracy: 0.9972
Epoch 81 completed. Learning rate: 0.000019
--------------------Epoch: 82/300--------------------
2025-06-22 20:34:43.975894 Epoch [082/300], Step [0018/0072] (25%), Gen Loss: 0.9884, TP: 17840, FP: 787, TN: 1215521, FN: 315
2025-06-22 20:34:50.327150 Epoch [082/300], Step [0036/0072] (50%), Gen Loss: 0.9833, TP: 3060, FP: 277, TN: 1233765, FN: 8
2025-06-22 20:34:56.647049 Epoch [082/300], Step [0054/0072] (75%), Gen Loss: 0.9848, TP: 3047, FP: 253, TN: 1233719, FN: 21
2025-06-22 20:35:02.914132 Epoch [082/300], Step [0072/0072] (100%), Gen Loss: 0.9883, TP: 2318, FP: 175, TN: 1235010, FN: 1
Starting validation...
Validation Results - Loss: 0.5280
  IoU: 0.4320
  F1-Score: 0.6033
  Precision: 0.7872
  Recall: 0.4891
  Accuracy: 0.9972
Epoch 82 completed. Learning rate changed: 0.000019 -> 0.000017
--------------------Epoch: 83/300--------------------
2025-06-22 20:35:16.187029 Epoch [083/300], Step [0018/0072] (25%), Gen Loss: 0.9752, TP: 3361, FP: 202, TN: 1233415, FN: 20
2025-06-22 20:35:22.509975 Epoch [083/300], Step [0036/0072] (50%), Gen Loss: 0.9813, TP: 3844, FP: 507, TN: 1232043, FN: 25
2025-06-22 20:35:28.826209 Epoch [083/300], Step [0054/0072] (75%), Gen Loss: 0.9855, TP: 2095, FP: 125, TN: 1235228, FN: 12
2025-06-22 20:35:35.097746 Epoch [083/300], Step [0072/0072] (100%), Gen Loss: 0.9834, TP: 6141, FP: 219, TN: 1229746, FN: 24
Starting validation...
Validation Results - Loss: 0.5385
  IoU: 0.4289
  F1-Score: 0.6004
  Precision: 0.8085
  Recall: 0.4774
  Accuracy: 0.9972
Epoch 83 completed. Learning rate: 0.000017
--------------------Epoch: 84/300--------------------
2025-06-22 20:35:48.161889 Epoch [084/300], Step [0018/0072] (25%), Gen Loss: 0.9969, TP: 2729, FP: 160, TN: 1234735, FN: 6
2025-06-22 20:35:54.555183 Epoch [084/300], Step [0036/0072] (50%), Gen Loss: 0.9889, TP: 5502, FP: 244, TN: 1230830, FN: 33
2025-06-22 20:36:00.872256 Epoch [084/300], Step [0054/0072] (75%), Gen Loss: 0.9835, TP: 4605, FP: 164, TN: 1231692, FN: 35
2025-06-22 20:36:07.143093 Epoch [084/300], Step [0072/0072] (100%), Gen Loss: 0.9785, TP: 6753, FP: 247, TN: 1228795, FN: 24
Starting validation...
Validation Results - Loss: 0.5335
  IoU: 0.4372
  F1-Score: 0.6084
  Precision: 0.7819
  Recall: 0.4979
  Accuracy: 0.9972
Epoch 84 completed. Learning rate: 0.000017
--------------------Epoch: 85/300--------------------
2025-06-22 20:36:20.605464 Epoch [085/300], Step [0018/0072] (25%), Gen Loss: 0.9804, TP: 5061, FP: 116, TN: 1231599, FN: 14
2025-06-22 20:36:26.945852 Epoch [085/300], Step [0036/0072] (50%), Gen Loss: 0.9827, TP: 13020, FP: 451, TN: 1221639, FN: 129
2025-06-22 20:36:33.263623 Epoch [085/300], Step [0054/0072] (75%), Gen Loss: 0.9795, TP: 5035, FP: 194, TN: 1231445, FN: 20
2025-06-22 20:36:39.535083 Epoch [085/300], Step [0072/0072] (100%), Gen Loss: 0.9796, TP: 2824, FP: 138, TN: 1234349, FN: 18
Starting validation...
Validation Results - Loss: 0.5309
  IoU: 0.4345
  F1-Score: 0.6058
  Precision: 0.7995
  Recall: 0.4876
  Accuracy: 0.9972
Epoch 85 completed. Learning rate: 0.000017
Checkpoint saved: ijmond_data_test_epoch_085_from_scratch.pth
--------------------Epoch: 86/300--------------------
2025-06-22 20:36:53.173643 Epoch [086/300], Step [0018/0072] (25%), Gen Loss: 0.9760, TP: 2596, FP: 226, TN: 1234432, FN: 39
2025-06-22 20:36:59.493149 Epoch [086/300], Step [0036/0072] (50%), Gen Loss: 0.9828, TP: 3763, FP: 264, TN: 1233034, FN: 12
2025-06-22 20:37:05.806544 Epoch [086/300], Step [0054/0072] (75%), Gen Loss: 0.9855, TP: 3844, FP: 313, TN: 1232430, FN: 15
2025-06-22 20:37:12.085716 Epoch [086/300], Step [0072/0072] (100%), Gen Loss: 0.9809, TP: 6034, FP: 238, TN: 1229898, FN: 84
Starting validation...
Validation Results - Loss: 0.5345
  IoU: 0.4360
  F1-Score: 0.6073
  Precision: 0.7897
  Recall: 0.4933
  Accuracy: 0.9972
Epoch 86 completed. Learning rate: 0.000017
--------------------Epoch: 87/300--------------------
2025-06-22 20:37:25.218319 Epoch [087/300], Step [0018/0072] (25%), Gen Loss: 0.9890, TP: 2759, FP: 145, TN: 1234165, FN: 24
2025-06-22 20:37:31.540767 Epoch [087/300], Step [0036/0072] (50%), Gen Loss: 0.9847, TP: 12360, FP: 484, TN: 1222300, FN: 103
2025-06-22 20:37:37.859117 Epoch [087/300], Step [0054/0072] (75%), Gen Loss: 0.9850, TP: 2252, FP: 171, TN: 1234905, FN: 2
2025-06-22 20:37:44.143763 Epoch [087/300], Step [0072/0072] (100%), Gen Loss: 0.9794, TP: 2115, FP: 183, TN: 1235298, FN: 4
Starting validation...
Validation Results - Loss: 0.5553
  IoU: 0.4269
  F1-Score: 0.5984
  Precision: 0.8390
  Recall: 0.4650
  Accuracy: 0.9972
Epoch 87 completed. Learning rate: 0.000017
--------------------Epoch: 88/300--------------------
2025-06-22 20:37:57.033346 Epoch [088/300], Step [0018/0072] (25%), Gen Loss: 1.0003, TP: 2272, FP: 165, TN: 1234880, FN: 6
2025-06-22 20:38:03.371894 Epoch [088/300], Step [0036/0072] (50%), Gen Loss: 0.9902, TP: 3670, FP: 212, TN: 1232571, FN: 15
2025-06-22 20:38:09.692727 Epoch [088/300], Step [0054/0072] (75%), Gen Loss: 0.9811, TP: 2267, FP: 294, TN: 1235014, FN: 19
2025-06-22 20:38:15.979940 Epoch [088/300], Step [0072/0072] (100%), Gen Loss: 0.9760, TP: 3453, FP: 291, TN: 1233038, FN: 8
Starting validation...
Validation Results - Loss: 0.5408
  IoU: 0.4319
  F1-Score: 0.6032
  Precision: 0.7889
  Recall: 0.4883
  Accuracy: 0.9972
Epoch 88 completed. Learning rate: 0.000017
--------------------Epoch: 89/300--------------------
2025-06-22 20:38:29.688684 Epoch [089/300], Step [0018/0072] (25%), Gen Loss: 0.9766, TP: 3822, FP: 353, TN: 1232145, FN: 51
2025-06-22 20:38:36.025775 Epoch [089/300], Step [0036/0072] (50%), Gen Loss: 0.9816, TP: 4033, FP: 172, TN: 1232489, FN: 34
2025-06-22 20:38:42.346596 Epoch [089/300], Step [0054/0072] (75%), Gen Loss: 0.9864, TP: 4036, FP: 224, TN: 1232672, FN: 11
2025-06-22 20:38:48.629279 Epoch [089/300], Step [0072/0072] (100%), Gen Loss: 0.9866, TP: 4802, FP: 119, TN: 1231740, FN: 120
Starting validation...
Validation Results - Loss: 0.5501
  IoU: 0.4283
  F1-Score: 0.5997
  Precision: 0.7966
  Recall: 0.4809
  Accuracy: 0.9972
Epoch 89 completed. Learning rate changed: 0.000017 -> 0.000016
--------------------Epoch: 90/300--------------------
2025-06-22 20:39:01.829259 Epoch [090/300], Step [0018/0072] (25%), Gen Loss: 0.9876, TP: 10077, FP: 734, TN: 1224130, FN: 140
2025-06-22 20:39:08.177962 Epoch [090/300], Step [0036/0072] (50%), Gen Loss: 0.9835, TP: 19271, FP: 668, TN: 1214837, FN: 152
2025-06-22 20:39:14.498923 Epoch [090/300], Step [0054/0072] (75%), Gen Loss: 0.9779, TP: 8784, FP: 285, TN: 1227458, FN: 20
2025-06-22 20:39:20.781863 Epoch [090/300], Step [0072/0072] (100%), Gen Loss: 0.9762, TP: 6183, FP: 289, TN: 1229711, FN: 111
Starting validation...
Validation Results - Loss: 0.5354
  IoU: 0.4346
  F1-Score: 0.6059
  Precision: 0.7915
  Recall: 0.4908
  Accuracy: 0.9972
Epoch 90 completed. Learning rate: 0.000016
Checkpoint saved: ijmond_data_test_epoch_090_from_scratch.pth
--------------------Epoch: 91/300--------------------
2025-06-22 20:39:34.245993 Epoch [091/300], Step [0018/0072] (25%), Gen Loss: 0.9701, TP: 5487, FP: 226, TN: 1230292, FN: 44
2025-06-22 20:39:40.568814 Epoch [091/300], Step [0036/0072] (50%), Gen Loss: 0.9731, TP: 4777, FP: 202, TN: 1231938, FN: 29
2025-06-22 20:39:46.888032 Epoch [091/300], Step [0054/0072] (75%), Gen Loss: 0.9826, TP: 2825, FP: 123, TN: 1234356, FN: 9
2025-06-22 20:39:53.169970 Epoch [091/300], Step [0072/0072] (100%), Gen Loss: 0.9835, TP: 15900, FP: 385, TN: 1218198, FN: 356
Starting validation...
Validation Results - Loss: 0.5555
  IoU: 0.4307
  F1-Score: 0.6021
  Precision: 0.8110
  Recall: 0.4788
  Accuracy: 0.9972
Epoch 91 completed. Learning rate: 0.000016
--------------------Epoch: 92/300--------------------
2025-06-22 20:40:05.694466 Epoch [092/300], Step [0018/0072] (25%), Gen Loss: 0.9906, TP: 16379, FP: 186, TN: 1218298, FN: 593
2025-06-22 20:40:12.143996 Epoch [092/300], Step [0036/0072] (50%), Gen Loss: 0.9834, TP: 12069, FP: 417, TN: 1222938, FN: 111
2025-06-22 20:40:18.460486 Epoch [092/300], Step [0054/0072] (75%), Gen Loss: 0.9805, TP: 24412, FP: 496, TN: 1209213, FN: 436
2025-06-22 20:40:24.744112 Epoch [092/300], Step [0072/0072] (100%), Gen Loss: 0.9803, TP: 3669, FP: 164, TN: 1232881, FN: 34
Starting validation...
Validation Results - Loss: 0.5456
  IoU: 0.4310
  F1-Score: 0.6023
  Precision: 0.7963
  Recall: 0.4843
  Accuracy: 0.9972
Epoch 92 completed. Learning rate: 0.000016
--------------------Epoch: 93/300--------------------
2025-06-22 20:40:37.729263 Epoch [093/300], Step [0018/0072] (25%), Gen Loss: 0.9820, TP: 5006, FP: 243, TN: 1231208, FN: 19
2025-06-22 20:40:44.051858 Epoch [093/300], Step [0036/0072] (50%), Gen Loss: 0.9821, TP: 2392, FP: 212, TN: 1234767, FN: 2
2025-06-22 20:40:50.374055 Epoch [093/300], Step [0054/0072] (75%), Gen Loss: 0.9835, TP: 2918, FP: 161, TN: 1233864, FN: 13
2025-06-22 20:40:56.661134 Epoch [093/300], Step [0072/0072] (100%), Gen Loss: 0.9795, TP: 7776, FP: 434, TN: 1227399, FN: 191
Starting validation...
Validation Results - Loss: 0.5422
  IoU: 0.4315
  F1-Score: 0.6029
  Precision: 0.8078
  Recall: 0.4809
  Accuracy: 0.9972
Epoch 93 completed. Learning rate: 0.000016
--------------------Epoch: 94/300--------------------
2025-06-22 20:41:10.106522 Epoch [094/300], Step [0018/0072] (25%), Gen Loss: 0.9781, TP: 2244, FP: 166, TN: 1235085, FN: 10
2025-06-22 20:41:16.428654 Epoch [094/300], Step [0036/0072] (50%), Gen Loss: 0.9801, TP: 2730, FP: 103, TN: 1234518, FN: 4
2025-06-22 20:41:22.750009 Epoch [094/300], Step [0054/0072] (75%), Gen Loss: 0.9793, TP: 6086, FP: 236, TN: 1229552, FN: 88
2025-06-22 20:41:29.034141 Epoch [094/300], Step [0072/0072] (100%), Gen Loss: 0.9754, TP: 1761, FP: 109, TN: 1235789, FN: 7
Starting validation...
Validation Results - Loss: 0.5487
  IoU: 0.4306
  F1-Score: 0.6020
  Precision: 0.7969
  Recall: 0.4837
  Accuracy: 0.9972
Epoch 94 completed. Learning rate: 0.000016
--------------------Epoch: 95/300--------------------
2025-06-22 20:41:42.403688 Epoch [095/300], Step [0018/0072] (25%), Gen Loss: 0.9744, TP: 4293, FP: 296, TN: 1231980, FN: 14
2025-06-22 20:41:48.728606 Epoch [095/300], Step [0036/0072] (50%), Gen Loss: 0.9800, TP: 22109, FP: 437, TN: 1212117, FN: 231
2025-06-22 20:41:55.045783 Epoch [095/300], Step [0054/0072] (75%), Gen Loss: 0.9812, TP: 2059, FP: 125, TN: 1235239, FN: 1
2025-06-22 20:42:01.328113 Epoch [095/300], Step [0072/0072] (100%), Gen Loss: 0.9786, TP: 3026, FP: 128, TN: 1234149, FN: 28
Starting validation...
Validation Results - Loss: 0.5569
  IoU: 0.4269
  F1-Score: 0.5984
  Precision: 0.8036
  Recall: 0.4767
  Accuracy: 0.9972
Epoch 95 completed. Learning rate: 0.000016
Checkpoint saved: ijmond_data_test_epoch_095_from_scratch.pth
--------------------Epoch: 96/300--------------------
2025-06-22 20:42:14.997885 Epoch [096/300], Step [0018/0072] (25%), Gen Loss: 0.9806, TP: 18634, FP: 240, TN: 1215515, FN: 330
2025-06-22 20:42:21.322601 Epoch [096/300], Step [0036/0072] (50%), Gen Loss: 0.9772, TP: 6760, FP: 168, TN: 1229648, FN: 24
2025-06-22 20:42:27.643510 Epoch [096/300], Step [0054/0072] (75%), Gen Loss: 0.9757, TP: 7297, FP: 190, TN: 1229073, FN: 60
2025-06-22 20:42:33.924697 Epoch [096/300], Step [0072/0072] (100%), Gen Loss: 0.9799, TP: 1060, FP: 276, TN: 1236589, FN: 0
Starting validation...
Validation Results - Loss: 0.5431
  IoU: 0.4329
  F1-Score: 0.6042
  Precision: 0.8073
  Recall: 0.4828
  Accuracy: 0.9972
Epoch 96 completed. Learning rate changed: 0.000016 -> 0.000014
--------------------Epoch: 97/300--------------------
2025-06-22 20:42:46.673883 Epoch [097/300], Step [0018/0072] (25%), Gen Loss: 0.9792, TP: 2865, FP: 266, TN: 1233614, FN: 6
2025-06-22 20:42:53.024682 Epoch [097/300], Step [0036/0072] (50%), Gen Loss: 0.9786, TP: 8571, FP: 260, TN: 1227801, FN: 35
2025-06-22 20:42:59.358508 Epoch [097/300], Step [0054/0072] (75%), Gen Loss: 0.9805, TP: 4317, FP: 80, TN: 1232686, FN: 33
2025-06-22 20:43:05.639977 Epoch [097/300], Step [0072/0072] (100%), Gen Loss: 0.9756, TP: 16922, FP: 684, TN: 1217554, FN: 128
Starting validation...
Validation Results - Loss: 0.5663
  IoU: 0.4280
  F1-Score: 0.5995
  Precision: 0.8253
  Recall: 0.4707
  Accuracy: 0.9972
Epoch 97 completed. Learning rate: 0.000014
--------------------Epoch: 98/300--------------------
2025-06-22 20:43:19.053403 Epoch [098/300], Step [0018/0072] (25%), Gen Loss: 0.9844, TP: 1907, FP: 119, TN: 1235496, FN: 3
2025-06-22 20:43:25.375665 Epoch [098/300], Step [0036/0072] (50%), Gen Loss: 0.9795, TP: 23622, FP: 402, TN: 1209952, FN: 563
2025-06-22 20:43:31.695743 Epoch [098/300], Step [0054/0072] (75%), Gen Loss: 0.9738, TP: 3430, FP: 155, TN: 1233426, FN: 30
2025-06-22 20:43:37.980290 Epoch [098/300], Step [0072/0072] (100%), Gen Loss: 0.9762, TP: 5287, FP: 115, TN: 1231230, FN: 15
Starting validation...
Validation Results - Loss: 0.5612
  IoU: 0.4321
  F1-Score: 0.6034
  Precision: 0.8194
  Recall: 0.4775
  Accuracy: 0.9972
Epoch 98 completed. Learning rate: 0.000014
--------------------Epoch: 99/300--------------------
2025-06-22 20:43:51.181611 Epoch [099/300], Step [0018/0072] (25%), Gen Loss: 0.9822, TP: 3141, FP: 148, TN: 1233717, FN: 9
2025-06-22 20:43:57.566482 Epoch [099/300], Step [0036/0072] (50%), Gen Loss: 0.9817, TP: 2898, FP: 103, TN: 1234045, FN: 16
2025-06-22 20:44:03.887374 Epoch [099/300], Step [0054/0072] (75%), Gen Loss: 0.9817, TP: 6902, FP: 300, TN: 1228705, FN: 48
2025-06-22 20:44:10.171975 Epoch [099/300], Step [0072/0072] (100%), Gen Loss: 0.9794, TP: 12756, FP: 246, TN: 1222628, FN: 150
Starting validation...
Validation Results - Loss: 0.5525
  IoU: 0.4311
  F1-Score: 0.6024
  Precision: 0.8176
  Recall: 0.4769
  Accuracy: 0.9972
Epoch 99 completed. Learning rate: 0.000014
--------------------Epoch: 100/300--------------------
2025-06-22 20:44:23.541065 Epoch [100/300], Step [0018/0072] (25%), Gen Loss: 0.9781, TP: 5537, FP: 251, TN: 1230180, FN: 27
2025-06-22 20:44:29.862065 Epoch [100/300], Step [0036/0072] (50%), Gen Loss: 0.9797, TP: 7597, FP: 160, TN: 1228064, FN: 58
2025-06-22 20:44:36.179376 Epoch [100/300], Step [0054/0072] (75%), Gen Loss: 0.9776, TP: 3603, FP: 187, TN: 1233195, FN: 11
2025-06-22 20:44:42.463307 Epoch [100/300], Step [0072/0072] (100%), Gen Loss: 0.9767, TP: 2643, FP: 87, TN: 1235042, FN: 2
Starting validation...
Validation Results - Loss: 0.5577
  IoU: 0.4294
  F1-Score: 0.6008
  Precision: 0.8032
  Recall: 0.4798
  Accuracy: 0.9972
Epoch 100 completed. Learning rate: 0.000014
Checkpoint saved: ijmond_data_test_epoch_100_from_scratch.pth
--------------------Epoch: 101/300--------------------
2025-06-22 20:44:56.173853 Epoch [101/300], Step [0018/0072] (25%), Gen Loss: 0.9822, TP: 3890, FP: 123, TN: 1232927, FN: 15
2025-06-22 20:45:02.524110 Epoch [101/300], Step [0036/0072] (50%), Gen Loss: 0.9809, TP: 4210, FP: 190, TN: 1232120, FN: 38
2025-06-22 20:45:08.843701 Epoch [101/300], Step [0054/0072] (75%), Gen Loss: 0.9720, TP: 3738, FP: 188, TN: 1232938, FN: 7
2025-06-22 20:45:15.179599 Epoch [101/300], Step [0072/0072] (100%), Gen Loss: 0.9725, TP: 7505, FP: 176, TN: 1228534, FN: 170
Starting validation...
Validation Results - Loss: 0.5619
  IoU: 0.4300
  F1-Score: 0.6014
  Precision: 0.8076
  Recall: 0.4791
  Accuracy: 0.9972
Epoch 101 completed. Learning rate: 0.000014
--------------------Epoch: 102/300--------------------
2025-06-22 20:45:28.000888 Epoch [102/300], Step [0018/0072] (25%), Gen Loss: 0.9748, TP: 2259, FP: 60, TN: 1235137, FN: 2
2025-06-22 20:45:34.424300 Epoch [102/300], Step [0036/0072] (50%), Gen Loss: 0.9735, TP: 2336, FP: 130, TN: 1234899, FN: 1
2025-06-22 20:45:40.744915 Epoch [102/300], Step [0054/0072] (75%), Gen Loss: 0.9731, TP: 3358, FP: 282, TN: 1233194, FN: 44
2025-06-22 20:45:47.029438 Epoch [102/300], Step [0072/0072] (100%), Gen Loss: 0.9776, TP: 3634, FP: 171, TN: 1233002, FN: 16
Starting validation...
Validation Results - Loss: 0.5598
  IoU: 0.4304
  F1-Score: 0.6018
  Precision: 0.8106
  Recall: 0.4785
  Accuracy: 0.9972
Epoch 102 completed. Learning rate: 0.000014
--------------------Epoch: 103/300--------------------
2025-06-22 20:46:00.627437 Epoch [103/300], Step [0018/0072] (25%), Gen Loss: 0.9753, TP: 6087, FP: 326, TN: 1229938, FN: 42
2025-06-22 20:46:06.955866 Epoch [103/300], Step [0036/0072] (50%), Gen Loss: 0.9734, TP: 8537, FP: 394, TN: 1227132, FN: 83
2025-06-22 20:46:13.273283 Epoch [103/300], Step [0054/0072] (75%), Gen Loss: 0.9751, TP: 6884, FP: 388, TN: 1228751, FN: 37
2025-06-22 20:46:19.561901 Epoch [103/300], Step [0072/0072] (100%), Gen Loss: 0.9788, TP: 4869, FP: 307, TN: 1231228, FN: 29
Starting validation...
Validation Results - Loss: 0.5496
  IoU: 0.4340
  F1-Score: 0.6053
  Precision: 0.7952
  Recall: 0.4886
  Accuracy: 0.9972
Epoch 103 completed. Learning rate changed: 0.000014 -> 0.000013
--------------------Epoch: 104/300--------------------
2025-06-22 20:46:31.767403 Epoch [104/300], Step [0018/0072] (25%), Gen Loss: 0.9647, TP: 3110, FP: 210, TN: 1233396, FN: 32
2025-06-22 20:46:38.503227 Epoch [104/300], Step [0036/0072] (50%), Gen Loss: 0.9718, TP: 27803, FP: 530, TN: 1204176, FN: 383
2025-06-22 20:46:44.823408 Epoch [104/300], Step [0054/0072] (75%), Gen Loss: 0.9758, TP: 5187, FP: 142, TN: 1231570, FN: 53
2025-06-22 20:46:51.109491 Epoch [104/300], Step [0072/0072] (100%), Gen Loss: 0.9777, TP: 5958, FP: 137, TN: 1230224, FN: 15
Starting validation...
Validation Results - Loss: 0.5570
  IoU: 0.4302
  F1-Score: 0.6016
  Precision: 0.8069
  Recall: 0.4796
  Accuracy: 0.9972
Epoch 104 completed. Learning rate: 0.000013
--------------------Epoch: 105/300--------------------
2025-06-22 20:47:03.287985 Epoch [105/300], Step [0018/0072] (25%), Gen Loss: 0.9691, TP: 7347, FP: 259, TN: 1228212, FN: 122
2025-06-22 20:47:10.039769 Epoch [105/300], Step [0036/0072] (50%), Gen Loss: 0.9704, TP: 2578, FP: 130, TN: 1234793, FN: 6
2025-06-22 20:47:16.356243 Epoch [105/300], Step [0054/0072] (75%), Gen Loss: 0.9761, TP: 4497, FP: 314, TN: 1231608, FN: 39
2025-06-22 20:47:22.630013 Epoch [105/300], Step [0072/0072] (100%), Gen Loss: 0.9726, TP: 4238, FP: 92, TN: 1232465, FN: 25
Starting validation...
Validation Results - Loss: 0.5489
  IoU: 0.4333
  F1-Score: 0.6046
  Precision: 0.7955
  Recall: 0.4876
  Accuracy: 0.9972
Epoch 105 completed. Learning rate: 0.000013
Checkpoint saved: ijmond_data_test_epoch_105_from_scratch.pth
--------------------Epoch: 106/300--------------------
2025-06-22 20:47:35.837623 Epoch [106/300], Step [0018/0072] (25%), Gen Loss: 0.9731, TP: 1903, FP: 214, TN: 1235135, FN: 0
2025-06-22 20:47:42.174034 Epoch [106/300], Step [0036/0072] (50%), Gen Loss: 0.9692, TP: 2818, FP: 150, TN: 1234108, FN: 26
2025-06-22 20:47:48.491872 Epoch [106/300], Step [0054/0072] (75%), Gen Loss: 0.9737, TP: 2952, FP: 209, TN: 1233643, FN: 12
2025-06-22 20:47:54.765477 Epoch [106/300], Step [0072/0072] (100%), Gen Loss: 0.9743, TP: 2861, FP: 196, TN: 1233923, FN: 12
Starting validation...
Validation Results - Loss: 0.5602
  IoU: 0.4323
  F1-Score: 0.6036
  Precision: 0.7918
  Recall: 0.4877
  Accuracy: 0.9972
Epoch 106 completed. Learning rate: 0.000013
--------------------Epoch: 107/300--------------------
2025-06-22 20:48:07.739666 Epoch [107/300], Step [0018/0072] (25%), Gen Loss: 0.9737, TP: 6119, FP: 163, TN: 1230258, FN: 35
2025-06-22 20:48:14.061041 Epoch [107/300], Step [0036/0072] (50%), Gen Loss: 0.9701, TP: 2336, FP: 83, TN: 1234937, FN: 4
2025-06-22 20:48:20.375866 Epoch [107/300], Step [0054/0072] (75%), Gen Loss: 0.9752, TP: 2247, FP: 82, TN: 1235311, FN: 10
2025-06-22 20:48:26.647899 Epoch [107/300], Step [0072/0072] (100%), Gen Loss: 0.9783, TP: 2274, FP: 127, TN: 1235110, FN: 2
Starting validation...
Validation Results - Loss: 0.5622
  IoU: 0.4354
  F1-Score: 0.6066
  Precision: 0.7984
  Recall: 0.4891
  Accuracy: 0.9972
Epoch 107 completed. Learning rate: 0.000013
--------------------Epoch: 108/300--------------------
2025-06-22 20:48:39.752805 Epoch [108/300], Step [0018/0072] (25%), Gen Loss: 0.9702, TP: 2533, FP: 372, TN: 1234402, FN: 1
2025-06-22 20:48:46.110890 Epoch [108/300], Step [0036/0072] (50%), Gen Loss: 0.9732, TP: 2559, FP: 187, TN: 1234315, FN: 30
2025-06-22 20:48:52.444604 Epoch [108/300], Step [0054/0072] (75%), Gen Loss: 0.9735, TP: 9048, FP: 109, TN: 1226828, FN: 47
2025-06-22 20:48:58.771316 Epoch [108/300], Step [0072/0072] (100%), Gen Loss: 0.9741, TP: 17410, FP: 371, TN: 1217184, FN: 241
Starting validation...
Validation Results - Loss: 0.5667
  IoU: 0.4298
  F1-Score: 0.6012
  Precision: 0.8073
  Recall: 0.4789
  Accuracy: 0.9972
Epoch 108 completed. Learning rate: 0.000013
--------------------Epoch: 109/300--------------------
2025-06-22 20:49:11.043264 Epoch [109/300], Step [0018/0072] (25%), Gen Loss: 0.9628, TP: 6179, FP: 453, TN: 1228949, FN: 121
2025-06-22 20:49:17.769222 Epoch [109/300], Step [0036/0072] (50%), Gen Loss: 0.9724, TP: 3144, FP: 129, TN: 1233727, FN: 10
2025-06-22 20:49:24.093995 Epoch [109/300], Step [0054/0072] (75%), Gen Loss: 0.9736, TP: 6190, FP: 190, TN: 1230140, FN: 21
2025-06-22 20:49:30.366668 Epoch [109/300], Step [0072/0072] (100%), Gen Loss: 0.9719, TP: 14017, FP: 396, TN: 1220421, FN: 100
Starting validation...
Validation Results - Loss: 0.5630
  IoU: 0.4325
  F1-Score: 0.6039
  Precision: 0.8125
  Recall: 0.4805
  Accuracy: 0.9972
Epoch 109 completed. Learning rate: 0.000013
--------------------Epoch: 110/300--------------------
2025-06-22 20:49:43.702424 Epoch [110/300], Step [0018/0072] (25%), Gen Loss: 0.9886, TP: 3185, FP: 149, TN: 1233575, FN: 42
2025-06-22 20:49:50.041473 Epoch [110/300], Step [0036/0072] (50%), Gen Loss: 0.9795, TP: 9645, FP: 161, TN: 1226318, FN: 63
2025-06-22 20:49:56.364022 Epoch [110/300], Step [0054/0072] (75%), Gen Loss: 0.9731, TP: 2574, FP: 95, TN: 1234618, FN: 32
2025-06-22 20:50:02.636245 Epoch [110/300], Step [0072/0072] (100%), Gen Loss: 0.9677, TP: 2714, FP: 118, TN: 1234529, FN: 10
Starting validation...
Validation Results - Loss: 0.5556
  IoU: 0.4353
  F1-Score: 0.6066
  Precision: 0.7887
  Recall: 0.4928
  Accuracy: 0.9972
Epoch 110 completed. Learning rate changed: 0.000013 -> 0.000011
Checkpoint saved: ijmond_data_test_epoch_110_from_scratch.pth
--------------------Epoch: 111/300--------------------
2025-06-22 20:50:15.813925 Epoch [111/300], Step [0018/0072] (25%), Gen Loss: 0.9688, TP: 3664, FP: 281, TN: 1232732, FN: 12
2025-06-22 20:50:22.151951 Epoch [111/300], Step [0036/0072] (50%), Gen Loss: 0.9675, TP: 2921, FP: 144, TN: 1234084, FN: 3
2025-06-22 20:50:28.479093 Epoch [111/300], Step [0054/0072] (75%), Gen Loss: 0.9730, TP: 3925, FP: 95, TN: 1232947, FN: 9
2025-06-22 20:50:34.803547 Epoch [111/300], Step [0072/0072] (100%), Gen Loss: 0.9721, TP: 4239, FP: 132, TN: 1232377, FN: 33
Starting validation...
Validation Results - Loss: 0.5709
  IoU: 0.4326
  F1-Score: 0.6039
  Precision: 0.8089
  Recall: 0.4818
  Accuracy: 0.9972
Epoch 111 completed. Learning rate: 0.000011
Early stopping triggered at epoch 111
Best IoU score: 0.4380 at epoch 71

==================================================
Training completed!
Best validation IoU score: 0.4380 achieved at epoch 71
Best model saved at: models/full-supervision/ijmond-limited-test/ijmond_data_test/ijmond_data_test_best_model.pth
==================================================

JOB STATISTICS
==============
Job ID: 12558078
Cluster: snellius
User/Group: ytao/ytao
State: RUNNING
Nodes: 1
Cores per node: 9
CPU Utilized: 00:00:00
CPU Efficiency: 0.00% of 09:03:18 core-walltime
Job Wall-clock time: 01:00:22
Memory Utilized: 0.00 MB
Memory Efficiency: 0.00% of 16.00 GB (16.00 GB/node)
WARNING: Efficiency statistics can only be obtained after the job has ended as seff tool is based on the accounting database data.
