================================================================================
DOMAIN ADAPTIVE TRAINING CONFIGURATION
================================================================================
📋 BASIC TRAINING SETTINGS
----------------------------------------
  Training Epochs: 100
  Batch Size: 4
  Training Image Size: 352x352
  Device: cuda
  Model Name: SMOKE5K_Dataset_SMOKE5K_train_to_ijmond_camera_SMOKE5K-full_non_constraint_da

⚙️  OPTIMIZER SETTINGS
----------------------------------------
  Learning Rate: 5e-05
  Adam Beta: 0.5
  Gradient Clipping: 0.5
  LR Decay Factor: 0.8
  LR Patience (epochs): 12

🏗️  MODEL ARCHITECTURE
----------------------------------------
  Feature Channels: 64
  Latent Dimension: 8
  Contrastive Layer Filters: 16

📊 LOSS FUNCTION WEIGHTS
----------------------------------------
  L2 Regularization: 0.0001
  Latent Loss: 2.0
  VAE Loss: 0.6
  Contrastive Loss: 2.0
  Domain Adaptation Loss: 2.0
  Pseudo Label Loss: 0.5

🔄 DOMAIN ADAPTATION SETTINGS
----------------------------------------
  Number of Domains: 2
  Gradient Reversal Lambda Max: 1.0
  Use LDConv in Discriminators: False
  Use AttentionPool2d in Discriminators: False
  Pseudo Label Weight: 0.5

🎯 SEMI-SUPERVISED LEARNING
----------------------------------------
  Contrastive Pixel Matching: Intra-image
  Contrastive Sample Count: 500

📁 DATASET CONFIGURATION
----------------------------------------
  Source Domain Path: data/SMOKE5K_Dataset/SMOKE5K/train
  Target Domain Path: data/ijmond_camera/SMOKE5K-full/non_constraint
  Pretrained Weights: None
  Model Save Path: models/thesis/smoke5k-to-ijmond-non-constraint-full/SMOKE5K_Dataset_SMOKE5K_train_to_ijmond_camera_SMOKE5K-full_non_constraint_da

✅ VALIDATION & EARLY STOPPING
----------------------------------------
  Enable Validation: True
  Validation Domain: Target Domain
  Validation Split: 0.2 (of target data)
  Early Stopping Patience: 25
  Min Delta for Improvement: 0.0001
  📊 Validation Strategy: Target domain split for training/validation
     - Source domain: Full dataset for training
     - Target domain: Split into training/validation sets

🔀 DATA AUGMENTATION & REPRODUCIBILITY
----------------------------------------
  Data Augmentation (Both Domains): True
  Freeze Randomness: False
  Random Seed: 42
================================================================================

🔄 LOADING DATASETS...
Dataset size: 5058
  - Data augmentation: ENABLED
源域训练集: 1264 batches (full dataset)
Total dataset size: 4214
Training set size: 3371
Validation set size: 843
目标域训练集: 842 batches
目标域验证集: 210 batches
构建模型...
Learning Rate Scheduler configured:
  - Type: ReduceLROnPlateau (adaptive based on loss)
  - Patience (epochs to wait): 12
  - Decay Factor: 0.8
  - Minimum LR: 1e-7
Let's go!
--------------------Epoch: 1/100--------------------
Learning Rate: 5e-05
2025-06-26 07:20:42.605890 Epoch [001/100], Step [0316/1264] (25%), Total Loss: 4.5698, Src Seg Loss: 1.1400, Tgt Seg Loss: 1.2677, Contrastive Loss: 0.1297, Domain Loss: 1.2121
2025-06-26 07:24:15.890510 Epoch [001/100], Step [0632/1264] (50%), Total Loss: 3.6060, Src Seg Loss: 0.8571, Tgt Seg Loss: 0.9278, Contrastive Loss: 0.0088, Domain Loss: 0.9697
2025-06-26 07:27:48.771629 Epoch [001/100], Step [0948/1264] (75%), Total Loss: 3.1010, Src Seg Loss: 0.7311, Tgt Seg Loss: 0.8430, Contrastive Loss: 0.0040, Domain Loss: 0.9072
2025-06-26 07:31:20.687851 Epoch [001/100], Step [1264/1264] (100%), Total Loss: 2.7745, Src Seg Loss: 0.6505, Tgt Seg Loss: 0.9631, Contrastive Loss: 0.0003, Domain Loss: 0.5898
Epoch 1 completed. Learning rate: 0.000050
Starting validation on target domain...
Target Domain Validation Results (Reference Only) - Loss: 0.8758
  IoU: 0.4238
  F1-Score: 0.5953
  Precision: 0.6549
  Recall: 0.5457
  Accuracy: 0.9642
New best model saved! Training loss: 5.1340
  Corresponding target validation IoU: 0.4238 (reference)
--------------------Epoch: 2/100--------------------
Learning Rate: 5e-05
2025-06-26 07:35:08.892272 Epoch [002/100], Step [0316/1264] (25%), Total Loss: 3.5457, Src Seg Loss: 0.5093, Tgt Seg Loss: 0.7457, Contrastive Loss: 0.0003, Domain Loss: 1.5262
2025-06-26 07:38:40.842238 Epoch [002/100], Step [0632/1264] (50%), Total Loss: 3.3317, Src Seg Loss: 0.7257, Tgt Seg Loss: 0.7892, Contrastive Loss: 0.0172, Domain Loss: 1.3139
2025-06-26 07:42:13.090641 Epoch [002/100], Step [0948/1264] (75%), Total Loss: 3.1779, Src Seg Loss: 0.7104, Tgt Seg Loss: 0.8879, Contrastive Loss: 0.0256, Domain Loss: 0.9871
2025-06-26 07:45:45.197644 Epoch [002/100], Step [1264/1264] (100%), Total Loss: 3.1885, Src Seg Loss: 0.4985, Tgt Seg Loss: 0.7211, Contrastive Loss: 0.0165, Domain Loss: 1.1780
Epoch 2 completed. Learning rate: 0.000050
Starting validation on target domain...
Target Domain Validation Results (Reference Only) - Loss: 0.8193
  IoU: 0.4544
  F1-Score: 0.6249
  Precision: 0.6898
  Recall: 0.5711
  Accuracy: 0.9669
New best model saved! Training loss: 3.4235
  Corresponding target validation IoU: 0.4544 (reference)
--------------------Epoch: 3/100--------------------
Learning Rate: 5e-05
2025-06-26 07:49:33.464867 Epoch [003/100], Step [0316/1264] (25%), Total Loss: 3.1227, Src Seg Loss: 0.6201, Tgt Seg Loss: 0.5545, Contrastive Loss: 0.0014, Domain Loss: 1.2394
2025-06-26 07:53:05.861308 Epoch [003/100], Step [0632/1264] (50%), Total Loss: 3.2629, Src Seg Loss: 0.5756, Tgt Seg Loss: 0.7223, Contrastive Loss: 0.0242, Domain Loss: 1.3971
2025-06-26 07:56:37.971456 Epoch [003/100], Step [0948/1264] (75%), Total Loss: 3.2052, Src Seg Loss: 0.3539, Tgt Seg Loss: 0.8362, Contrastive Loss: 0.0005, Domain Loss: 1.3215
2025-06-26 08:00:10.288934 Epoch [003/100], Step [1264/1264] (100%), Total Loss: 3.1667, Src Seg Loss: 0.4265, Tgt Seg Loss: 0.6247, Contrastive Loss: 0.0015, Domain Loss: 1.0064
Epoch 3 completed. Learning rate: 0.000050
Starting validation on target domain...
Target Domain Validation Results (Reference Only) - Loss: 0.7609
  IoU: 0.5042
  F1-Score: 0.6704
  Precision: 0.6572
  Recall: 0.6842
  Accuracy: 0.9675
New best model saved! Training loss: 3.1903
  Corresponding target validation IoU: 0.5042 (reference)
--------------------Epoch: 4/100--------------------
Learning Rate: 5e-05
2025-06-26 08:04:02.776830 Epoch [004/100], Step [0316/1264] (25%), Total Loss: 3.1308, Src Seg Loss: 0.5695, Tgt Seg Loss: 0.5092, Contrastive Loss: 0.0010, Domain Loss: 1.3345
2025-06-26 08:07:34.979048 Epoch [004/100], Step [0632/1264] (50%), Total Loss: 2.9854, Src Seg Loss: 0.4510, Tgt Seg Loss: 0.4945, Contrastive Loss: 0.0000, Domain Loss: 1.2241
2025-06-26 08:11:07.282823 Epoch [004/100], Step [0948/1264] (75%), Total Loss: 2.9833, Src Seg Loss: 0.5071, Tgt Seg Loss: 0.5550, Contrastive Loss: 0.0000, Domain Loss: 1.3280
2025-06-26 08:14:39.497587 Epoch [004/100], Step [1264/1264] (100%), Total Loss: 2.9058, Src Seg Loss: 0.5532, Tgt Seg Loss: 0.6408, Contrastive Loss: 0.0000, Domain Loss: 1.3960
Epoch 4 completed. Learning rate: 0.000050
Starting validation on target domain...
Target Domain Validation Results (Reference Only) - Loss: 0.7461
  IoU: 0.5164
  F1-Score: 0.6811
  Precision: 0.6389
  Recall: 0.7292
  Accuracy: 0.9670
New best model saved! Training loss: 3.0385
  Corresponding target validation IoU: 0.5164 (reference)
--------------------Epoch: 5/100--------------------
Learning Rate: 5e-05
2025-06-26 08:18:27.531366 Epoch [005/100], Step [0316/1264] (25%), Total Loss: 2.8709, Src Seg Loss: 0.3281, Tgt Seg Loss: 0.5721, Contrastive Loss: 0.0007, Domain Loss: 1.4799
2025-06-26 08:21:59.498534 Epoch [005/100], Step [0632/1264] (50%), Total Loss: 2.9546, Src Seg Loss: 0.4064, Tgt Seg Loss: 0.4982, Contrastive Loss: 0.0000, Domain Loss: 0.8587
2025-06-26 08:25:31.387007 Epoch [005/100], Step [0948/1264] (75%), Total Loss: 2.9664, Src Seg Loss: 0.4390, Tgt Seg Loss: 0.5633, Contrastive Loss: 0.0012, Domain Loss: 1.2499
2025-06-26 08:29:03.253073 Epoch [005/100], Step [1264/1264] (100%), Total Loss: 2.9733, Src Seg Loss: 0.3799, Tgt Seg Loss: 0.5356, Contrastive Loss: 0.0000, Domain Loss: 1.4395
Epoch 5 completed. Learning rate: 0.000050
Starting validation on target domain...
Target Domain Validation Results (Reference Only) - Loss: 0.7385
  IoU: 0.5318
  F1-Score: 0.6943
  Precision: 0.6874
  Recall: 0.7014
  Accuracy: 0.9702
New best model saved! Training loss: 2.9073
  Corresponding target validation IoU: 0.5318 (reference)
--------------------Epoch: 6/100--------------------
Learning Rate: 5e-05
2025-06-26 08:32:51.401538 Epoch [006/100], Step [0316/1264] (25%), Total Loss: 2.8195, Src Seg Loss: 0.5771, Tgt Seg Loss: 0.5690, Contrastive Loss: 0.0000, Domain Loss: 1.0567
2025-06-26 08:36:23.566961 Epoch [006/100], Step [0632/1264] (50%), Total Loss: 2.8983, Src Seg Loss: 0.4195, Tgt Seg Loss: 0.4481, Contrastive Loss: 0.0000, Domain Loss: 1.4540
2025-06-26 08:39:55.790823 Epoch [006/100], Step [0948/1264] (75%), Total Loss: 3.0752, Src Seg Loss: 0.2979, Tgt Seg Loss: 0.6415, Contrastive Loss: 0.0000, Domain Loss: 1.6378
2025-06-26 08:43:28.070538 Epoch [006/100], Step [1264/1264] (100%), Total Loss: 3.2232, Src Seg Loss: 0.4515, Tgt Seg Loss: 0.5170, Contrastive Loss: 0.0003, Domain Loss: 1.8460
Epoch 6 completed. Learning rate: 0.000050
Starting validation on target domain...
Target Domain Validation Results (Reference Only) - Loss: 0.7261
  IoU: 0.5325
  F1-Score: 0.6949
  Precision: 0.6648
  Recall: 0.7279
  Accuracy: 0.9692
--------------------Epoch: 7/100--------------------
Learning Rate: 5e-05
2025-06-26 08:47:15.830227 Epoch [007/100], Step [0316/1264] (25%), Total Loss: 3.1731, Src Seg Loss: 0.8114, Tgt Seg Loss: 0.5345, Contrastive Loss: 0.0007, Domain Loss: 1.5834
2025-06-26 08:50:47.783002 Epoch [007/100], Step [0632/1264] (50%), Total Loss: 3.1662, Src Seg Loss: 0.2531, Tgt Seg Loss: 0.4410, Contrastive Loss: 0.0000, Domain Loss: 1.5680
2025-06-26 08:54:19.781280 Epoch [007/100], Step [0948/1264] (75%), Total Loss: 3.0889, Src Seg Loss: 0.3281, Tgt Seg Loss: 0.4813, Contrastive Loss: 0.0003, Domain Loss: 1.4044
2025-06-26 08:57:51.870487 Epoch [007/100], Step [1264/1264] (100%), Total Loss: 3.0405, Src Seg Loss: 0.4091, Tgt Seg Loss: 0.5802, Contrastive Loss: 0.0000, Domain Loss: 1.3736
Epoch 7 completed. Learning rate: 0.000050
Starting validation on target domain...
Target Domain Validation Results (Reference Only) - Loss: 0.7426
  IoU: 0.5161
  F1-Score: 0.6809
  Precision: 0.6864
  Recall: 0.6754
  Accuracy: 0.9694
--------------------Epoch: 8/100--------------------
Learning Rate: 5e-05
2025-06-26 09:01:39.905854 Epoch [008/100], Step [0316/1264] (25%), Total Loss: 2.9465, Src Seg Loss: 0.3463, Tgt Seg Loss: 0.4954, Contrastive Loss: 0.0000, Domain Loss: 1.4294
2025-06-26 09:05:11.879005 Epoch [008/100], Step [0632/1264] (50%), Total Loss: 2.8892, Src Seg Loss: 0.2349, Tgt Seg Loss: 0.5707, Contrastive Loss: 0.0000, Domain Loss: 1.4688
2025-06-26 09:08:44.113795 Epoch [008/100], Step [0948/1264] (75%), Total Loss: 2.8896, Src Seg Loss: 0.3459, Tgt Seg Loss: 0.4436, Contrastive Loss: 0.0000, Domain Loss: 1.4003
2025-06-26 09:12:16.216309 Epoch [008/100], Step [1264/1264] (100%), Total Loss: 2.9168, Src Seg Loss: 0.3534, Tgt Seg Loss: 0.4590, Contrastive Loss: 0.0014, Domain Loss: 1.4041
Epoch 8 completed. Learning rate: 0.000050
Starting validation on target domain...
Target Domain Validation Results (Reference Only) - Loss: 0.8003
  IoU: 0.5117
  F1-Score: 0.6770
  Precision: 0.7663
  Recall: 0.6064
  Accuracy: 0.9721
--------------------Epoch: 9/100--------------------
Learning Rate: 5e-05
2025-06-26 09:16:03.876335 Epoch [009/100], Step [0316/1264] (25%), Total Loss: 2.8590, Src Seg Loss: 0.4504, Tgt Seg Loss: 0.4564, Contrastive Loss: 0.0007, Domain Loss: 1.3131
2025-06-26 09:19:35.866022 Epoch [009/100], Step [0632/1264] (50%), Total Loss: 2.8163, Src Seg Loss: 0.3564, Tgt Seg Loss: 0.4032, Contrastive Loss: 0.0000, Domain Loss: 1.3118
2025-06-26 09:23:08.167215 Epoch [009/100], Step [0948/1264] (75%), Total Loss: 2.8556, Src Seg Loss: 0.4029, Tgt Seg Loss: 0.4015, Contrastive Loss: 0.0003, Domain Loss: 1.3220
2025-06-26 09:26:40.377855 Epoch [009/100], Step [1264/1264] (100%), Total Loss: 2.8450, Src Seg Loss: 0.3688, Tgt Seg Loss: 0.3627, Contrastive Loss: 0.0000, Domain Loss: 1.3808
Epoch 9 completed. Learning rate: 0.000050
Starting validation on target domain...
Target Domain Validation Results (Reference Only) - Loss: 0.7817
  IoU: 0.5372
  F1-Score: 0.6989
  Precision: 0.7644
  Recall: 0.6437
  Accuracy: 0.9732
New best model saved! Training loss: 2.8484
  Corresponding target validation IoU: 0.5372 (reference)
--------------------Epoch: 10/100--------------------
Learning Rate: 5e-05
2025-06-26 09:30:29.012557 Epoch [010/100], Step [0316/1264] (25%), Total Loss: 2.8236, Src Seg Loss: 0.3653, Tgt Seg Loss: 0.5087, Contrastive Loss: 0.0000, Domain Loss: 1.5003
2025-06-26 09:34:01.285285 Epoch [010/100], Step [0632/1264] (50%), Total Loss: 2.7883, Src Seg Loss: 0.3358, Tgt Seg Loss: 0.4902, Contrastive Loss: 0.0003, Domain Loss: 1.2791
2025-06-26 09:37:33.619463 Epoch [010/100], Step [0948/1264] (75%), Total Loss: 2.7691, Src Seg Loss: 0.3004, Tgt Seg Loss: 0.4582, Contrastive Loss: 0.0000, Domain Loss: 1.4056
2025-06-26 09:41:05.963937 Epoch [010/100], Step [1264/1264] (100%), Total Loss: 2.8055, Src Seg Loss: 0.3029, Tgt Seg Loss: 0.4034, Contrastive Loss: 0.0000, Domain Loss: 1.3805
Epoch 10 completed. Learning rate: 0.000050
Starting validation on target domain...
Target Domain Validation Results (Reference Only) - Loss: 0.7316
  IoU: 0.5579
  F1-Score: 0.7162
  Precision: 0.7172
  Recall: 0.7152
  Accuracy: 0.9726
New best model saved! Training loss: 2.8023
  Corresponding target validation IoU: 0.5579 (reference)
Checkpoint saved: SMOKE5K_Dataset_SMOKE5K_train_to_ijmond_camera_SMOKE5K-full_non_constraint_da_epoch_010_from_scratch.pth
--------------------Epoch: 11/100--------------------
Learning Rate: 5e-05
2025-06-26 09:44:54.477033 Epoch [011/100], Step [0316/1264] (25%), Total Loss: 2.7876, Src Seg Loss: 0.1517, Tgt Seg Loss: 0.5312, Contrastive Loss: 0.0023, Domain Loss: 1.4398
2025-06-26 09:48:26.758957 Epoch [011/100], Step [0632/1264] (50%), Total Loss: 2.7805, Src Seg Loss: 0.2562, Tgt Seg Loss: 0.3339, Contrastive Loss: 0.0000, Domain Loss: 1.3915
2025-06-26 09:51:58.849006 Epoch [011/100], Step [0948/1264] (75%), Total Loss: 2.7479, Src Seg Loss: 0.2559, Tgt Seg Loss: 0.4569, Contrastive Loss: 0.0000, Domain Loss: 1.4598
2025-06-26 09:55:30.973896 Epoch [011/100], Step [1264/1264] (100%), Total Loss: 2.7876, Src Seg Loss: 0.4454, Tgt Seg Loss: 0.5208, Contrastive Loss: 0.0101, Domain Loss: 1.3567
Epoch 11 completed. Learning rate: 0.000050
Starting validation on target domain...
Target Domain Validation Results (Reference Only) - Loss: 0.7536
  IoU: 0.5422
  F1-Score: 0.7031
  Precision: 0.7353
  Recall: 0.6737
  Accuracy: 0.9726
New best model saved! Training loss: 2.7743
  Corresponding target validation IoU: 0.5422 (reference)
--------------------Epoch: 12/100--------------------
Learning Rate: 5e-05
2025-06-26 09:59:19.458258 Epoch [012/100], Step [0316/1264] (25%), Total Loss: 2.7668, Src Seg Loss: 0.3176, Tgt Seg Loss: 0.3885, Contrastive Loss: 0.0009, Domain Loss: 1.2945
2025-06-26 10:02:51.556473 Epoch [012/100], Step [0632/1264] (50%), Total Loss: 2.7148, Src Seg Loss: 0.2602, Tgt Seg Loss: 0.3519, Contrastive Loss: 0.0017, Domain Loss: 1.3996
2025-06-26 10:06:23.694651 Epoch [012/100], Step [0948/1264] (75%), Total Loss: 2.7312, Src Seg Loss: 0.1762, Tgt Seg Loss: 0.3145, Contrastive Loss: 0.0000, Domain Loss: 1.4512
2025-06-26 10:09:55.903406 Epoch [012/100], Step [1264/1264] (100%), Total Loss: 2.7018, Src Seg Loss: 0.2500, Tgt Seg Loss: 0.4108, Contrastive Loss: 0.0000, Domain Loss: 1.3375
Epoch 12 completed. Learning rate: 0.000050
Starting validation on target domain...
Target Domain Validation Results (Reference Only) - Loss: 0.7644
  IoU: 0.5475
  F1-Score: 0.7076
  Precision: 0.7332
  Recall: 0.6837
  Accuracy: 0.9727
New best model saved! Training loss: 2.7327
  Corresponding target validation IoU: 0.5475 (reference)
--------------------Epoch: 13/100--------------------
Learning Rate: 5e-05
2025-06-26 10:13:45.391817 Epoch [013/100], Step [0316/1264] (25%), Total Loss: 2.7210, Src Seg Loss: 0.2417, Tgt Seg Loss: 0.2804, Contrastive Loss: 0.0000, Domain Loss: 1.2666
2025-06-26 10:17:17.552316 Epoch [013/100], Step [0632/1264] (50%), Total Loss: 2.6696, Src Seg Loss: 0.3187, Tgt Seg Loss: 0.3582, Contrastive Loss: 0.0400, Domain Loss: 1.3082
2025-06-26 10:20:49.635349 Epoch [013/100], Step [0948/1264] (75%), Total Loss: 2.7279, Src Seg Loss: 0.2491, Tgt Seg Loss: 0.3455, Contrastive Loss: 0.0000, Domain Loss: 1.4745
2025-06-26 10:24:21.951828 Epoch [013/100], Step [1264/1264] (100%), Total Loss: 2.6756, Src Seg Loss: 0.2775, Tgt Seg Loss: 0.3347, Contrastive Loss: 0.0000, Domain Loss: 1.3885
Epoch 13 completed. Learning rate: 0.000050
Starting validation on target domain...
Target Domain Validation Results (Reference Only) - Loss: 0.7699
  IoU: 0.5557
  F1-Score: 0.7144
  Precision: 0.7648
  Recall: 0.6703
  Accuracy: 0.9741
New best model saved! Training loss: 2.6883
  Corresponding target validation IoU: 0.5557 (reference)
--------------------Epoch: 14/100--------------------
Learning Rate: 5e-05
2025-06-26 10:28:10.154074 Epoch [014/100], Step [0316/1264] (25%), Total Loss: 2.6645, Src Seg Loss: 0.3468, Tgt Seg Loss: 0.3154, Contrastive Loss: 0.0003, Domain Loss: 1.4085
2025-06-26 10:31:42.232623 Epoch [014/100], Step [0632/1264] (50%), Total Loss: 2.6165, Src Seg Loss: 0.2114, Tgt Seg Loss: 0.3032, Contrastive Loss: 0.0014, Domain Loss: 1.3723
2025-06-26 10:35:14.322203 Epoch [014/100], Step [0948/1264] (75%), Total Loss: 2.6179, Src Seg Loss: 0.2720, Tgt Seg Loss: 0.1778, Contrastive Loss: 0.0007, Domain Loss: 1.2788
2025-06-26 10:38:46.403959 Epoch [014/100], Step [1264/1264] (100%), Total Loss: 2.6296, Src Seg Loss: 0.2400, Tgt Seg Loss: 0.3684, Contrastive Loss: 0.0000, Domain Loss: 1.2407
Epoch 14 completed. Learning rate: 0.000050
Starting validation on target domain...
Target Domain Validation Results (Reference Only) - Loss: 0.8043
  IoU: 0.5217
  F1-Score: 0.6857
  Precision: 0.7555
  Recall: 0.6276
  Accuracy: 0.9722
New best model saved! Training loss: 2.6277
  Corresponding target validation IoU: 0.5217 (reference)
--------------------Epoch: 15/100--------------------
Learning Rate: 5e-05
2025-06-26 10:42:34.619190 Epoch [015/100], Step [0316/1264] (25%), Total Loss: 2.5548, Src Seg Loss: 0.2826, Tgt Seg Loss: 0.3725, Contrastive Loss: 0.0000, Domain Loss: 1.2577
2025-06-26 10:46:06.541921 Epoch [015/100], Step [0632/1264] (50%), Total Loss: 2.5599, Src Seg Loss: 0.2369, Tgt Seg Loss: 0.3169, Contrastive Loss: 0.0000, Domain Loss: 1.3774
2025-06-26 10:49:38.700490 Epoch [015/100], Step [0948/1264] (75%), Total Loss: 2.5401, Src Seg Loss: 0.1883, Tgt Seg Loss: 0.3016, Contrastive Loss: 0.0000, Domain Loss: 1.4041
2025-06-26 10:53:10.904656 Epoch [015/100], Step [1264/1264] (100%), Total Loss: 2.5635, Src Seg Loss: 0.3268, Tgt Seg Loss: 0.2806, Contrastive Loss: 0.0000, Domain Loss: 1.2068
Epoch 15 completed. Learning rate: 0.000050
Starting validation on target domain...
Target Domain Validation Results (Reference Only) - Loss: 0.7709
  IoU: 0.5646
  F1-Score: 0.7217
  Precision: 0.7456
  Recall: 0.6993
  Accuracy: 0.9740
New best model saved! Training loss: 2.5710
  Corresponding target validation IoU: 0.5646 (reference)
--------------------Epoch: 16/100--------------------
Learning Rate: 5e-05
2025-06-26 10:56:59.222481 Epoch [016/100], Step [0316/1264] (25%), Total Loss: 2.5398, Src Seg Loss: 0.2163, Tgt Seg Loss: 0.2964, Contrastive Loss: 0.0000, Domain Loss: 1.1921
2025-06-26 11:00:31.418725 Epoch [016/100], Step [0632/1264] (50%), Total Loss: 2.4969, Src Seg Loss: 0.3034, Tgt Seg Loss: 0.2322, Contrastive Loss: 0.0000, Domain Loss: 1.0270
2025-06-26 11:04:03.671301 Epoch [016/100], Step [0948/1264] (75%), Total Loss: 2.4983, Src Seg Loss: 0.2866, Tgt Seg Loss: 0.2513, Contrastive Loss: 0.0000, Domain Loss: 1.1005
2025-06-26 11:07:35.990311 Epoch [016/100], Step [1264/1264] (100%), Total Loss: 2.5243, Src Seg Loss: 0.2827, Tgt Seg Loss: 0.2605, Contrastive Loss: 0.0000, Domain Loss: 1.0925
Epoch 16 completed. Learning rate: 0.000050
Starting validation on target domain...
Target Domain Validation Results (Reference Only) - Loss: 0.8094
  IoU: 0.5340
  F1-Score: 0.6962
  Precision: 0.7659
  Recall: 0.6382
  Accuracy: 0.9731
New best model saved! Training loss: 2.5173
  Corresponding target validation IoU: 0.5340 (reference)
--------------------Epoch: 17/100--------------------
Learning Rate: 5e-05
2025-06-26 11:11:24.446343 Epoch [017/100], Step [0316/1264] (25%), Total Loss: 2.4815, Src Seg Loss: 0.2660, Tgt Seg Loss: 0.3409, Contrastive Loss: 0.0000, Domain Loss: 1.0971
2025-06-26 11:14:56.585911 Epoch [017/100], Step [0632/1264] (50%), Total Loss: 2.4632, Src Seg Loss: 0.2203, Tgt Seg Loss: 0.3413, Contrastive Loss: 0.0000, Domain Loss: 1.2947
2025-06-26 11:18:28.828103 Epoch [017/100], Step [0948/1264] (75%), Total Loss: 2.4693, Src Seg Loss: 0.2139, Tgt Seg Loss: 0.3257, Contrastive Loss: 0.0000, Domain Loss: 1.3710
2025-06-26 11:22:01.164005 Epoch [017/100], Step [1264/1264] (100%), Total Loss: 2.4762, Src Seg Loss: 0.2719, Tgt Seg Loss: 0.3468, Contrastive Loss: 0.0000, Domain Loss: 1.3565
Epoch 17 completed. Learning rate: 0.000050
Starting validation on target domain...
Target Domain Validation Results (Reference Only) - Loss: 0.7392
  IoU: 0.5674
  F1-Score: 0.7240
  Precision: 0.7142
  Recall: 0.7340
  Accuracy: 0.9730
New best model saved! Training loss: 2.4842
  Corresponding target validation IoU: 0.5674 (reference)
--------------------Epoch: 18/100--------------------
Learning Rate: 5e-05
2025-06-26 11:25:49.843384 Epoch [018/100], Step [0316/1264] (25%), Total Loss: 2.4773, Src Seg Loss: 0.1811, Tgt Seg Loss: 0.2768, Contrastive Loss: 0.0000, Domain Loss: 1.2765
2025-06-26 11:29:21.967240 Epoch [018/100], Step [0632/1264] (50%), Total Loss: 2.4188, Src Seg Loss: 0.2927, Tgt Seg Loss: 0.2605, Contrastive Loss: 0.0000, Domain Loss: 1.1329
2025-06-26 11:32:54.179085 Epoch [018/100], Step [0948/1264] (75%), Total Loss: 2.4527, Src Seg Loss: 0.2521, Tgt Seg Loss: 0.2880, Contrastive Loss: 0.0000, Domain Loss: 1.1287
2025-06-26 11:36:26.539308 Epoch [018/100], Step [1264/1264] (100%), Total Loss: 2.4712, Src Seg Loss: 0.1812, Tgt Seg Loss: 0.3418, Contrastive Loss: 0.0000, Domain Loss: 1.3094
Epoch 18 completed. Learning rate: 0.000050
Starting validation on target domain...
Target Domain Validation Results (Reference Only) - Loss: 0.7863
  IoU: 0.5511
  F1-Score: 0.7106
  Precision: 0.7623
  Recall: 0.6654
  Accuracy: 0.9738
New best model saved! Training loss: 2.4594
  Corresponding target validation IoU: 0.5511 (reference)
--------------------Epoch: 19/100--------------------
Learning Rate: 5e-05
2025-06-26 11:40:14.860083 Epoch [019/100], Step [0316/1264] (25%), Total Loss: 2.4429, Src Seg Loss: 0.1739, Tgt Seg Loss: 0.2435, Contrastive Loss: 0.0003, Domain Loss: 1.1359
2025-06-26 11:43:47.076719 Epoch [019/100], Step [0632/1264] (50%), Total Loss: 2.4213, Src Seg Loss: 0.2308, Tgt Seg Loss: 0.2867, Contrastive Loss: 0.0000, Domain Loss: 1.3175
2025-06-26 11:47:19.386589 Epoch [019/100], Step [0948/1264] (75%), Total Loss: 2.4308, Src Seg Loss: 0.2231, Tgt Seg Loss: 0.2742, Contrastive Loss: 0.0000, Domain Loss: 1.3470
2025-06-26 11:50:51.529351 Epoch [019/100], Step [1264/1264] (100%), Total Loss: 2.4092, Src Seg Loss: 0.1803, Tgt Seg Loss: 0.2348, Contrastive Loss: 0.0000, Domain Loss: 1.1835
Epoch 19 completed. Learning rate: 0.000050
Starting validation on target domain...
Target Domain Validation Results (Reference Only) - Loss: 0.7731
  IoU: 0.5641
  F1-Score: 0.7213
  Precision: 0.7379
  Recall: 0.7054
  Accuracy: 0.9737
New best model saved! Training loss: 2.4299
  Corresponding target validation IoU: 0.5641 (reference)
--------------------Epoch: 20/100--------------------
Learning Rate: 5e-05
2025-06-26 11:54:39.707928 Epoch [020/100], Step [0316/1264] (25%), Total Loss: 2.3772, Src Seg Loss: 0.1833, Tgt Seg Loss: 0.2191, Contrastive Loss: 0.0000, Domain Loss: 1.2158
2025-06-26 11:58:11.627107 Epoch [020/100], Step [0632/1264] (50%), Total Loss: 2.3619, Src Seg Loss: 0.2573, Tgt Seg Loss: 0.2067, Contrastive Loss: 0.0000, Domain Loss: 1.0560
2025-06-26 12:01:43.768944 Epoch [020/100], Step [0948/1264] (75%), Total Loss: 2.4126, Src Seg Loss: 0.3078, Tgt Seg Loss: 0.1771, Contrastive Loss: 0.0000, Domain Loss: 1.0190
2025-06-26 12:05:15.944609 Epoch [020/100], Step [1264/1264] (100%), Total Loss: 2.4318, Src Seg Loss: 0.3204, Tgt Seg Loss: 0.2452, Contrastive Loss: 0.0000, Domain Loss: 0.9307
Epoch 20 completed. Learning rate: 0.000050
Starting validation on target domain...
Target Domain Validation Results (Reference Only) - Loss: 0.7803
  IoU: 0.5719
  F1-Score: 0.7277
  Precision: 0.7425
  Recall: 0.7134
  Accuracy: 0.9742
New best model saved! Training loss: 2.4077
  Corresponding target validation IoU: 0.5719 (reference)
Checkpoint saved: SMOKE5K_Dataset_SMOKE5K_train_to_ijmond_camera_SMOKE5K-full_non_constraint_da_epoch_020_from_scratch.pth
--------------------Epoch: 21/100--------------------
Learning Rate: 5e-05
2025-06-26 12:09:04.661162 Epoch [021/100], Step [0316/1264] (25%), Total Loss: 2.3911, Src Seg Loss: 0.1664, Tgt Seg Loss: 0.2230, Contrastive Loss: 0.0000, Domain Loss: 1.4243
2025-06-26 12:12:36.783822 Epoch [021/100], Step [0632/1264] (50%), Total Loss: 2.3715, Src Seg Loss: 0.1536, Tgt Seg Loss: 0.2668, Contrastive Loss: 0.0000, Domain Loss: 1.3238
2025-06-26 12:16:08.995498 Epoch [021/100], Step [0948/1264] (75%), Total Loss: 2.3633, Src Seg Loss: 0.2017, Tgt Seg Loss: 0.2839, Contrastive Loss: 0.0000, Domain Loss: 1.1610
2025-06-26 12:19:41.223956 Epoch [021/100], Step [1264/1264] (100%), Total Loss: 2.4068, Src Seg Loss: 0.2307, Tgt Seg Loss: 0.2570, Contrastive Loss: 0.0000, Domain Loss: 1.0203
Epoch 21 completed. Learning rate: 0.000050
Starting validation on target domain...
Target Domain Validation Results (Reference Only) - Loss: 0.8236
  IoU: 0.5554
  F1-Score: 0.7141
  Precision: 0.7838
  Recall: 0.6559
  Accuracy: 0.9747
New best model saved! Training loss: 2.3884
  Corresponding target validation IoU: 0.5554 (reference)
--------------------Epoch: 22/100--------------------
Learning Rate: 5e-05
2025-06-26 12:23:29.874989 Epoch [022/100], Step [0316/1264] (25%), Total Loss: 2.3597, Src Seg Loss: 0.2016, Tgt Seg Loss: 0.1998, Contrastive Loss: 0.0000, Domain Loss: 1.0553
2025-06-26 12:27:02.067802 Epoch [022/100], Step [0632/1264] (50%), Total Loss: 2.3369, Src Seg Loss: 0.2260, Tgt Seg Loss: 0.1745, Contrastive Loss: 0.0000, Domain Loss: 1.0699
2025-06-26 12:30:34.326690 Epoch [022/100], Step [0948/1264] (75%), Total Loss: 2.4028, Src Seg Loss: 0.2823, Tgt Seg Loss: 0.2064, Contrastive Loss: 0.0000, Domain Loss: 1.2122
2025-06-26 12:34:06.435320 Epoch [022/100], Step [1264/1264] (100%), Total Loss: 2.3639, Src Seg Loss: 0.1618, Tgt Seg Loss: 0.2966, Contrastive Loss: 0.0000, Domain Loss: 1.2031
Epoch 22 completed. Learning rate: 0.000050
Starting validation on target domain...
Target Domain Validation Results (Reference Only) - Loss: 0.8717
  IoU: 0.5298
  F1-Score: 0.6926
  Precision: 0.7722
  Recall: 0.6278
  Accuracy: 0.9731
New best model saved! Training loss: 2.3870
  Corresponding target validation IoU: 0.5298 (reference)
--------------------Epoch: 23/100--------------------
Learning Rate: 5e-05
2025-06-26 12:37:59.615324 Epoch [023/100], Step [0316/1264] (25%), Total Loss: 2.3388, Src Seg Loss: 0.1741, Tgt Seg Loss: 0.2405, Contrastive Loss: 0.0000, Domain Loss: 1.0606
2025-06-26 12:41:31.671799 Epoch [023/100], Step [0632/1264] (50%), Total Loss: 2.3307, Src Seg Loss: 0.2055, Tgt Seg Loss: 0.2628, Contrastive Loss: 0.0000, Domain Loss: 1.0410
2025-06-26 12:45:03.707768 Epoch [023/100], Step [0948/1264] (75%), Total Loss: 2.3822, Src Seg Loss: 0.1812, Tgt Seg Loss: 0.1943, Contrastive Loss: 0.0000, Domain Loss: 1.1184
2025-06-26 12:48:35.828259 Epoch [023/100], Step [1264/1264] (100%), Total Loss: 2.3974, Src Seg Loss: 0.3007, Tgt Seg Loss: 0.2408, Contrastive Loss: 0.0003, Domain Loss: 0.9655
Epoch 23 completed. Learning rate: 0.000050
Starting validation on target domain...
Target Domain Validation Results (Reference Only) - Loss: 0.8011
  IoU: 0.5680
  F1-Score: 0.7245
  Precision: 0.7473
  Recall: 0.7031
  Accuracy: 0.9742
New best model saved! Training loss: 2.3699
  Corresponding target validation IoU: 0.5680 (reference)
--------------------Epoch: 24/100--------------------
Learning Rate: 5e-05
2025-06-26 12:52:23.995692 Epoch [024/100], Step [0316/1264] (25%), Total Loss: 2.3492, Src Seg Loss: 0.3218, Tgt Seg Loss: 0.2459, Contrastive Loss: 0.0000, Domain Loss: 1.0270
2025-06-26 12:55:56.096831 Epoch [024/100], Step [0632/1264] (50%), Total Loss: 2.3486, Src Seg Loss: 0.2069, Tgt Seg Loss: 0.2250, Contrastive Loss: 0.0000, Domain Loss: 1.3345
2025-06-26 12:59:28.167939 Epoch [024/100], Step [0948/1264] (75%), Total Loss: 2.3795, Src Seg Loss: 0.1612, Tgt Seg Loss: 0.2693, Contrastive Loss: 0.0000, Domain Loss: 1.0284
2025-06-26 13:03:00.297491 Epoch [024/100], Step [1264/1264] (100%), Total Loss: 2.3936, Src Seg Loss: 0.2189, Tgt Seg Loss: 0.2125, Contrastive Loss: 0.0000, Domain Loss: 0.9945
Epoch 24 completed. Learning rate: 0.000050
Starting validation on target domain...
Target Domain Validation Results (Reference Only) - Loss: 0.8312
  IoU: 0.5622
  F1-Score: 0.7197
  Precision: 0.7635
  Recall: 0.6807
  Accuracy: 0.9744
New best model saved! Training loss: 2.3626
  Corresponding target validation IoU: 0.5622 (reference)
--------------------Epoch: 25/100--------------------
Learning Rate: 5e-05
2025-06-26 13:06:48.646594 Epoch [025/100], Step [0316/1264] (25%), Total Loss: 2.4157, Src Seg Loss: 0.2143, Tgt Seg Loss: 0.1419, Contrastive Loss: 0.0000, Domain Loss: 1.2600
2025-06-26 13:10:20.814913 Epoch [025/100], Step [0632/1264] (50%), Total Loss: 2.3356, Src Seg Loss: 0.1788, Tgt Seg Loss: 0.2490, Contrastive Loss: 0.0000, Domain Loss: 1.1200
2025-06-26 13:13:52.978007 Epoch [025/100], Step [0948/1264] (75%), Total Loss: 2.3612, Src Seg Loss: 0.1875, Tgt Seg Loss: 0.2547, Contrastive Loss: 0.0000, Domain Loss: 1.0395
2025-06-26 13:17:25.220621 Epoch [025/100], Step [1264/1264] (100%), Total Loss: 2.3758, Src Seg Loss: 0.1596, Tgt Seg Loss: 0.2312, Contrastive Loss: 0.0000, Domain Loss: 1.2132
Epoch 25 completed. Learning rate: 0.000050
Starting validation on target domain...
Target Domain Validation Results (Reference Only) - Loss: 0.8557
  IoU: 0.5394
  F1-Score: 0.7008
  Precision: 0.7682
  Recall: 0.6443
  Accuracy: 0.9735
New best model saved! Training loss: 2.3622
  Corresponding target validation IoU: 0.5394 (reference)
--------------------Epoch: 26/100--------------------
Learning Rate: 5e-05
2025-06-26 13:21:13.658828 Epoch [026/100], Step [0316/1264] (25%), Total Loss: 2.4168, Src Seg Loss: 0.1742, Tgt Seg Loss: 0.1988, Contrastive Loss: 0.0000, Domain Loss: 1.1164
2025-06-26 13:24:45.765533 Epoch [026/100], Step [0632/1264] (50%), Total Loss: 2.3673, Src Seg Loss: 0.2835, Tgt Seg Loss: 0.2442, Contrastive Loss: 0.0000, Domain Loss: 1.1641
2025-06-26 13:28:17.854944 Epoch [026/100], Step [0948/1264] (75%), Total Loss: 2.4081, Src Seg Loss: 0.1642, Tgt Seg Loss: 0.1579, Contrastive Loss: 0.0000, Domain Loss: 1.0687
2025-06-26 13:31:50.168207 Epoch [026/100], Step [1264/1264] (100%), Total Loss: 2.4299, Src Seg Loss: 0.1912, Tgt Seg Loss: 0.1816, Contrastive Loss: 0.0000, Domain Loss: 1.1718
Epoch 26 completed. Learning rate: 0.000050
Starting validation on target domain...
Target Domain Validation Results (Reference Only) - Loss: 0.8446
  IoU: 0.5410
  F1-Score: 0.7021
  Precision: 0.7554
  Recall: 0.6558
  Accuracy: 0.9731
Early stopping triggered at epoch 26
Best training loss: 2.3622 achieved at epoch 25

==================================================
Two-Domain Adaptive Training with Pseudo Labels completed!
Source Domain: SMOKE5K_Dataset_SMOKE5K_train (Ground Truth Labels - Full Dataset)
Target Domain: ijmond_camera_SMOKE5K-full_non_constraint (Pseudo Labels)
Pseudo Label Weight: 0.5
Best training loss: 2.3622 achieved at epoch 25
Best model saved at: models/thesis/smoke5k-to-ijmond-non-constraint-full/SMOKE5K_Dataset_SMOKE5K_train_to_ijmond_camera_SMOKE5K-full_non_constraint_da/SMOKE5K_Dataset_SMOKE5K_train_to_ijmond_camera_SMOKE5K-full_non_constraint_da_best_model.pth
==================================================

JOB STATISTICS
==============
Job ID: 12634802
Cluster: snellius
User/Group: ytao/ytao
State: RUNNING
Nodes: 1
Cores per node: 9
CPU Utilized: 00:00:00
CPU Efficiency: 0.00% of 2-08:18:36 core-walltime
Job Wall-clock time: 06:15:24
Memory Utilized: 0.00 MB
Memory Efficiency: 0.00% of 24.00 GB (24.00 GB/node)
WARNING: Efficiency statistics can only be obtained after the job has ended as seff tool is based on the accounting database data.
