================================================================================
SEMI-SUPERVISED TRAINING CONFIGURATION
================================================================================
ðŸ“‹ BASIC TRAINING SETTINGS
----------------------------------------
  Training Epochs: 50
  Batch Size: 8
  Training Image Size: 352x352
  Device: cuda
  Model Name: SMOKE5K_Dataset_SMOKE5K_train_ssl_ijmond_data_train

âš™ï¸  OPTIMIZER SETTINGS
----------------------------------------
  Generator Learning Rate: 5e-05
  Adam Beta: 0.5
  Gradient Clipping: 0.5
  LR Decay Factor: 0.8
  LR Patience (epochs): 12

ðŸ—ï¸  MODEL ARCHITECTURE
----------------------------------------
  Feature Channels: 32
  Latent Dimension: 3
  Contrastive Layer Filters: 16

ðŸ“Š LOSS FUNCTION WEIGHTS
----------------------------------------
  L2 Regularization: 0.0001
  Latent Loss: 2.0
  VAE Loss: 1.0
  Contrastive Loss: 0.1

ðŸŽ¯ SEMI-SUPERVISED LEARNING
----------------------------------------
  Contrastive Pixel Matching: Intra-image
  Contrastive Sample Count: 500

ðŸ“ DATASET CONFIGURATION
----------------------------------------
  Labeled Dataset: data/SMOKE5K_Dataset/SMOKE5K/train
  Labeled Dataset Name: SMOKE5K_Dataset_SMOKE5K_train
  Unlabeled Dataset: data/ijmond_data/train
  Unlabeled Dataset Name: ijmond_data_train
  Pretrained Weights: None
  Original Save Path: models/semi-supervision
  Final Save Path: models/semi-supervision/SMOKE5K_Dataset_SMOKE5K_train_ssl_ijmond_data_train

âœ… VALIDATION & EARLY STOPPING
----------------------------------------
  Enable Validation: True
  Validation Split: 0.2
  Early Stopping Patience: 45
  Min Delta for Improvement: 0.0001

ðŸ”€ DATA AUGMENTATION & REPRODUCIBILITY
----------------------------------------
  Data Augmentation (unlabeled): True
  Freeze Randomness: False
  Random Seed: 123
  âœ… Data augmentation enabled for unlabeled data
================================================================================
Total dataset size: 5058
Training set size: 4046
Validation set size: 1012
Labeled training set size: 505
Validation set size: 126
Dataset size: 100
  - Data augmentation: ENABLED
Unlabeled dataset size: 12
Learning Rate Scheduler configured:
  - Type: ReduceLROnPlateau (adaptive based on loss)
  - Patience (epochs to wait): 12
  - Decay Factor: 0.8
  - Minimum LR: 1e-7
Let's go!
Created save directory: models/semi-supervision/SMOKE5K_Dataset_SMOKE5K_train_ssl_ijmond_data_train
--------------------Epoch: 1/50--------------------
Generator Learning Rate: 5e-05
2025-06-23 13:43:29.105371 Epoch [001/050], Step [0126/0505] (25%), Gen Loss: 2.0598
2025-06-23 13:45:11.189016 Epoch [001/050], Step [0252/0505] (50%), Gen Loss: 1.7865
2025-06-23 13:46:53.366521 Epoch [001/050], Step [0378/0505] (75%), Gen Loss: 1.6733
2025-06-23 13:48:36.171478 Epoch [001/050], Step [0505/0505] (100%), Gen Loss: 1.6186
Epoch 1 completed. Learning rate: 0.000050
Starting validation...
Validation Results - Loss: 0.7249
  IoU: 0.7320
  F1-Score: 0.8453
  Precision: 0.7947
  Recall: 0.9027
  Accuracy: 0.9234
New best model saved! Validation IoU: 0.7320
--------------------Epoch: 2/50--------------------
Generator Learning Rate: 5e-05
2025-06-23 13:50:31.822160 Epoch [002/050], Step [0126/0505] (25%), Gen Loss: 1.5834
2025-06-23 13:52:13.802350 Epoch [002/050], Step [0252/0505] (50%), Gen Loss: 1.5570
2025-06-23 13:53:55.884554 Epoch [002/050], Step [0378/0505] (75%), Gen Loss: 1.5304
2025-06-23 13:55:38.883874 Epoch [002/050], Step [0505/0505] (100%), Gen Loss: 1.5060
Epoch 2 completed. Learning rate: 0.000050
Starting validation...
Validation Results - Loss: 0.6132
  IoU: 0.7837
  F1-Score: 0.8788
  Precision: 0.8877
  Recall: 0.8700
  Accuracy: 0.9444
New best model saved! Validation IoU: 0.7837
--------------------Epoch: 3/50--------------------
Generator Learning Rate: 5e-05
2025-06-23 13:57:34.314830 Epoch [003/050], Step [0126/0505] (25%), Gen Loss: 1.4664
2025-06-23 13:59:16.336670 Epoch [003/050], Step [0252/0505] (50%), Gen Loss: 1.4466
2025-06-23 14:00:58.458014 Epoch [003/050], Step [0378/0505] (75%), Gen Loss: 1.4333
2025-06-23 14:02:41.342525 Epoch [003/050], Step [0505/0505] (100%), Gen Loss: 1.4232
Epoch 3 completed. Learning rate: 0.000050
Starting validation...
Validation Results - Loss: 0.5970
  IoU: 0.7862
  F1-Score: 0.8803
  Precision: 0.8606
  Recall: 0.9009
  Accuracy: 0.9432
New best model saved! Validation IoU: 0.7862
--------------------Epoch: 4/50--------------------
Generator Learning Rate: 5e-05
2025-06-23 14:04:36.918458 Epoch [004/050], Step [0126/0505] (25%), Gen Loss: 1.4211
2025-06-23 14:06:19.148293 Epoch [004/050], Step [0252/0505] (50%), Gen Loss: 1.4109
2025-06-23 14:08:01.114224 Epoch [004/050], Step [0378/0505] (75%), Gen Loss: 1.3940
2025-06-23 14:09:44.146845 Epoch [004/050], Step [0505/0505] (100%), Gen Loss: 1.3862
Epoch 4 completed. Learning rate: 0.000050
Starting validation...
Validation Results - Loss: 0.5513
  IoU: 0.8023
  F1-Score: 0.8903
  Precision: 0.8683
  Recall: 0.9136
  Accuracy: 0.9478
New best model saved! Validation IoU: 0.8023
--------------------Epoch: 5/50--------------------
Generator Learning Rate: 5e-05
2025-06-23 14:11:40.022959 Epoch [005/050], Step [0126/0505] (25%), Gen Loss: 1.3577
2025-06-23 14:13:22.079589 Epoch [005/050], Step [0252/0505] (50%), Gen Loss: 1.3713
2025-06-23 14:15:04.042267 Epoch [005/050], Step [0378/0505] (75%), Gen Loss: 1.3297
2025-06-23 14:16:46.942880 Epoch [005/050], Step [0505/0505] (100%), Gen Loss: 1.3428
Epoch 5 completed. Learning rate: 0.000050
Starting validation...
Validation Results - Loss: 0.5420
  IoU: 0.8051
  F1-Score: 0.8920
  Precision: 0.8788
  Recall: 0.9056
  Accuracy: 0.9492
New best model saved! Validation IoU: 0.8051
--------------------Epoch: 6/50--------------------
Generator Learning Rate: 5e-05
2025-06-23 14:18:42.758448 Epoch [006/050], Step [0126/0505] (25%), Gen Loss: 1.3095
2025-06-23 14:20:24.807885 Epoch [006/050], Step [0252/0505] (50%), Gen Loss: 1.3282
2025-06-23 14:22:06.880713 Epoch [006/050], Step [0378/0505] (75%), Gen Loss: 1.2995
2025-06-23 14:23:49.589778 Epoch [006/050], Step [0505/0505] (100%), Gen Loss: 1.3281
Epoch 6 completed. Learning rate: 0.000050
Starting validation...
Validation Results - Loss: 0.5334
  IoU: 0.8160
  F1-Score: 0.8987
  Precision: 0.8938
  Recall: 0.9036
  Accuracy: 0.9528
New best model saved! Validation IoU: 0.8160
--------------------Epoch: 7/50--------------------
Generator Learning Rate: 5e-05
2025-06-23 14:25:45.427060 Epoch [007/050], Step [0126/0505] (25%), Gen Loss: 1.2616
2025-06-23 14:27:27.591302 Epoch [007/050], Step [0252/0505] (50%), Gen Loss: 1.2638
2025-06-23 14:29:09.795674 Epoch [007/050], Step [0378/0505] (75%), Gen Loss: 1.2847
2025-06-23 14:30:52.809829 Epoch [007/050], Step [0505/0505] (100%), Gen Loss: 1.2655
Epoch 7 completed. Learning rate: 0.000050
Starting validation...
Validation Results - Loss: 0.5296
  IoU: 0.8183
  F1-Score: 0.9001
  Precision: 0.8949
  Recall: 0.9053
  Accuracy: 0.9534
New best model saved! Validation IoU: 0.8183
--------------------Epoch: 8/50--------------------
Generator Learning Rate: 5e-05
2025-06-23 14:32:48.144626 Epoch [008/050], Step [0126/0505] (25%), Gen Loss: 1.2621
2025-06-23 14:34:29.599545 Epoch [008/050], Step [0252/0505] (50%), Gen Loss: 1.2561
2025-06-23 14:36:11.310962 Epoch [008/050], Step [0378/0505] (75%), Gen Loss: 1.2390
2025-06-23 14:37:53.741014 Epoch [008/050], Step [0505/0505] (100%), Gen Loss: 1.2337
Epoch 8 completed. Learning rate: 0.000050
Starting validation...
Validation Results - Loss: 0.5409
  IoU: 0.8194
  F1-Score: 0.9008
  Precision: 0.9323
  Recall: 0.8713
  Accuracy: 0.9555
New best model saved! Validation IoU: 0.8194
--------------------Epoch: 9/50--------------------
Generator Learning Rate: 5e-05
2025-06-23 14:39:49.060015 Epoch [009/050], Step [0126/0505] (25%), Gen Loss: 1.2192
2025-06-23 14:41:30.773005 Epoch [009/050], Step [0252/0505] (50%), Gen Loss: 1.2201
2025-06-23 14:43:12.696484 Epoch [009/050], Step [0378/0505] (75%), Gen Loss: 1.2253
2025-06-23 14:44:55.138710 Epoch [009/050], Step [0505/0505] (100%), Gen Loss: 1.2161
Epoch 9 completed. Learning rate: 0.000050
Starting validation...
Validation Results - Loss: 0.5102
  IoU: 0.8273
  F1-Score: 0.9055
  Precision: 0.9008
  Recall: 0.9103
  Accuracy: 0.9560
New best model saved! Validation IoU: 0.8273
--------------------Epoch: 10/50--------------------
Generator Learning Rate: 5e-05
2025-06-23 14:46:50.027668 Epoch [010/050], Step [0126/0505] (25%), Gen Loss: 1.1923
2025-06-23 14:48:31.599993 Epoch [010/050], Step [0252/0505] (50%), Gen Loss: 1.1986
2025-06-23 14:50:13.268572 Epoch [010/050], Step [0378/0505] (75%), Gen Loss: 1.2026
2025-06-23 14:51:55.897871 Epoch [010/050], Step [0505/0505] (100%), Gen Loss: 1.1874
Epoch 10 completed. Learning rate: 0.000050
Starting validation...
Validation Results - Loss: 0.5270
  IoU: 0.8269
  F1-Score: 0.9053
  Precision: 0.9031
  Recall: 0.9075
  Accuracy: 0.9560
Checkpoint saved: SMOKE5K_Dataset_SMOKE5K_train_ssl_ijmond_data_train_epoch_010_from_scratch.pth
--------------------Epoch: 11/50--------------------
Generator Learning Rate: 5e-05
2025-06-23 14:53:51.389143 Epoch [011/050], Step [0126/0505] (25%), Gen Loss: 1.1828
2025-06-23 14:55:33.508304 Epoch [011/050], Step [0252/0505] (50%), Gen Loss: 1.1793
2025-06-23 14:57:15.796483 Epoch [011/050], Step [0378/0505] (75%), Gen Loss: 1.1776
2025-06-23 14:58:58.979881 Epoch [011/050], Step [0505/0505] (100%), Gen Loss: 1.1552
Epoch 11 completed. Learning rate: 0.000050
Starting validation...
Validation Results - Loss: 0.5444
  IoU: 0.8305
  F1-Score: 0.9074
  Precision: 0.9222
  Recall: 0.8931
  Accuracy: 0.9578
New best model saved! Validation IoU: 0.8305
--------------------Epoch: 12/50--------------------
Generator Learning Rate: 5e-05
2025-06-23 15:00:54.969385 Epoch [012/050], Step [0126/0505] (25%), Gen Loss: 1.1663
2025-06-23 15:02:37.178341 Epoch [012/050], Step [0252/0505] (50%), Gen Loss: 1.1745
2025-06-23 15:04:19.264309 Epoch [012/050], Step [0378/0505] (75%), Gen Loss: 1.1625
2025-06-23 15:06:02.299768 Epoch [012/050], Step [0505/0505] (100%), Gen Loss: 1.1591
Epoch 12 completed. Learning rate: 0.000050
Starting validation...
Validation Results - Loss: 0.5457
  IoU: 0.8290
  F1-Score: 0.9065
  Precision: 0.9184
  Recall: 0.8950
  Accuracy: 0.9572
--------------------Epoch: 13/50--------------------
Generator Learning Rate: 5e-05
2025-06-23 15:07:57.460554 Epoch [013/050], Step [0126/0505] (25%), Gen Loss: 1.1566
2025-06-23 15:09:39.552775 Epoch [013/050], Step [0252/0505] (50%), Gen Loss: 1.1446
2025-06-23 15:11:21.548187 Epoch [013/050], Step [0378/0505] (75%), Gen Loss: 1.1511
2025-06-23 15:13:04.566533 Epoch [013/050], Step [0505/0505] (100%), Gen Loss: 1.1826
Epoch 13 completed. Learning rate: 0.000050
Starting validation...
Validation Results - Loss: 0.5392
  IoU: 0.8322
  F1-Score: 0.9084
  Precision: 0.9213
  Recall: 0.8959
  Accuracy: 0.9581
New best model saved! Validation IoU: 0.8322
--------------------Epoch: 14/50--------------------
Generator Learning Rate: 5e-05
2025-06-23 15:15:00.005629 Epoch [014/050], Step [0126/0505] (25%), Gen Loss: 1.1350
2025-06-23 15:16:42.112685 Epoch [014/050], Step [0252/0505] (50%), Gen Loss: 1.1384
2025-06-23 15:18:24.582297 Epoch [014/050], Step [0378/0505] (75%), Gen Loss: 1.1455
2025-06-23 15:20:07.587596 Epoch [014/050], Step [0505/0505] (100%), Gen Loss: 1.1312
Epoch 14 completed. Learning rate: 0.000050
Starting validation...
Validation Results - Loss: 0.5381
  IoU: 0.8344
  F1-Score: 0.9097
  Precision: 0.9105
  Recall: 0.9090
  Accuracy: 0.9582
New best model saved! Validation IoU: 0.8344
--------------------Epoch: 15/50--------------------
Generator Learning Rate: 5e-05
2025-06-23 15:22:03.493533 Epoch [015/050], Step [0126/0505] (25%), Gen Loss: 1.1221
2025-06-23 15:23:45.824745 Epoch [015/050], Step [0252/0505] (50%), Gen Loss: 1.1415
2025-06-23 15:25:27.808700 Epoch [015/050], Step [0378/0505] (75%), Gen Loss: 1.1277
2025-06-23 15:27:10.910567 Epoch [015/050], Step [0505/0505] (100%), Gen Loss: 1.1235
Epoch 15 completed. Learning rate: 0.000050
Starting validation...
Validation Results - Loss: 0.5440
  IoU: 0.8311
  F1-Score: 0.9078
  Precision: 0.9033
  Recall: 0.9123
  Accuracy: 0.9570
--------------------Epoch: 16/50--------------------
Generator Learning Rate: 5e-05
2025-06-23 15:29:06.670908 Epoch [016/050], Step [0126/0505] (25%), Gen Loss: 1.1335
2025-06-23 15:30:49.214393 Epoch [016/050], Step [0252/0505] (50%), Gen Loss: 1.1117
2025-06-23 15:32:31.481798 Epoch [016/050], Step [0378/0505] (75%), Gen Loss: 1.1242
2025-06-23 15:34:14.226666 Epoch [016/050], Step [0505/0505] (100%), Gen Loss: 1.1048
Epoch 16 completed. Learning rate: 0.000050
Starting validation...
Validation Results - Loss: 0.5586
  IoU: 0.8295
  F1-Score: 0.9068
  Precision: 0.9248
  Recall: 0.8895
  Accuracy: 0.9576
--------------------Epoch: 17/50--------------------
Generator Learning Rate: 5e-05
2025-06-23 15:36:09.730094 Epoch [017/050], Step [0126/0505] (25%), Gen Loss: 1.1177
2025-06-23 15:37:51.795671 Epoch [017/050], Step [0252/0505] (50%), Gen Loss: 1.1051
2025-06-23 15:39:33.817257 Epoch [017/050], Step [0378/0505] (75%), Gen Loss: 1.0994
2025-06-23 15:41:16.338508 Epoch [017/050], Step [0505/0505] (100%), Gen Loss: 1.1172
Epoch 17 completed. Learning rate: 0.000050
Starting validation...
Validation Results - Loss: 0.5608
  IoU: 0.8328
  F1-Score: 0.9088
  Precision: 0.9177
  Recall: 0.9001
  Accuracy: 0.9581
--------------------Epoch: 18/50--------------------
Generator Learning Rate: 5e-05
2025-06-23 15:43:11.112190 Epoch [018/050], Step [0126/0505] (25%), Gen Loss: 1.1022
2025-06-23 15:44:52.805304 Epoch [018/050], Step [0252/0505] (50%), Gen Loss: 1.1157
2025-06-23 15:46:34.330212 Epoch [018/050], Step [0378/0505] (75%), Gen Loss: 1.1060
2025-06-23 15:48:16.868875 Epoch [018/050], Step [0505/0505] (100%), Gen Loss: 1.0976
Epoch 18 completed. Learning rate: 0.000050
Starting validation...
Validation Results - Loss: 0.5459
  IoU: 0.8336
  F1-Score: 0.9092
  Precision: 0.8996
  Recall: 0.9191
  Accuracy: 0.9575
--------------------Epoch: 19/50--------------------
Generator Learning Rate: 5e-05
2025-06-23 15:50:11.513977 Epoch [019/050], Step [0126/0505] (25%), Gen Loss: 1.0924
2025-06-23 15:51:53.157105 Epoch [019/050], Step [0252/0505] (50%), Gen Loss: 1.0873
2025-06-23 15:53:34.846224 Epoch [019/050], Step [0378/0505] (75%), Gen Loss: 1.1027
2025-06-23 15:55:17.069730 Epoch [019/050], Step [0505/0505] (100%), Gen Loss: 1.0961
Epoch 19 completed. Learning rate: 0.000050
Starting validation...
Validation Results - Loss: 0.5570
  IoU: 0.8357
  F1-Score: 0.9105
  Precision: 0.9201
  Recall: 0.9010
  Accuracy: 0.9589
New best model saved! Validation IoU: 0.8357
--------------------Epoch: 20/50--------------------
Generator Learning Rate: 5e-05
2025-06-23 15:57:12.014925 Epoch [020/050], Step [0126/0505] (25%), Gen Loss: 1.0814
2025-06-23 15:58:53.431417 Epoch [020/050], Step [0252/0505] (50%), Gen Loss: 1.0945
2025-06-23 16:00:35.032111 Epoch [020/050], Step [0378/0505] (75%), Gen Loss: 1.0823
2025-06-23 16:02:18.124669 Epoch [020/050], Step [0505/0505] (100%), Gen Loss: 1.0808
Epoch 20 completed. Learning rate: 0.000050
Starting validation...
Validation Results - Loss: 0.5803
  IoU: 0.8349
  F1-Score: 0.9100
  Precision: 0.9298
  Recall: 0.8910
  Accuracy: 0.9592
Checkpoint saved: SMOKE5K_Dataset_SMOKE5K_train_ssl_ijmond_data_train_epoch_020_from_scratch.pth
--------------------Epoch: 21/50--------------------
Generator Learning Rate: 5e-05
2025-06-23 16:04:13.626715 Epoch [021/050], Step [0126/0505] (25%), Gen Loss: 1.0835
2025-06-23 16:05:55.578335 Epoch [021/050], Step [0252/0505] (50%), Gen Loss: 1.0774
2025-06-23 16:07:37.474536 Epoch [021/050], Step [0378/0505] (75%), Gen Loss: 1.0737
2025-06-23 16:09:20.052054 Epoch [021/050], Step [0505/0505] (100%), Gen Loss: 1.0819
Epoch 21 completed. Learning rate: 0.000050
Starting validation...
Validation Results - Loss: 0.5773
  IoU: 0.8367
  F1-Score: 0.9111
  Precision: 0.9289
  Recall: 0.8940
  Accuracy: 0.9596
New best model saved! Validation IoU: 0.8367
--------------------Epoch: 22/50--------------------
Generator Learning Rate: 5e-05
2025-06-23 16:11:15.592098 Epoch [022/050], Step [0126/0505] (25%), Gen Loss: 1.0654
2025-06-23 16:12:57.569992 Epoch [022/050], Step [0252/0505] (50%), Gen Loss: 1.0914
2025-06-23 16:14:39.308835 Epoch [022/050], Step [0378/0505] (75%), Gen Loss: 1.0725
2025-06-23 16:16:21.952503 Epoch [022/050], Step [0505/0505] (100%), Gen Loss: 1.0631
Epoch 22 completed. Learning rate: 0.000050
Starting validation...
Validation Results - Loss: 0.6162
  IoU: 0.8271
  F1-Score: 0.9054
  Precision: 0.9405
  Recall: 0.8728
  Accuracy: 0.9577
Learning rate adjusted after validation: 0.000050 -> 0.000040
--------------------Epoch: 23/50--------------------
Generator Learning Rate: 4e-05
2025-06-23 16:18:16.914166 Epoch [023/050], Step [0126/0505] (25%), Gen Loss: 1.0520
2025-06-23 16:19:58.318155 Epoch [023/050], Step [0252/0505] (50%), Gen Loss: 1.0587
2025-06-23 16:21:39.870416 Epoch [023/050], Step [0378/0505] (75%), Gen Loss: 1.0460
2025-06-23 16:23:22.195740 Epoch [023/050], Step [0505/0505] (100%), Gen Loss: 1.0396
Epoch 23 completed. Learning rate: 0.000040
Starting validation...
Validation Results - Loss: 0.6026
  IoU: 0.8369
  F1-Score: 0.9112
  Precision: 0.9355
  Recall: 0.8882
  Accuracy: 0.9599
New best model saved! Validation IoU: 0.8369
--------------------Epoch: 24/50--------------------
Generator Learning Rate: 4e-05
2025-06-23 16:25:17.239413 Epoch [024/050], Step [0126/0505] (25%), Gen Loss: 1.0469
2025-06-23 16:26:58.732257 Epoch [024/050], Step [0252/0505] (50%), Gen Loss: 1.0512
2025-06-23 16:28:40.033685 Epoch [024/050], Step [0378/0505] (75%), Gen Loss: 1.0449
2025-06-23 16:30:22.416124 Epoch [024/050], Step [0505/0505] (100%), Gen Loss: 1.0415
Epoch 24 completed. Learning rate: 0.000040
Starting validation...
Validation Results - Loss: 0.6089
  IoU: 0.8351
  F1-Score: 0.9101
  Precision: 0.9328
  Recall: 0.8886
  Accuracy: 0.9593
--------------------Epoch: 25/50--------------------
Generator Learning Rate: 4e-05
2025-06-23 16:32:17.020861 Epoch [025/050], Step [0126/0505] (25%), Gen Loss: 1.0405
2025-06-23 16:33:58.589067 Epoch [025/050], Step [0252/0505] (50%), Gen Loss: 1.0254
2025-06-23 16:35:40.293996 Epoch [025/050], Step [0378/0505] (75%), Gen Loss: 1.0351
2025-06-23 16:37:22.665024 Epoch [025/050], Step [0505/0505] (100%), Gen Loss: 1.0368
Epoch 25 completed. Learning rate: 0.000040
Starting validation...
Validation Results - Loss: 0.5764
  IoU: 0.8386
  F1-Score: 0.9122
  Precision: 0.9259
  Recall: 0.8990
  Accuracy: 0.9599
New best model saved! Validation IoU: 0.8386
--------------------Epoch: 26/50--------------------
Generator Learning Rate: 4e-05
2025-06-23 16:39:17.600703 Epoch [026/050], Step [0126/0505] (25%), Gen Loss: 1.0175
2025-06-23 16:40:59.051986 Epoch [026/050], Step [0252/0505] (50%), Gen Loss: 1.0268
2025-06-23 16:42:40.661279 Epoch [026/050], Step [0378/0505] (75%), Gen Loss: 1.0217
2025-06-23 16:44:23.207212 Epoch [026/050], Step [0505/0505] (100%), Gen Loss: 1.0261
Epoch 26 completed. Learning rate: 0.000040
Starting validation...
Validation Results - Loss: 0.6087
  IoU: 0.8365
  F1-Score: 0.9109
  Precision: 0.9331
  Recall: 0.8898
  Accuracy: 0.9597
--------------------Epoch: 27/50--------------------
Generator Learning Rate: 4e-05
2025-06-23 16:46:17.842278 Epoch [027/050], Step [0126/0505] (25%), Gen Loss: 1.0174
2025-06-23 16:47:59.298858 Epoch [027/050], Step [0252/0505] (50%), Gen Loss: 1.0148
2025-06-23 16:49:40.854635 Epoch [027/050], Step [0378/0505] (75%), Gen Loss: 1.0261
2025-06-23 16:51:23.114648 Epoch [027/050], Step [0505/0505] (100%), Gen Loss: 1.0153
Epoch 27 completed. Learning rate: 0.000040
Starting validation...
Validation Results - Loss: 0.6028
  IoU: 0.8377
  F1-Score: 0.9117
  Precision: 0.9306
  Recall: 0.8936
  Accuracy: 0.9599
--------------------Epoch: 28/50--------------------
Generator Learning Rate: 4e-05
2025-06-23 16:53:17.912871 Epoch [028/050], Step [0126/0505] (25%), Gen Loss: 1.0210
2025-06-23 16:54:59.386420 Epoch [028/050], Step [0252/0505] (50%), Gen Loss: 1.0197
2025-06-23 16:56:41.005414 Epoch [028/050], Step [0378/0505] (75%), Gen Loss: 1.0194
2025-06-23 16:58:23.271777 Epoch [028/050], Step [0505/0505] (100%), Gen Loss: 1.0098
Epoch 28 completed. Learning rate: 0.000040
Starting validation...
Validation Results - Loss: 0.5968
  IoU: 0.8372
  F1-Score: 0.9114
  Precision: 0.9281
  Recall: 0.8953
  Accuracy: 0.9597
--------------------Epoch: 29/50--------------------
Generator Learning Rate: 4e-05
2025-06-23 17:00:17.969364 Epoch [029/050], Step [0126/0505] (25%), Gen Loss: 1.0188
2025-06-23 17:01:59.565121 Epoch [029/050], Step [0252/0505] (50%), Gen Loss: 1.0141
2025-06-23 17:03:41.324039 Epoch [029/050], Step [0378/0505] (75%), Gen Loss: 1.0200
2025-06-23 17:05:23.711113 Epoch [029/050], Step [0505/0505] (100%), Gen Loss: 1.0149
Epoch 29 completed. Learning rate: 0.000040
Starting validation...
Validation Results - Loss: 0.6172
  IoU: 0.8378
  F1-Score: 0.9118
  Precision: 0.9268
  Recall: 0.8972
  Accuracy: 0.9598
--------------------Epoch: 30/50--------------------
Generator Learning Rate: 4e-05
2025-06-23 17:07:18.575104 Epoch [030/050], Step [0126/0505] (25%), Gen Loss: 1.0061
2025-06-23 17:09:00.072971 Epoch [030/050], Step [0252/0505] (50%), Gen Loss: 1.0060
2025-06-23 17:10:41.735741 Epoch [030/050], Step [0378/0505] (75%), Gen Loss: 1.0144
2025-06-23 17:12:24.216649 Epoch [030/050], Step [0505/0505] (100%), Gen Loss: 1.0076
Epoch 30 completed. Learning rate: 0.000040
Starting validation...
Validation Results - Loss: 0.6197
  IoU: 0.8361
  F1-Score: 0.9107
  Precision: 0.9333
  Recall: 0.8893
  Accuracy: 0.9596
Checkpoint saved: SMOKE5K_Dataset_SMOKE5K_train_ssl_ijmond_data_train_epoch_030_from_scratch.pth
--------------------Epoch: 31/50--------------------
Generator Learning Rate: 4e-05
2025-06-23 17:14:19.562886 Epoch [031/050], Step [0126/0505] (25%), Gen Loss: 1.0062
2025-06-23 17:16:01.056042 Epoch [031/050], Step [0252/0505] (50%), Gen Loss: 1.0059
2025-06-23 17:17:42.621309 Epoch [031/050], Step [0378/0505] (75%), Gen Loss: 1.0204
2025-06-23 17:19:24.986990 Epoch [031/050], Step [0505/0505] (100%), Gen Loss: 0.9953
Epoch 31 completed. Learning rate: 0.000040
Starting validation...
Validation Results - Loss: 0.5971
  IoU: 0.8402
  F1-Score: 0.9132
  Precision: 0.9215
  Recall: 0.9050
  Accuracy: 0.9601
New best model saved! Validation IoU: 0.8402
--------------------Epoch: 32/50--------------------
Generator Learning Rate: 4e-05
2025-06-23 17:21:19.927159 Epoch [032/050], Step [0126/0505] (25%), Gen Loss: 1.0014
2025-06-23 17:23:01.627060 Epoch [032/050], Step [0252/0505] (50%), Gen Loss: 1.0017
2025-06-23 17:24:43.190040 Epoch [032/050], Step [0378/0505] (75%), Gen Loss: 1.0046
2025-06-23 17:26:25.487492 Epoch [032/050], Step [0505/0505] (100%), Gen Loss: 0.9989
Epoch 32 completed. Learning rate: 0.000040
Starting validation...
Validation Results - Loss: 0.6153
  IoU: 0.8406
  F1-Score: 0.9134
  Precision: 0.9237
  Recall: 0.9034
  Accuracy: 0.9603
New best model saved! Validation IoU: 0.8406
--------------------Epoch: 33/50--------------------
Generator Learning Rate: 4e-05
2025-06-23 17:28:20.359035 Epoch [033/050], Step [0126/0505] (25%), Gen Loss: 0.9925
2025-06-23 17:30:01.885244 Epoch [033/050], Step [0252/0505] (50%), Gen Loss: 0.9942
2025-06-23 17:31:43.356103 Epoch [033/050], Step [0378/0505] (75%), Gen Loss: 0.9970
2025-06-23 17:33:25.647050 Epoch [033/050], Step [0505/0505] (100%), Gen Loss: 0.9910
Epoch 33 completed. Learning rate: 0.000040
Starting validation...
Validation Results - Loss: 0.6201
  IoU: 0.8383
  F1-Score: 0.9121
  Precision: 0.9277
  Recall: 0.8970
  Accuracy: 0.9599
--------------------Epoch: 34/50--------------------
Generator Learning Rate: 4e-05
2025-06-23 17:35:20.441918 Epoch [034/050], Step [0126/0505] (25%), Gen Loss: 1.0014
2025-06-23 17:37:02.230960 Epoch [034/050], Step [0252/0505] (50%), Gen Loss: 0.9902
2025-06-23 17:38:43.938760 Epoch [034/050], Step [0378/0505] (75%), Gen Loss: 0.9893
2025-06-23 17:40:26.417598 Epoch [034/050], Step [0505/0505] (100%), Gen Loss: 0.9905
Epoch 34 completed. Learning rate: 0.000040
Starting validation...
Validation Results - Loss: 0.6025
  IoU: 0.8366
  F1-Score: 0.9110
  Precision: 0.9246
  Recall: 0.8978
  Accuracy: 0.9594
--------------------Epoch: 35/50--------------------
Generator Learning Rate: 4e-05
2025-06-23 17:42:21.297953 Epoch [035/050], Step [0126/0505] (25%), Gen Loss: 0.9890
2025-06-23 17:44:02.880915 Epoch [035/050], Step [0252/0505] (50%), Gen Loss: 0.9877
2025-06-23 17:45:44.445888 Epoch [035/050], Step [0378/0505] (75%), Gen Loss: 0.9850
2025-06-23 17:47:26.710734 Epoch [035/050], Step [0505/0505] (100%), Gen Loss: 0.9882
Epoch 35 completed. Learning rate: 0.000040
Starting validation...
Validation Results - Loss: 0.6087
  IoU: 0.8379
  F1-Score: 0.9118
  Precision: 0.9150
  Recall: 0.9087
  Accuracy: 0.9593
Learning rate adjusted after validation: 0.000040 -> 0.000032
--------------------Epoch: 36/50--------------------
Generator Learning Rate: 3.2000000000000005e-05
2025-06-23 17:49:21.188096 Epoch [036/050], Step [0126/0505] (25%), Gen Loss: 0.9787
2025-06-23 17:51:02.603129 Epoch [036/050], Step [0252/0505] (50%), Gen Loss: 0.9721
2025-06-23 17:52:44.074780 Epoch [036/050], Step [0378/0505] (75%), Gen Loss: 0.9755
2025-06-23 17:54:26.085822 Epoch [036/050], Step [0505/0505] (100%), Gen Loss: 0.9756
Epoch 36 completed. Learning rate: 0.000032
Starting validation...
Validation Results - Loss: 0.6043
  IoU: 0.8418
  F1-Score: 0.9141
  Precision: 0.9185
  Recall: 0.9098
  Accuracy: 0.9604
New best model saved! Validation IoU: 0.8418
--------------------Epoch: 37/50--------------------
Generator Learning Rate: 3.2000000000000005e-05
2025-06-23 17:56:21.144002 Epoch [037/050], Step [0126/0505] (25%), Gen Loss: 0.9744
2025-06-23 17:58:02.720239 Epoch [037/050], Step [0252/0505] (50%), Gen Loss: 0.9727
2025-06-23 17:59:44.185377 Epoch [037/050], Step [0378/0505] (75%), Gen Loss: 0.9682
2025-06-23 18:01:26.461031 Epoch [037/050], Step [0505/0505] (100%), Gen Loss: 0.9736
Epoch 37 completed. Learning rate: 0.000032
Starting validation...
Validation Results - Loss: 0.6282
  IoU: 0.8409
  F1-Score: 0.9136
  Precision: 0.9214
  Recall: 0.9059
  Accuracy: 0.9603
--------------------Epoch: 38/50--------------------
Generator Learning Rate: 3.2000000000000005e-05
2025-06-23 18:03:21.271266 Epoch [038/050], Step [0126/0505] (25%), Gen Loss: 0.9675
2025-06-23 18:05:02.816490 Epoch [038/050], Step [0252/0505] (50%), Gen Loss: 0.9716
2025-06-23 18:06:44.442636 Epoch [038/050], Step [0378/0505] (75%), Gen Loss: 0.9679
2025-06-23 18:08:26.815337 Epoch [038/050], Step [0505/0505] (100%), Gen Loss: 0.9627
Epoch 38 completed. Learning rate: 0.000032
Starting validation...
Validation Results - Loss: 0.6499
  IoU: 0.8387
  F1-Score: 0.9122
  Precision: 0.9315
  Recall: 0.8938
  Accuracy: 0.9601
--------------------Epoch: 39/50--------------------
Generator Learning Rate: 3.2000000000000005e-05
2025-06-23 18:10:21.609431 Epoch [039/050], Step [0126/0505] (25%), Gen Loss: 0.9689
2025-06-23 18:12:03.030430 Epoch [039/050], Step [0252/0505] (50%), Gen Loss: 0.9657
2025-06-23 18:13:44.364058 Epoch [039/050], Step [0378/0505] (75%), Gen Loss: 0.9600
2025-06-23 18:15:26.486833 Epoch [039/050], Step [0505/0505] (100%), Gen Loss: 0.9627
Epoch 39 completed. Learning rate: 0.000032
Starting validation...
Validation Results - Loss: 0.6455
  IoU: 0.8408
  F1-Score: 0.9135
  Precision: 0.9232
  Recall: 0.9040
  Accuracy: 0.9603
--------------------Epoch: 40/50--------------------
Generator Learning Rate: 3.2000000000000005e-05
2025-06-23 18:17:21.276662 Epoch [040/050], Step [0126/0505] (25%), Gen Loss: 0.9642
2025-06-23 18:19:02.740077 Epoch [040/050], Step [0252/0505] (50%), Gen Loss: 0.9650
2025-06-23 18:20:44.216342 Epoch [040/050], Step [0378/0505] (75%), Gen Loss: 0.9646
2025-06-23 18:22:26.438317 Epoch [040/050], Step [0505/0505] (100%), Gen Loss: 0.9596
Epoch 40 completed. Learning rate: 0.000032
Starting validation...
Validation Results - Loss: 0.6580
  IoU: 0.8408
  F1-Score: 0.9135
  Precision: 0.9318
  Recall: 0.8959
  Accuracy: 0.9607
Checkpoint saved: SMOKE5K_Dataset_SMOKE5K_train_ssl_ijmond_data_train_epoch_040_from_scratch.pth
--------------------Epoch: 41/50--------------------
Generator Learning Rate: 3.2000000000000005e-05
2025-06-23 18:24:21.145766 Epoch [041/050], Step [0126/0505] (25%), Gen Loss: 0.9610
2025-06-23 18:26:02.687807 Epoch [041/050], Step [0252/0505] (50%), Gen Loss: 0.9586
2025-06-23 18:27:44.311120 Epoch [041/050], Step [0378/0505] (75%), Gen Loss: 0.9568
2025-06-23 18:29:26.798892 Epoch [041/050], Step [0505/0505] (100%), Gen Loss: 0.9577
Epoch 41 completed. Learning rate: 0.000032
Starting validation...
Validation Results - Loss: 0.6583
  IoU: 0.8418
  F1-Score: 0.9141
  Precision: 0.9248
  Recall: 0.9036
  Accuracy: 0.9606
--------------------Epoch: 42/50--------------------
Generator Learning Rate: 3.2000000000000005e-05
2025-06-23 18:31:21.573197 Epoch [042/050], Step [0126/0505] (25%), Gen Loss: 0.9567
2025-06-23 18:33:03.094019 Epoch [042/050], Step [0252/0505] (50%), Gen Loss: 0.9549
2025-06-23 18:34:44.648664 Epoch [042/050], Step [0378/0505] (75%), Gen Loss: 0.9671
2025-06-23 18:36:27.148891 Epoch [042/050], Step [0505/0505] (100%), Gen Loss: 0.9566
Epoch 42 completed. Learning rate: 0.000032
Starting validation...
Validation Results - Loss: 0.6523
  IoU: 0.8410
  F1-Score: 0.9136
  Precision: 0.9227
  Recall: 0.9048
  Accuracy: 0.9604
--------------------Epoch: 43/50--------------------
Generator Learning Rate: 3.2000000000000005e-05
2025-06-23 18:38:21.679055 Epoch [043/050], Step [0126/0505] (25%), Gen Loss: 0.9526
2025-06-23 18:40:03.187274 Epoch [043/050], Step [0252/0505] (50%), Gen Loss: 0.9539
2025-06-23 18:41:44.927513 Epoch [043/050], Step [0378/0505] (75%), Gen Loss: 0.9517
2025-06-23 18:43:27.245091 Epoch [043/050], Step [0505/0505] (100%), Gen Loss: 0.9545
Epoch 43 completed. Learning rate: 0.000032
Starting validation...
Validation Results - Loss: 0.6770
  IoU: 0.8380
  F1-Score: 0.9119
  Precision: 0.9294
  Recall: 0.8950
  Accuracy: 0.9599
--------------------Epoch: 44/50--------------------
Generator Learning Rate: 3.2000000000000005e-05
2025-06-23 18:45:21.776831 Epoch [044/050], Step [0126/0505] (25%), Gen Loss: 0.9486
2025-06-23 18:47:03.300793 Epoch [044/050], Step [0252/0505] (50%), Gen Loss: 0.9546
2025-06-23 18:48:44.693147 Epoch [044/050], Step [0378/0505] (75%), Gen Loss: 0.9543
2025-06-23 18:50:26.979035 Epoch [044/050], Step [0505/0505] (100%), Gen Loss: 0.9494
Epoch 44 completed. Learning rate: 0.000032
Starting validation...
Validation Results - Loss: 0.6667
  IoU: 0.8407
  F1-Score: 0.9134
  Precision: 0.9281
  Recall: 0.8992
  Accuracy: 0.9605
--------------------Epoch: 45/50--------------------
Generator Learning Rate: 3.2000000000000005e-05
2025-06-23 18:52:21.609408 Epoch [045/050], Step [0126/0505] (25%), Gen Loss: 0.9447
2025-06-23 18:54:03.051924 Epoch [045/050], Step [0252/0505] (50%), Gen Loss: 0.9481
2025-06-23 18:55:44.550871 Epoch [045/050], Step [0378/0505] (75%), Gen Loss: 0.9488
2025-06-23 18:57:26.828966 Epoch [045/050], Step [0505/0505] (100%), Gen Loss: 0.9454
Epoch 45 completed. Learning rate: 0.000032
Starting validation...
Validation Results - Loss: 0.6724
  IoU: 0.8382
  F1-Score: 0.9120
  Precision: 0.9317
  Recall: 0.8931
  Accuracy: 0.9600
--------------------Epoch: 46/50--------------------
Generator Learning Rate: 3.2000000000000005e-05
2025-06-23 18:59:21.689360 Epoch [046/050], Step [0126/0505] (25%), Gen Loss: 0.9489
2025-06-23 19:01:03.269427 Epoch [046/050], Step [0252/0505] (50%), Gen Loss: 0.9477
2025-06-23 19:02:44.811050 Epoch [046/050], Step [0378/0505] (75%), Gen Loss: 0.9460
2025-06-23 19:04:27.226636 Epoch [046/050], Step [0505/0505] (100%), Gen Loss: 0.9440
Epoch 46 completed. Learning rate: 0.000032
Starting validation...
Validation Results - Loss: 0.6469
  IoU: 0.8412
  F1-Score: 0.9137
  Precision: 0.9220
  Recall: 0.9056
  Accuracy: 0.9604
--------------------Epoch: 47/50--------------------
Generator Learning Rate: 3.2000000000000005e-05
2025-06-23 19:06:21.995415 Epoch [047/050], Step [0126/0505] (25%), Gen Loss: 0.9442
2025-06-23 19:08:03.666269 Epoch [047/050], Step [0252/0505] (50%), Gen Loss: 0.9414
2025-06-23 19:09:45.024642 Epoch [047/050], Step [0378/0505] (75%), Gen Loss: 0.9464
2025-06-23 19:11:27.394159 Epoch [047/050], Step [0505/0505] (100%), Gen Loss: 0.9379
Epoch 47 completed. Learning rate: 0.000032
Starting validation...
Validation Results - Loss: 0.6923
  IoU: 0.8395
  F1-Score: 0.9127
  Precision: 0.9308
  Recall: 0.8953
  Accuracy: 0.9603
--------------------Epoch: 48/50--------------------
Generator Learning Rate: 3.2000000000000005e-05
2025-06-23 19:13:21.927905 Epoch [048/050], Step [0126/0505] (25%), Gen Loss: 0.9419
2025-06-23 19:15:03.345858 Epoch [048/050], Step [0252/0505] (50%), Gen Loss: 0.9407
2025-06-23 19:16:44.872376 Epoch [048/050], Step [0378/0505] (75%), Gen Loss: 0.9402
2025-06-23 19:18:27.078087 Epoch [048/050], Step [0505/0505] (100%), Gen Loss: 0.9435
Epoch 48 completed. Learning rate: 0.000032
Starting validation...
Validation Results - Loss: 0.6718
  IoU: 0.8394
  F1-Score: 0.9127
  Precision: 0.9274
  Recall: 0.8984
  Accuracy: 0.9601
Learning rate adjusted after validation: 0.000032 -> 0.000026
--------------------Epoch: 49/50--------------------
Generator Learning Rate: 2.5600000000000006e-05
2025-06-23 19:20:21.752581 Epoch [049/050], Step [0126/0505] (25%), Gen Loss: 0.9326
2025-06-23 19:22:03.041355 Epoch [049/050], Step [0252/0505] (50%), Gen Loss: 0.9308
2025-06-23 19:23:44.637967 Epoch [049/050], Step [0378/0505] (75%), Gen Loss: 0.9368
2025-06-23 19:25:27.138981 Epoch [049/050], Step [0505/0505] (100%), Gen Loss: 0.9350
Epoch 49 completed. Learning rate: 0.000026
Starting validation...
Validation Results - Loss: 0.6629
  IoU: 0.8410
  F1-Score: 0.9137
  Precision: 0.9224
  Recall: 0.9051
  Accuracy: 0.9603
--------------------Epoch: 50/50--------------------
Generator Learning Rate: 2.5600000000000006e-05
2025-06-23 19:27:21.866831 Epoch [050/050], Step [0126/0505] (25%), Gen Loss: 0.9283
2025-06-23 19:29:03.386733 Epoch [050/050], Step [0252/0505] (50%), Gen Loss: 0.9350
2025-06-23 19:30:44.831296 Epoch [050/050], Step [0378/0505] (75%), Gen Loss: 0.9294
2025-06-23 19:32:26.977879 Epoch [050/050], Step [0505/0505] (100%), Gen Loss: 0.9279
Epoch 50 completed. Learning rate: 0.000026
Starting validation...
Validation Results - Loss: 0.6914
  IoU: 0.8410
  F1-Score: 0.9136
  Precision: 0.9297
  Recall: 0.8981
  Accuracy: 0.9607
Checkpoint saved: SMOKE5K_Dataset_SMOKE5K_train_ssl_ijmond_data_train_epoch_050_from_scratch.pth

==================================================
Semi-Supervised Training completed!
Best validation IoU: 0.8418 achieved at epoch 36
Best model saved at: models/semi-supervision/SMOKE5K_Dataset_SMOKE5K_train_ssl_ijmond_data_train/SMOKE5K_Dataset_SMOKE5K_train_ssl_ijmond_data_train_best_model.pth
==================================================

JOB STATISTICS
==============
Job ID: 12569865
Cluster: snellius
User/Group: ytao/ytao
State: RUNNING
Nodes: 1
Cores per node: 9
CPU Utilized: 00:00:00
CPU Efficiency: 0.00% of 2-04:43:03 core-walltime
Job Wall-clock time: 05:51:27
Memory Utilized: 0.00 MB
Memory Efficiency: 0.00% of 24.00 GB (24.00 GB/node)
WARNING: Efficiency statistics can only be obtained after the job has ended as seff tool is based on the accounting database data.
