================================================================================
DOMAIN ADAPTIVE TRAINING CONFIGURATION
================================================================================
ðŸ“‹ BASIC TRAINING SETTINGS
----------------------------------------
  Training Epochs: 50
  Batch Size: 4
  Training Image Size: 352x352
  Device: cuda
  Model Name: SMOKE5K_Dataset_SMOKE5K_train_to_ijmond_camera_ijmond_900_trained_citizen_constraint_da

âš™ï¸  OPTIMIZER SETTINGS
----------------------------------------
  Learning Rate: 5e-05
  Adam Beta: 0.5
  Gradient Clipping: 0.5
  LR Decay Factor: 0.8
  LR Patience (epochs): 6

ðŸ—ï¸  MODEL ARCHITECTURE
----------------------------------------
  Feature Channels: 64
  Latent Dimension: 8
  Generator Reduced Channels: 48
  Contrastive Layer Filters: 16

ðŸ“Š LOSS FUNCTION WEIGHTS
----------------------------------------
  L2 Regularization: 0.0001
  Latent Loss: 10.0
  VAE Loss: 0.4
  Contrastive Loss: 2.0
  Domain Adaptation Loss: 2.0
  Pseudo Label Loss: 0.5

ðŸ”„ DOMAIN ADAPTATION SETTINGS
----------------------------------------
  Number of Domains: 2
  Gradient Reversal Lambda Max: 1.0
  Use LDConv in Discriminators: False
  Pseudo Label Weight: 0.5

ðŸŽ¯ SEMI-SUPERVISED LEARNING
----------------------------------------
  Contrastive Pixel Matching: Intra-image
  Contrastive Sample Count: 500

ðŸ“ DATASET CONFIGURATION
----------------------------------------
  Source Domain Path: data/SMOKE5K_Dataset/SMOKE5K/train
  Target Domain Path: data/ijmond_camera/ijmond_900_trained/citizen_constraint
  Pretrained Weights: None
  Model Save Path: models/thesis/smoke5k-to-ijmond-citizen-constraint/SMOKE5K_Dataset_SMOKE5K_train_to_ijmond_camera_ijmond_900_trained_citizen_constraint_da

âœ… VALIDATION & EARLY STOPPING
----------------------------------------
  Enable Validation: True
  Validation Split: 0.2
  Early Stopping Patience: 15
  Min Delta for Improvement: 0.0005

ðŸ”€ DATA AUGMENTATION & REPRODUCIBILITY
----------------------------------------
  Data Augmentation (Both Domains): True
  Freeze Randomness: False
  Random Seed: 42
================================================================================

ðŸ”„ LOADING DATASETS...
Total dataset size: 5058
Training set size: 4046
Validation set size: 1012
æºåŸŸè®­ç»ƒé›†: 1011 batches
æºåŸŸéªŒè¯é›†: 253 batches
Dataset size: 4249
  - Data augmentation: ENABLED
ç›®æ ‡åŸŸè®­ç»ƒé›†: 1062 batches
æž„å»ºæ¨¡åž‹...
Learning Rate Scheduler configured:
  - Type: ReduceLROnPlateau (adaptive based on loss)
  - Patience (epochs to wait): 6
  - Decay Factor: 0.8
  - Minimum LR: 1e-7
Let's go!
--------------------Epoch: 1/50--------------------
Learning Rate: 5e-05
2025-06-24 18:43:39.892098 Epoch [001/050], Step [0252/1011] (25%), Total Loss: 5.6673, Src Seg Loss: 1.1141, Tgt Seg Loss: 1.0592, Contrastive Loss: 0.0008, Domain Loss: 1.1435
2025-06-24 18:46:31.383018 Epoch [001/050], Step [0505/1011] (50%), Total Loss: 4.5410, Src Seg Loss: 0.9353, Tgt Seg Loss: 1.0410, Contrastive Loss: 0.1541, Domain Loss: 0.7912
2025-06-24 18:49:22.776271 Epoch [001/050], Step [0758/1011] (75%), Total Loss: 3.6875, Src Seg Loss: 0.8801, Tgt Seg Loss: 0.8001, Contrastive Loss: 0.0650, Domain Loss: 0.8065
2025-06-24 18:52:14.225080 Epoch [001/050], Step [1011/1011] (100%), Total Loss: 3.3875, Src Seg Loss: 0.7795, Tgt Seg Loss: 0.9806, Contrastive Loss: 0.0005, Domain Loss: 0.4055
Epoch 1 completed. Learning rate: 0.000050
Starting validation...
Validation Results - Loss: 520.0628
  IoU: 0.5211
  F1-Score: 0.6852
  Precision: 0.8288
  Recall: 0.5840
  Accuracy: 0.8749
New best model saved! Validation IoU: 0.5211
--------------------Epoch: 2/50--------------------
Learning Rate: 5e-05
2025-06-24 18:55:23.964024 Epoch [002/050], Step [0252/1011] (25%), Total Loss: 4.5704, Src Seg Loss: 0.5532, Tgt Seg Loss: 0.8705, Contrastive Loss: 0.0647, Domain Loss: 1.4151
2025-06-24 18:58:14.613081 Epoch [002/050], Step [0505/1011] (50%), Total Loss: 3.6655, Src Seg Loss: 0.7011, Tgt Seg Loss: 0.8791, Contrastive Loss: 0.0000, Domain Loss: 0.7148
2025-06-24 19:01:05.496498 Epoch [002/050], Step [0758/1011] (75%), Total Loss: 3.4879, Src Seg Loss: 0.8589, Tgt Seg Loss: 0.7770, Contrastive Loss: 0.0124, Domain Loss: 1.0146
2025-06-24 19:03:56.233051 Epoch [002/050], Step [1011/1011] (100%), Total Loss: 3.3581, Src Seg Loss: 0.8894, Tgt Seg Loss: 0.7794, Contrastive Loss: 0.1242, Domain Loss: 0.9387
Epoch 2 completed. Learning rate: 0.000050
Starting validation...
Validation Results - Loss: 91.2721
  IoU: 0.4802
  F1-Score: 0.6489
  Precision: 0.9191
  Recall: 0.5014
  Accuracy: 0.8735
--------------------Epoch: 3/50--------------------
Learning Rate: 5e-05
2025-06-24 19:07:05.247361 Epoch [003/050], Step [0252/1011] (25%), Total Loss: 3.5803, Src Seg Loss: 0.9002, Tgt Seg Loss: 0.8239, Contrastive Loss: 0.0387, Domain Loss: 0.9926
2025-06-24 19:09:56.068094 Epoch [003/050], Step [0505/1011] (50%), Total Loss: 3.2909, Src Seg Loss: 0.6132, Tgt Seg Loss: 0.7103, Contrastive Loss: 0.0023, Domain Loss: 0.7171
2025-06-24 19:12:46.796684 Epoch [003/050], Step [0758/1011] (75%), Total Loss: 3.3027, Src Seg Loss: 0.6366, Tgt Seg Loss: 0.6701, Contrastive Loss: 0.0000, Domain Loss: 0.7598
2025-06-24 19:15:37.574188 Epoch [003/050], Step [1011/1011] (100%), Total Loss: 3.3061, Src Seg Loss: 0.9877, Tgt Seg Loss: 0.6320, Contrastive Loss: 0.0149, Domain Loss: 0.8058
Epoch 3 completed. Learning rate: 0.000050
Starting validation...
Validation Results - Loss: 10.2139
  IoU: 0.6255
  F1-Score: 0.7696
  Precision: 0.9187
  Recall: 0.6622
  Accuracy: 0.9076
New best model saved! Validation IoU: 0.6255
--------------------Epoch: 4/50--------------------
Learning Rate: 5e-05
2025-06-24 19:18:46.978158 Epoch [004/050], Step [0252/1011] (25%), Total Loss: 3.6956, Src Seg Loss: 0.5777, Tgt Seg Loss: 0.4517, Contrastive Loss: 0.0014, Domain Loss: 1.0195
2025-06-24 19:21:37.872860 Epoch [004/050], Step [0505/1011] (50%), Total Loss: 3.5954, Src Seg Loss: 0.4510, Tgt Seg Loss: 0.5517, Contrastive Loss: 0.0000, Domain Loss: 1.5554
2025-06-24 19:24:28.658060 Epoch [004/050], Step [0758/1011] (75%), Total Loss: 3.5599, Src Seg Loss: 0.9007, Tgt Seg Loss: 0.7939, Contrastive Loss: 0.0376, Domain Loss: 1.2655
2025-06-24 19:27:19.486310 Epoch [004/050], Step [1011/1011] (100%), Total Loss: 3.3636, Src Seg Loss: 0.3783, Tgt Seg Loss: 0.5455, Contrastive Loss: 0.0000, Domain Loss: 1.2535
Epoch 4 completed. Learning rate: 0.000050
Starting validation...
Validation Results - Loss: 43.4919
  IoU: 0.5621
  F1-Score: 0.7197
  Precision: 0.9633
  Recall: 0.5744
  Accuracy: 0.8957
--------------------Epoch: 5/50--------------------
Learning Rate: 5e-05
2025-06-24 19:30:28.466213 Epoch [005/050], Step [0252/1011] (25%), Total Loss: 3.4244, Src Seg Loss: 0.5082, Tgt Seg Loss: 0.8843, Contrastive Loss: 0.0000, Domain Loss: 1.2641
2025-06-24 19:33:19.173587 Epoch [005/050], Step [0505/1011] (50%), Total Loss: 3.5383, Src Seg Loss: 0.6784, Tgt Seg Loss: 0.4027, Contrastive Loss: 0.0120, Domain Loss: 1.1421
2025-06-24 19:36:09.832882 Epoch [005/050], Step [0758/1011] (75%), Total Loss: 3.2842, Src Seg Loss: 0.6698, Tgt Seg Loss: 0.5566, Contrastive Loss: 0.0000, Domain Loss: 1.1837
2025-06-24 19:39:00.566798 Epoch [005/050], Step [1011/1011] (100%), Total Loss: 3.4958, Src Seg Loss: 0.3748, Tgt Seg Loss: 0.4747, Contrastive Loss: 0.0037, Domain Loss: 1.3655
Epoch 5 completed. Learning rate: 0.000050
Starting validation...
Validation Results - Loss: 4.7878
  IoU: 0.6470
  F1-Score: 0.7857
  Precision: 0.9577
  Recall: 0.6660
  Accuracy: 0.9153
New best model saved! Validation IoU: 0.6470
--------------------Epoch: 6/50--------------------
Learning Rate: 5e-05
2025-06-24 19:42:09.777847 Epoch [006/050], Step [0252/1011] (25%), Total Loss: 3.4606, Src Seg Loss: 0.3578, Tgt Seg Loss: 0.7275, Contrastive Loss: 0.0003, Domain Loss: 1.3432
2025-06-24 19:45:00.118065 Epoch [006/050], Step [0505/1011] (50%), Total Loss: 3.5130, Src Seg Loss: 0.4249, Tgt Seg Loss: 0.4756, Contrastive Loss: 0.0858, Domain Loss: 1.4661
2025-06-24 19:47:50.451476 Epoch [006/050], Step [0758/1011] (75%), Total Loss: 3.3450, Src Seg Loss: 0.4963, Tgt Seg Loss: 0.5875, Contrastive Loss: 0.0001, Domain Loss: 1.2297
2025-06-24 19:50:40.771082 Epoch [006/050], Step [1011/1011] (100%), Total Loss: 3.3030, Src Seg Loss: 0.6548, Tgt Seg Loss: 0.6357, Contrastive Loss: 0.0000, Domain Loss: 1.5330
Epoch 6 completed. Learning rate: 0.000050
Starting validation...
Validation Results - Loss: 6.5713
  IoU: 0.4388
  F1-Score: 0.6099
  Precision: 0.9796
  Recall: 0.4428
  Accuracy: 0.8679
--------------------Epoch: 7/50--------------------
Learning Rate: 5e-05
2025-06-24 19:53:49.838640 Epoch [007/050], Step [0252/1011] (25%), Total Loss: 3.4663, Src Seg Loss: 0.5963, Tgt Seg Loss: 0.5627, Contrastive Loss: 0.0001, Domain Loss: 1.2600
2025-06-24 19:56:40.584099 Epoch [007/050], Step [0505/1011] (50%), Total Loss: 3.7121, Src Seg Loss: 0.5453, Tgt Seg Loss: 0.7063, Contrastive Loss: 0.0000, Domain Loss: 1.2790
2025-06-24 19:59:31.362626 Epoch [007/050], Step [0758/1011] (75%), Total Loss: 3.3847, Src Seg Loss: 0.5416, Tgt Seg Loss: 0.4783, Contrastive Loss: 0.0000, Domain Loss: 1.2415
2025-06-24 20:02:22.075349 Epoch [007/050], Step [1011/1011] (100%), Total Loss: 3.3939, Src Seg Loss: 0.4793, Tgt Seg Loss: 0.5585, Contrastive Loss: 0.0003, Domain Loss: 1.4369
Epoch 7 completed. Learning rate: 0.000050
Starting validation...
Validation Results - Loss: 2.2963
  IoU: 0.3989
  F1-Score: 0.5703
  Precision: 0.9672
  Recall: 0.4043
  Accuracy: 0.8579
--------------------Epoch: 8/50--------------------
Learning Rate: 5e-05
2025-06-24 20:05:31.249433 Epoch [008/050], Step [0252/1011] (25%), Total Loss: 3.4784, Src Seg Loss: 0.4451, Tgt Seg Loss: 0.7170, Contrastive Loss: 0.0000, Domain Loss: 1.3286
2025-06-24 20:08:22.074074 Epoch [008/050], Step [0505/1011] (50%), Total Loss: 3.4575, Src Seg Loss: 0.3789, Tgt Seg Loss: 0.4803, Contrastive Loss: 0.0000, Domain Loss: 1.5924
2025-06-24 20:11:13.201651 Epoch [008/050], Step [0758/1011] (75%), Total Loss: 3.3652, Src Seg Loss: 0.4294, Tgt Seg Loss: 0.5851, Contrastive Loss: 0.0025, Domain Loss: 1.3659
2025-06-24 20:14:04.093024 Epoch [008/050], Step [1011/1011] (100%), Total Loss: 3.5124, Src Seg Loss: 0.4212, Tgt Seg Loss: 0.6191, Contrastive Loss: 0.0003, Domain Loss: 1.5257
Epoch 8 completed. Learning rate: 0.000050
Starting validation...
Validation Results - Loss: 1.9089
  IoU: 0.0719
  F1-Score: 0.1342
  Precision: 0.9759
  Recall: 0.0721
  Accuracy: 0.7832
--------------------Epoch: 9/50--------------------
Learning Rate: 5e-05
2025-06-24 20:17:13.190374 Epoch [009/050], Step [0252/1011] (25%), Total Loss: 3.4118, Src Seg Loss: 0.5496, Tgt Seg Loss: 0.6678, Contrastive Loss: 0.0000, Domain Loss: 1.3889
2025-06-24 20:20:03.912432 Epoch [009/050], Step [0505/1011] (50%), Total Loss: 3.0941, Src Seg Loss: 0.5558, Tgt Seg Loss: 0.5016, Contrastive Loss: 0.0031, Domain Loss: 1.3336
2025-06-24 20:22:54.728917 Epoch [009/050], Step [0758/1011] (75%), Total Loss: 3.1838, Src Seg Loss: 0.3788, Tgt Seg Loss: 0.3209, Contrastive Loss: 0.0000, Domain Loss: 1.3909
2025-06-24 20:25:45.550166 Epoch [009/050], Step [1011/1011] (100%), Total Loss: 3.1825, Src Seg Loss: 0.3610, Tgt Seg Loss: 0.3309, Contrastive Loss: 0.0000, Domain Loss: 1.3399
Epoch 9 completed. Learning rate: 0.000050
Starting validation...
Validation Results - Loss: 1.1185
  IoU: 0.6470
  F1-Score: 0.7857
  Precision: 0.9235
  Recall: 0.6837
  Accuracy: 0.9130
New best model saved! Validation IoU: 0.6470
--------------------Epoch: 10/50--------------------
Learning Rate: 5e-05
2025-06-24 20:28:55.244943 Epoch [010/050], Step [0252/1011] (25%), Total Loss: 3.2655, Src Seg Loss: 0.5649, Tgt Seg Loss: 0.4375, Contrastive Loss: 0.0000, Domain Loss: 1.3258
2025-06-24 20:31:45.991852 Epoch [010/050], Step [0505/1011] (50%), Total Loss: 3.1374, Src Seg Loss: 0.5302, Tgt Seg Loss: 0.3095, Contrastive Loss: 0.0000, Domain Loss: 1.3412
2025-06-24 20:34:36.888989 Epoch [010/050], Step [0758/1011] (75%), Total Loss: 3.1205, Src Seg Loss: 0.3070, Tgt Seg Loss: 0.4603, Contrastive Loss: 0.0000, Domain Loss: 1.4759
2025-06-24 20:37:27.877093 Epoch [010/050], Step [1011/1011] (100%), Total Loss: 3.0905, Src Seg Loss: 0.4167, Tgt Seg Loss: 0.6802, Contrastive Loss: 0.0000, Domain Loss: 1.3553
Epoch 10 completed. Learning rate: 0.000050
Starting validation...
Validation Results - Loss: 1.5992
  IoU: 0.3370
  F1-Score: 0.5041
  Precision: 0.9759
  Recall: 0.3398
  Accuracy: 0.8441
Checkpoint saved: SMOKE5K_Dataset_SMOKE5K_train_to_ijmond_camera_ijmond_900_trained_citizen_constraint_da_epoch_010_from_scratch.pth
--------------------Epoch: 11/50--------------------
Learning Rate: 5e-05
2025-06-24 20:40:37.464927 Epoch [011/050], Step [0252/1011] (25%), Total Loss: 3.1516, Src Seg Loss: 0.3434, Tgt Seg Loss: 0.4348, Contrastive Loss: 0.0007, Domain Loss: 1.2629
2025-06-24 20:43:28.259038 Epoch [011/050], Step [0505/1011] (50%), Total Loss: 3.0545, Src Seg Loss: 0.3835, Tgt Seg Loss: 0.2105, Contrastive Loss: 0.0000, Domain Loss: 1.4263
2025-06-24 20:46:19.145743 Epoch [011/050], Step [0758/1011] (75%), Total Loss: 3.0164, Src Seg Loss: 0.4523, Tgt Seg Loss: 0.4482, Contrastive Loss: 0.0000, Domain Loss: 1.3237
2025-06-24 20:49:09.976038 Epoch [011/050], Step [1011/1011] (100%), Total Loss: 3.0803, Src Seg Loss: 0.4830, Tgt Seg Loss: 0.3350, Contrastive Loss: 0.0003, Domain Loss: 1.3329
Epoch 11 completed. Learning rate: 0.000050
Starting validation...
Validation Results - Loss: 1.6347
  IoU: 0.1843
  F1-Score: 0.3113
  Precision: 0.9817
  Recall: 0.1849
  Accuracy: 0.8092
--------------------Epoch: 12/50--------------------
Learning Rate: 5e-05
2025-06-24 20:52:19.045946 Epoch [012/050], Step [0252/1011] (25%), Total Loss: 2.9812, Src Seg Loss: 0.2016, Tgt Seg Loss: 0.7841, Contrastive Loss: 0.0000, Domain Loss: 1.3491
2025-06-24 20:55:09.915817 Epoch [012/050], Step [0505/1011] (50%), Total Loss: 3.1214, Src Seg Loss: 0.3228, Tgt Seg Loss: 0.5085, Contrastive Loss: 0.0000, Domain Loss: 1.4085
2025-06-24 20:58:00.764755 Epoch [012/050], Step [0758/1011] (75%), Total Loss: 2.9429, Src Seg Loss: 0.3047, Tgt Seg Loss: 0.8689, Contrastive Loss: 0.0000, Domain Loss: 1.3234
2025-06-24 21:00:51.814520 Epoch [012/050], Step [1011/1011] (100%), Total Loss: 2.9179, Src Seg Loss: 0.3769, Tgt Seg Loss: 0.2512, Contrastive Loss: 0.0000, Domain Loss: 1.2614
Epoch 12 completed. Learning rate: 0.000050
Starting validation...
Validation Results - Loss: 2.0266
  IoU: 0.1638
  F1-Score: 0.2815
  Precision: 0.9828
  Recall: 0.1643
  Accuracy: 0.8045
--------------------Epoch: 13/50--------------------
Learning Rate: 5e-05
2025-06-24 21:04:00.922804 Epoch [013/050], Step [0252/1011] (25%), Total Loss: 2.9789, Src Seg Loss: 0.4449, Tgt Seg Loss: 0.5184, Contrastive Loss: 0.0000, Domain Loss: 1.2007
2025-06-24 21:06:51.722961 Epoch [013/050], Step [0505/1011] (50%), Total Loss: 2.8712, Src Seg Loss: 0.3183, Tgt Seg Loss: 0.7099, Contrastive Loss: 0.0000, Domain Loss: 1.3121
2025-06-24 21:09:42.450344 Epoch [013/050], Step [0758/1011] (75%), Total Loss: 2.8401, Src Seg Loss: 0.3473, Tgt Seg Loss: 0.1779, Contrastive Loss: 0.0000, Domain Loss: 1.3620
2025-06-24 21:12:33.296368 Epoch [013/050], Step [1011/1011] (100%), Total Loss: 2.8048, Src Seg Loss: 0.4538, Tgt Seg Loss: 0.1871, Contrastive Loss: 0.0000, Domain Loss: 1.1659
Epoch 13 completed. Learning rate: 0.000050
Starting validation...
Validation Results - Loss: 1.5957
  IoU: 0.2956
  F1-Score: 0.4563
  Precision: 0.9786
  Recall: 0.2975
  Accuracy: 0.8347
--------------------Epoch: 14/50--------------------
Learning Rate: 5e-05
2025-06-24 21:15:42.409575 Epoch [014/050], Step [0252/1011] (25%), Total Loss: 2.8282, Src Seg Loss: 0.3928, Tgt Seg Loss: 0.2129, Contrastive Loss: 0.0000, Domain Loss: 1.2753
2025-06-24 21:18:33.277370 Epoch [014/050], Step [0505/1011] (50%), Total Loss: 2.8082, Src Seg Loss: 0.3343, Tgt Seg Loss: 0.6687, Contrastive Loss: 0.0000, Domain Loss: 1.2508
2025-06-24 21:21:24.153315 Epoch [014/050], Step [0758/1011] (75%), Total Loss: 2.7897, Src Seg Loss: 0.3296, Tgt Seg Loss: 0.2313, Contrastive Loss: 0.0000, Domain Loss: 1.3351
2025-06-24 21:24:14.977467 Epoch [014/050], Step [1011/1011] (100%), Total Loss: 2.7861, Src Seg Loss: 0.2744, Tgt Seg Loss: 0.6488, Contrastive Loss: 0.0000, Domain Loss: 1.3901
Epoch 14 completed. Learning rate: 0.000050
Starting validation...
Validation Results - Loss: 2.2171
  IoU: 0.1204
  F1-Score: 0.2149
  Precision: 0.9794
  Recall: 0.1207
  Accuracy: 0.7944
--------------------Epoch: 15/50--------------------
Learning Rate: 5e-05
2025-06-24 21:27:23.911932 Epoch [015/050], Step [0252/1011] (25%), Total Loss: 2.8387, Src Seg Loss: 0.1917, Tgt Seg Loss: 0.3173, Contrastive Loss: 0.0000, Domain Loss: 1.3512
2025-06-24 21:30:14.558383 Epoch [015/050], Step [0505/1011] (50%), Total Loss: 2.8285, Src Seg Loss: 0.4310, Tgt Seg Loss: 0.2575, Contrastive Loss: 0.0000, Domain Loss: 1.2181
2025-06-24 21:33:05.209064 Epoch [015/050], Step [0758/1011] (75%), Total Loss: 2.7584, Src Seg Loss: 0.3208, Tgt Seg Loss: 0.3169, Contrastive Loss: 0.0000, Domain Loss: 1.2950
2025-06-24 21:35:55.909917 Epoch [015/050], Step [1011/1011] (100%), Total Loss: 2.7687, Src Seg Loss: 0.2653, Tgt Seg Loss: 0.7572, Contrastive Loss: 0.0000, Domain Loss: 1.2369
Epoch 15 completed. Learning rate: 0.000050
Starting validation...
Validation Results - Loss: 1.7811
  IoU: 0.3393
  F1-Score: 0.5067
  Precision: 0.9736
  Recall: 0.3425
  Accuracy: 0.8445
--------------------Epoch: 16/50--------------------
Learning Rate: 5e-05
2025-06-24 21:39:04.972098 Epoch [016/050], Step [0252/1011] (25%), Total Loss: 2.7493, Src Seg Loss: 0.3345, Tgt Seg Loss: 0.4133, Contrastive Loss: 0.0000, Domain Loss: 1.2434
2025-06-24 21:41:55.813995 Epoch [016/050], Step [0505/1011] (50%), Total Loss: 2.7237, Src Seg Loss: 0.4592, Tgt Seg Loss: 0.4056, Contrastive Loss: 0.0003, Domain Loss: 1.0766
2025-06-24 21:44:46.444820 Epoch [016/050], Step [0758/1011] (75%), Total Loss: 2.6905, Src Seg Loss: 0.4825, Tgt Seg Loss: 0.1462, Contrastive Loss: 0.0000, Domain Loss: 1.2284
2025-06-24 21:47:36.949060 Epoch [016/050], Step [1011/1011] (100%), Total Loss: 2.6788, Src Seg Loss: 0.3389, Tgt Seg Loss: 0.2299, Contrastive Loss: 0.0000, Domain Loss: 1.2663
Epoch 16 completed. Learning rate: 0.000050
Starting validation...
Validation Results - Loss: 2.0261
  IoU: 0.1360
  F1-Score: 0.2394
  Precision: 0.9829
  Recall: 0.1363
  Accuracy: 0.7981
Learning rate adjusted after validation: 0.000050 -> 0.000040
--------------------Epoch: 17/50--------------------
Learning Rate: 4e-05
2025-06-24 21:50:45.732463 Epoch [017/050], Step [0252/1011] (25%), Total Loss: 2.7195, Src Seg Loss: 0.2375, Tgt Seg Loss: 0.7934, Contrastive Loss: 0.0000, Domain Loss: 1.2765
2025-06-24 21:53:36.268566 Epoch [017/050], Step [0505/1011] (50%), Total Loss: 2.6672, Src Seg Loss: 0.2000, Tgt Seg Loss: 0.2303, Contrastive Loss: 0.0000, Domain Loss: 1.3553
2025-06-24 21:56:26.711444 Epoch [017/050], Step [0758/1011] (75%), Total Loss: 2.6679, Src Seg Loss: 0.3308, Tgt Seg Loss: 0.3830, Contrastive Loss: 0.0000, Domain Loss: 1.2633
2025-06-24 21:59:17.162346 Epoch [017/050], Step [1011/1011] (100%), Total Loss: 2.8572, Src Seg Loss: 0.2764, Tgt Seg Loss: 0.6289, Contrastive Loss: 0.0000, Domain Loss: 1.2942
Epoch 17 completed. Learning rate: 0.000040
Starting validation...
Validation Results - Loss: 2.0110
  IoU: 0.1658
  F1-Score: 0.2844
  Precision: 0.9820
  Recall: 0.1663
  Accuracy: 0.8049
--------------------Epoch: 18/50--------------------
Learning Rate: 4e-05
2025-06-24 22:02:25.934526 Epoch [018/050], Step [0252/1011] (25%), Total Loss: 2.6557, Src Seg Loss: 0.3267, Tgt Seg Loss: 0.4627, Contrastive Loss: 0.0000, Domain Loss: 1.1426
2025-06-24 22:05:16.322591 Epoch [018/050], Step [0505/1011] (50%), Total Loss: 2.6201, Src Seg Loss: 0.3561, Tgt Seg Loss: 0.2100, Contrastive Loss: 0.0000, Domain Loss: 1.3265
2025-06-24 22:08:06.846547 Epoch [018/050], Step [0758/1011] (75%), Total Loss: 2.7318, Src Seg Loss: 0.2514, Tgt Seg Loss: 0.2465, Contrastive Loss: 0.0000, Domain Loss: 1.1154
2025-06-24 22:10:56.986409 Epoch [018/050], Step [1011/1011] (100%), Total Loss: 2.6545, Src Seg Loss: 0.2437, Tgt Seg Loss: 0.2549, Contrastive Loss: 0.0014, Domain Loss: 1.3472
Epoch 18 completed. Learning rate: 0.000040
Starting validation...
Validation Results - Loss: 2.2732
  IoU: 0.1234
  F1-Score: 0.2196
  Precision: 0.9707
  Recall: 0.1238
  Accuracy: 0.7948
--------------------Epoch: 19/50--------------------
Learning Rate: 4e-05
2025-06-24 22:14:05.189578 Epoch [019/050], Step [0252/1011] (25%), Total Loss: 2.6580, Src Seg Loss: 0.3466, Tgt Seg Loss: 0.4717, Contrastive Loss: 0.0000, Domain Loss: 1.2332
2025-06-24 22:16:55.163186 Epoch [019/050], Step [0505/1011] (50%), Total Loss: 2.6267, Src Seg Loss: 0.2778, Tgt Seg Loss: 0.1414, Contrastive Loss: 0.0000, Domain Loss: 1.2567
2025-06-24 22:19:45.164155 Epoch [019/050], Step [0758/1011] (75%), Total Loss: 2.6245, Src Seg Loss: 0.2594, Tgt Seg Loss: 0.1518, Contrastive Loss: 0.0000, Domain Loss: 1.2732
2025-06-24 22:22:35.185764 Epoch [019/050], Step [1011/1011] (100%), Total Loss: 2.6266, Src Seg Loss: 0.3306, Tgt Seg Loss: 0.3368, Contrastive Loss: 0.0000, Domain Loss: 1.3438
Epoch 19 completed. Learning rate: 0.000040
Starting validation...
Validation Results - Loss: 2.2023
  IoU: 0.1086
  F1-Score: 0.1959
  Precision: 0.9697
  Recall: 0.1090
  Accuracy: 0.7915
--------------------Epoch: 20/50--------------------
Learning Rate: 4e-05
2025-06-24 22:25:43.369443 Epoch [020/050], Step [0252/1011] (25%), Total Loss: 2.6647, Src Seg Loss: 0.2358, Tgt Seg Loss: 0.4857, Contrastive Loss: 0.0000, Domain Loss: 1.1865
2025-06-24 22:28:33.365437 Epoch [020/050], Step [0505/1011] (50%), Total Loss: 2.6603, Src Seg Loss: 0.3113, Tgt Seg Loss: 0.2588, Contrastive Loss: 0.0000, Domain Loss: 1.2393
2025-06-24 22:31:23.429243 Epoch [020/050], Step [0758/1011] (75%), Total Loss: 2.6326, Src Seg Loss: 0.1977, Tgt Seg Loss: 0.3622, Contrastive Loss: 0.0000, Domain Loss: 1.2985
2025-06-24 22:34:13.413865 Epoch [020/050], Step [1011/1011] (100%), Total Loss: 2.6123, Src Seg Loss: 0.3232, Tgt Seg Loss: 0.2357, Contrastive Loss: 0.0000, Domain Loss: 1.2139
Epoch 20 completed. Learning rate: 0.000040
Starting validation...
Validation Results - Loss: 1.5415
  IoU: 0.4187
  F1-Score: 0.5903
  Precision: 0.9681
  Recall: 0.4246
  Accuracy: 0.8626
Early stopping triggered at epoch 20
Best validation IoU: 0.6470 achieved at epoch 9

==================================================
Two-Domain Adaptive Training with Pseudo Labels completed!
Source Domain: SMOKE5K_Dataset_SMOKE5K_train (Ground Truth Labels)
Target Domain: ijmond_camera_ijmond_900_trained_citizen_constraint (Pseudo Labels)
Pseudo Label Weight: 0.5
Best validation IoU: 0.6470 achieved at epoch 9
Best model saved at: models/thesis/smoke5k-to-ijmond-citizen-constraint/SMOKE5K_Dataset_SMOKE5K_train_to_ijmond_camera_ijmond_900_trained_citizen_constraint_da/SMOKE5K_Dataset_SMOKE5K_train_to_ijmond_camera_ijmond_900_trained_citizen_constraint_da_best_model.pth
==================================================

JOB STATISTICS
==============
Job ID: 12604282
Cluster: snellius
User/Group: ytao/ytao
State: RUNNING
Nodes: 1
Cores per node: 9
CPU Utilized: 04:42:51
CPU Efficiency: 13.42% of 1-11:07:21 core-walltime
Job Wall-clock time: 03:54:09
Memory Utilized: 15.49 GB
Memory Efficiency: 64.56% of 24.00 GB (24.00 GB/node)
WARNING: Efficiency statistics can only be obtained after the job has ended as seff tool is based on the accounting database data.
