================================================================================
DOMAIN ADAPTIVE TRAINING CONFIGURATION
================================================================================
📋 BASIC TRAINING SETTINGS
----------------------------------------
  Training Epochs: 100
  Batch Size: 4
  Training Image Size: 352x352
  Device: cuda
  Model Name: SMOKE5K_Dataset_SMOKE5K_train_to_ijmond_camera_SMOKE5K-full_expert_constraint_da

⚙️  OPTIMIZER SETTINGS
----------------------------------------
  Learning Rate: 5e-05
  Adam Beta: 0.5
  Gradient Clipping: 0.5
  LR Decay Factor: 0.8
  LR Patience (epochs): 12

🏗️  MODEL ARCHITECTURE
----------------------------------------
  Feature Channels: 64
  Latent Dimension: 8
  Contrastive Layer Filters: 16

📊 LOSS FUNCTION WEIGHTS
----------------------------------------
  L2 Regularization: 0.0001
  Latent Loss: 2.0
  VAE Loss: 0.6
  Contrastive Loss: 2.0
  Domain Adaptation Loss: 2.0
  Pseudo Label Loss: 0.5

🔄 DOMAIN ADAPTATION SETTINGS
----------------------------------------
  Number of Domains: 2
  Gradient Reversal Lambda Max: 1.0
  Use LDConv in Discriminators: False
  Use AttentionPool2d in Discriminators: False
  Pseudo Label Weight: 0.5

🎯 SEMI-SUPERVISED LEARNING
----------------------------------------
  Contrastive Pixel Matching: Intra-image
  Contrastive Sample Count: 500

📁 DATASET CONFIGURATION
----------------------------------------
  Source Domain Path: data/SMOKE5K_Dataset/SMOKE5K/train
  Target Domain Path: data/ijmond_camera/SMOKE5K-full/expert_constraint
  Pretrained Weights: None
  Model Save Path: models/thesis/smoke5k-to-ijmond-expert-constraint-full/SMOKE5K_Dataset_SMOKE5K_train_to_ijmond_camera_SMOKE5K-full_expert_constraint_da

✅ VALIDATION & EARLY STOPPING
----------------------------------------
  Enable Validation: True
  Validation Domain: Target Domain
  Validation Split: 0.2 (of target data)
  Early Stopping Patience: 25
  Min Delta for Improvement: 0.0001
  📊 Validation Strategy: Target domain split for training/validation
     - Source domain: Full dataset for training
     - Target domain: Split into training/validation sets

🔀 DATA AUGMENTATION & REPRODUCIBILITY
----------------------------------------
  Data Augmentation (Both Domains): True
  Freeze Randomness: False
  Random Seed: 42
================================================================================

🔄 LOADING DATASETS...
Dataset size: 5058
  - Data augmentation: ENABLED
源域训练集: 1264 batches (full dataset)
Total dataset size: 3962
Training set size: 3169
Validation set size: 793
目标域训练集: 792 batches
目标域验证集: 198 batches
构建模型...
Learning Rate Scheduler configured:
  - Type: ReduceLROnPlateau (adaptive based on loss)
  - Patience (epochs to wait): 12
  - Decay Factor: 0.8
  - Minimum LR: 1e-7
Let's go!
--------------------Epoch: 1/100--------------------
Learning Rate: 5e-05
2025-06-26 07:20:42.425508 Epoch [001/100], Step [0316/1264] (25%), Total Loss: 5.2568, Src Seg Loss: 1.0320, Tgt Seg Loss: 1.2010, Contrastive Loss: 0.0187, Domain Loss: 1.2554
2025-06-26 07:24:15.754456 Epoch [001/100], Step [0632/1264] (50%), Total Loss: 4.0048, Src Seg Loss: 0.9563, Tgt Seg Loss: 1.0995, Contrastive Loss: 0.0758, Domain Loss: 1.1651
2025-06-26 07:27:48.193095 Epoch [001/100], Step [0948/1264] (75%), Total Loss: 3.0984, Src Seg Loss: 0.7415, Tgt Seg Loss: 0.9135, Contrastive Loss: 0.0020, Domain Loss: 0.8668
2025-06-26 07:31:19.851301 Epoch [001/100], Step [1264/1264] (100%), Total Loss: 2.8911, Src Seg Loss: 0.6098, Tgt Seg Loss: 1.0277, Contrastive Loss: 0.0000, Domain Loss: 0.6257
Epoch 1 completed. Learning rate: 0.000050
Starting validation on target domain...
Target Domain Validation Results (Reference Only) - Loss: 0.8858
  IoU: 0.4165
  F1-Score: 0.5880
  Precision: 0.5246
  Recall: 0.6690
  Accuracy: 0.9526
New best model saved! Training loss: 5.4174
  Corresponding target validation IoU: 0.4165 (reference)
--------------------Epoch: 2/100--------------------
Learning Rate: 5e-05
2025-06-26 07:35:08.013387 Epoch [002/100], Step [0316/1264] (25%), Total Loss: 3.3965, Src Seg Loss: 0.6147, Tgt Seg Loss: 0.8812, Contrastive Loss: 0.0000, Domain Loss: 1.5463
2025-06-26 07:38:39.777191 Epoch [002/100], Step [0632/1264] (50%), Total Loss: 3.2640, Src Seg Loss: 0.7038, Tgt Seg Loss: 0.7400, Contrastive Loss: 0.0002, Domain Loss: 0.8269
2025-06-26 07:42:11.588643 Epoch [002/100], Step [0948/1264] (75%), Total Loss: 3.2276, Src Seg Loss: 0.6009, Tgt Seg Loss: 0.9017, Contrastive Loss: 0.0334, Domain Loss: 0.9143
2025-06-26 07:45:43.498699 Epoch [002/100], Step [1264/1264] (100%), Total Loss: 3.1656, Src Seg Loss: 0.4864, Tgt Seg Loss: 0.7504, Contrastive Loss: 0.0021, Domain Loss: 1.4183
Epoch 2 completed. Learning rate: 0.000050
Starting validation on target domain...
Target Domain Validation Results (Reference Only) - Loss: 1.0298
  IoU: 0.2898
  F1-Score: 0.4494
  Precision: 0.6372
  Recall: 0.3471
  Accuracy: 0.9570
New best model saved! Training loss: 3.3958
  Corresponding target validation IoU: 0.2898 (reference)
--------------------Epoch: 3/100--------------------
Learning Rate: 5e-05
2025-06-26 07:49:30.458468 Epoch [003/100], Step [0316/1264] (25%), Total Loss: 3.2345, Src Seg Loss: 0.5802, Tgt Seg Loss: 0.8440, Contrastive Loss: 0.0000, Domain Loss: 1.5134
2025-06-26 07:53:02.330926 Epoch [003/100], Step [0632/1264] (50%), Total Loss: 3.1809, Src Seg Loss: 0.4432, Tgt Seg Loss: 0.5521, Contrastive Loss: 0.0000, Domain Loss: 1.2255
2025-06-26 07:56:34.243482 Epoch [003/100], Step [0948/1264] (75%), Total Loss: 3.2738, Src Seg Loss: 0.5260, Tgt Seg Loss: 0.8029, Contrastive Loss: 0.0321, Domain Loss: 1.4854
2025-06-26 08:00:05.978705 Epoch [003/100], Step [1264/1264] (100%), Total Loss: 3.1733, Src Seg Loss: 0.6039, Tgt Seg Loss: 0.7363, Contrastive Loss: 0.0014, Domain Loss: 1.3881
Epoch 3 completed. Learning rate: 0.000050
Starting validation on target domain...
Target Domain Validation Results (Reference Only) - Loss: 0.9541
  IoU: 0.3576
  F1-Score: 0.5268
  Precision: 0.6797
  Recall: 0.4300
  Accuracy: 0.9609
New best model saved! Training loss: 3.2441
  Corresponding target validation IoU: 0.3576 (reference)
--------------------Epoch: 4/100--------------------
Learning Rate: 5e-05
2025-06-26 08:03:53.913102 Epoch [004/100], Step [0316/1264] (25%), Total Loss: 3.1074, Src Seg Loss: 0.4729, Tgt Seg Loss: 0.7141, Contrastive Loss: 0.0003, Domain Loss: 1.3251
2025-06-26 08:07:26.009615 Epoch [004/100], Step [0632/1264] (50%), Total Loss: 3.0983, Src Seg Loss: 0.4060, Tgt Seg Loss: 0.6676, Contrastive Loss: 0.0000, Domain Loss: 1.2575
2025-06-26 08:10:57.857603 Epoch [004/100], Step [0948/1264] (75%), Total Loss: 3.0529, Src Seg Loss: 0.3365, Tgt Seg Loss: 0.7333, Contrastive Loss: 0.0139, Domain Loss: 1.3314
2025-06-26 08:14:29.896531 Epoch [004/100], Step [1264/1264] (100%), Total Loss: 2.9583, Src Seg Loss: 0.3857, Tgt Seg Loss: 0.5781, Contrastive Loss: 0.0101, Domain Loss: 1.0612
Epoch 4 completed. Learning rate: 0.000050
Starting validation on target domain...
Target Domain Validation Results (Reference Only) - Loss: 0.8041
  IoU: 0.5028
  F1-Score: 0.6692
  Precision: 0.6790
  Recall: 0.6597
  Accuracy: 0.9670
New best model saved! Training loss: 3.0812
  Corresponding target validation IoU: 0.5028 (reference)
--------------------Epoch: 5/100--------------------
Learning Rate: 5e-05
2025-06-26 08:18:17.363228 Epoch [005/100], Step [0316/1264] (25%), Total Loss: 2.9276, Src Seg Loss: 0.4006, Tgt Seg Loss: 0.4784, Contrastive Loss: 0.0000, Domain Loss: 1.1741
2025-06-26 08:21:49.300042 Epoch [005/100], Step [0632/1264] (50%), Total Loss: 2.9364, Src Seg Loss: 0.5497, Tgt Seg Loss: 0.5597, Contrastive Loss: 0.1317, Domain Loss: 1.3851
2025-06-26 08:25:21.204523 Epoch [005/100], Step [0948/1264] (75%), Total Loss: 2.9580, Src Seg Loss: 0.4410, Tgt Seg Loss: 0.6349, Contrastive Loss: 0.0014, Domain Loss: 1.2483
2025-06-26 08:28:53.138079 Epoch [005/100], Step [1264/1264] (100%), Total Loss: 2.9778, Src Seg Loss: 0.4599, Tgt Seg Loss: 0.5943, Contrastive Loss: 0.0042, Domain Loss: 1.0737
Epoch 5 completed. Learning rate: 0.000050
Starting validation on target domain...
Target Domain Validation Results (Reference Only) - Loss: 0.7781
  IoU: 0.5159
  F1-Score: 0.6806
  Precision: 0.6986
  Recall: 0.6635
  Accuracy: 0.9685
New best model saved! Training loss: 2.9584
  Corresponding target validation IoU: 0.5159 (reference)
--------------------Epoch: 6/100--------------------
Learning Rate: 5e-05
2025-06-26 08:32:40.185771 Epoch [006/100], Step [0316/1264] (25%), Total Loss: 3.0783, Src Seg Loss: 0.5770, Tgt Seg Loss: 0.5484, Contrastive Loss: 0.0004, Domain Loss: 1.3733
2025-06-26 08:36:12.010210 Epoch [006/100], Step [0632/1264] (50%), Total Loss: 2.9479, Src Seg Loss: 0.4835, Tgt Seg Loss: 0.5962, Contrastive Loss: 0.0059, Domain Loss: 1.2339
2025-06-26 08:39:43.640121 Epoch [006/100], Step [0948/1264] (75%), Total Loss: 2.9785, Src Seg Loss: 0.2837, Tgt Seg Loss: 0.5699, Contrastive Loss: 0.0087, Domain Loss: 1.5136
2025-06-26 08:43:15.081733 Epoch [006/100], Step [1264/1264] (100%), Total Loss: 2.9554, Src Seg Loss: 0.3848, Tgt Seg Loss: 0.6367, Contrastive Loss: 0.0007, Domain Loss: 1.5084
Epoch 6 completed. Learning rate: 0.000050
Starting validation on target domain...
Target Domain Validation Results (Reference Only) - Loss: 0.7876
  IoU: 0.5167
  F1-Score: 0.6813
  Precision: 0.7179
  Recall: 0.6484
  Accuracy: 0.9693
--------------------Epoch: 7/100--------------------
Learning Rate: 5e-05
2025-06-26 08:47:02.288809 Epoch [007/100], Step [0316/1264] (25%), Total Loss: 2.9760, Src Seg Loss: 0.3918, Tgt Seg Loss: 0.4518, Contrastive Loss: 0.0021, Domain Loss: 1.3618
2025-06-26 08:50:34.225819 Epoch [007/100], Step [0632/1264] (50%), Total Loss: 2.9218, Src Seg Loss: 0.3674, Tgt Seg Loss: 0.5449, Contrastive Loss: 0.0000, Domain Loss: 1.5371
2025-06-26 08:54:06.247329 Epoch [007/100], Step [0948/1264] (75%), Total Loss: 2.9124, Src Seg Loss: 0.3431, Tgt Seg Loss: 0.4803, Contrastive Loss: 0.0014, Domain Loss: 1.3900
2025-06-26 08:57:38.278107 Epoch [007/100], Step [1264/1264] (100%), Total Loss: 2.8624, Src Seg Loss: 0.3835, Tgt Seg Loss: 0.5074, Contrastive Loss: 0.0000, Domain Loss: 1.2628
Epoch 7 completed. Learning rate: 0.000050
Starting validation on target domain...
Target Domain Validation Results (Reference Only) - Loss: 0.7987
  IoU: 0.5170
  F1-Score: 0.6816
  Precision: 0.7405
  Recall: 0.6314
  Accuracy: 0.9701
New best model saved! Training loss: 2.9523
  Corresponding target validation IoU: 0.5170 (reference)
--------------------Epoch: 8/100--------------------
Learning Rate: 5e-05
2025-06-26 09:01:25.751958 Epoch [008/100], Step [0316/1264] (25%), Total Loss: 2.8662, Src Seg Loss: 0.3449, Tgt Seg Loss: 0.4601, Contrastive Loss: 0.0000, Domain Loss: 1.2166
2025-06-26 09:04:57.430245 Epoch [008/100], Step [0632/1264] (50%), Total Loss: 2.8755, Src Seg Loss: 0.2304, Tgt Seg Loss: 0.5823, Contrastive Loss: 0.0000, Domain Loss: 1.4564
2025-06-26 09:08:29.137675 Epoch [008/100], Step [0948/1264] (75%), Total Loss: 2.9161, Src Seg Loss: 0.3093, Tgt Seg Loss: 0.4566, Contrastive Loss: 0.0196, Domain Loss: 1.3786
2025-06-26 09:12:01.287455 Epoch [008/100], Step [1264/1264] (100%), Total Loss: 2.8596, Src Seg Loss: 0.3873, Tgt Seg Loss: 0.3577, Contrastive Loss: 0.0000, Domain Loss: 1.2918
Epoch 8 completed. Learning rate: 0.000050
Starting validation on target domain...
Target Domain Validation Results (Reference Only) - Loss: 0.8252
  IoU: 0.5005
  F1-Score: 0.6671
  Precision: 0.7582
  Recall: 0.5956
  Accuracy: 0.9699
New best model saved! Training loss: 2.8550
  Corresponding target validation IoU: 0.5005 (reference)
--------------------Epoch: 9/100--------------------
Learning Rate: 5e-05
2025-06-26 09:15:50.258884 Epoch [009/100], Step [0316/1264] (25%), Total Loss: 2.7697, Src Seg Loss: 0.3978, Tgt Seg Loss: 0.4646, Contrastive Loss: 0.0000, Domain Loss: 1.2921
2025-06-26 09:19:22.141373 Epoch [009/100], Step [0632/1264] (50%), Total Loss: 2.8348, Src Seg Loss: 0.3222, Tgt Seg Loss: 0.4244, Contrastive Loss: 0.0016, Domain Loss: 1.4258
2025-06-26 09:22:53.894011 Epoch [009/100], Step [0948/1264] (75%), Total Loss: 2.9178, Src Seg Loss: 0.3147, Tgt Seg Loss: 0.4983, Contrastive Loss: 0.0055, Domain Loss: 1.3688
2025-06-26 09:26:26.086066 Epoch [009/100], Step [1264/1264] (100%), Total Loss: 2.8844, Src Seg Loss: 0.2450, Tgt Seg Loss: 0.3638, Contrastive Loss: 0.1210, Domain Loss: 1.3119
Epoch 9 completed. Learning rate: 0.000050
Starting validation on target domain...
Target Domain Validation Results (Reference Only) - Loss: 0.7649
  IoU: 0.5310
  F1-Score: 0.6936
  Precision: 0.6993
  Recall: 0.6881
  Accuracy: 0.9692
New best model saved! Training loss: 2.8359
  Corresponding target validation IoU: 0.5310 (reference)
--------------------Epoch: 10/100--------------------
Learning Rate: 5e-05
2025-06-26 09:30:13.237372 Epoch [010/100], Step [0316/1264] (25%), Total Loss: 2.8101, Src Seg Loss: 0.3647, Tgt Seg Loss: 0.5248, Contrastive Loss: 0.0140, Domain Loss: 1.1949
2025-06-26 09:33:45.193915 Epoch [010/100], Step [0632/1264] (50%), Total Loss: 2.7981, Src Seg Loss: 0.2578, Tgt Seg Loss: 0.4544, Contrastive Loss: 0.0121, Domain Loss: 1.3156
2025-06-26 09:37:17.399272 Epoch [010/100], Step [0948/1264] (75%), Total Loss: 2.7635, Src Seg Loss: 0.2488, Tgt Seg Loss: 0.4215, Contrastive Loss: 0.0328, Domain Loss: 1.4498
2025-06-26 09:40:49.399682 Epoch [010/100], Step [1264/1264] (100%), Total Loss: 2.8762, Src Seg Loss: 0.3051, Tgt Seg Loss: 0.3115, Contrastive Loss: 0.0000, Domain Loss: 1.3371
Epoch 10 completed. Learning rate: 0.000050
Starting validation on target domain...
Target Domain Validation Results (Reference Only) - Loss: 0.7777
  IoU: 0.5345
  F1-Score: 0.6966
  Precision: 0.7075
  Recall: 0.6861
  Accuracy: 0.9698
Checkpoint saved: SMOKE5K_Dataset_SMOKE5K_train_to_ijmond_camera_SMOKE5K-full_expert_constraint_da_epoch_010_from_scratch.pth
--------------------Epoch: 11/100--------------------
Learning Rate: 5e-05
2025-06-26 09:44:36.656656 Epoch [011/100], Step [0316/1264] (25%), Total Loss: 2.7758, Src Seg Loss: 0.3336, Tgt Seg Loss: 0.4340, Contrastive Loss: 0.0000, Domain Loss: 1.3093
2025-06-26 09:48:08.372610 Epoch [011/100], Step [0632/1264] (50%), Total Loss: 2.7344, Src Seg Loss: 0.4453, Tgt Seg Loss: 0.4178, Contrastive Loss: 0.0065, Domain Loss: 1.1037
2025-06-26 09:51:40.422855 Epoch [011/100], Step [0948/1264] (75%), Total Loss: 2.7137, Src Seg Loss: 0.3591, Tgt Seg Loss: 0.4470, Contrastive Loss: 0.1733, Domain Loss: 1.1534
2025-06-26 09:55:12.599777 Epoch [011/100], Step [1264/1264] (100%), Total Loss: 2.6916, Src Seg Loss: 0.3138, Tgt Seg Loss: 0.3251, Contrastive Loss: 0.0000, Domain Loss: 1.2665
Epoch 11 completed. Learning rate: 0.000050
Starting validation on target domain...
Target Domain Validation Results (Reference Only) - Loss: 0.8373
  IoU: 0.5133
  F1-Score: 0.6784
  Precision: 0.7554
  Recall: 0.6157
  Accuracy: 0.9705
New best model saved! Training loss: 2.7156
  Corresponding target validation IoU: 0.5133 (reference)
--------------------Epoch: 12/100--------------------
Learning Rate: 5e-05
2025-06-26 09:58:59.884994 Epoch [012/100], Step [0316/1264] (25%), Total Loss: 2.6982, Src Seg Loss: 0.2236, Tgt Seg Loss: 0.3683, Contrastive Loss: 0.1282, Domain Loss: 1.3371
2025-06-26 10:02:31.912961 Epoch [012/100], Step [0632/1264] (50%), Total Loss: 2.6274, Src Seg Loss: 0.2590, Tgt Seg Loss: 0.3740, Contrastive Loss: 0.0118, Domain Loss: 1.3358
2025-06-26 10:06:03.828057 Epoch [012/100], Step [0948/1264] (75%), Total Loss: 2.6185, Src Seg Loss: 0.2364, Tgt Seg Loss: 0.3441, Contrastive Loss: 0.0128, Domain Loss: 1.3116
2025-06-26 10:09:35.642385 Epoch [012/100], Step [1264/1264] (100%), Total Loss: 2.5971, Src Seg Loss: 0.3424, Tgt Seg Loss: 0.2877, Contrastive Loss: 0.0028, Domain Loss: 1.2349
Epoch 12 completed. Learning rate: 0.000050
Starting validation on target domain...
Target Domain Validation Results (Reference Only) - Loss: 0.8291
  IoU: 0.5320
  F1-Score: 0.6945
  Precision: 0.7648
  Recall: 0.6360
  Accuracy: 0.9717
New best model saved! Training loss: 2.6969
  Corresponding target validation IoU: 0.5320 (reference)
--------------------Epoch: 13/100--------------------
Learning Rate: 5e-05
2025-06-26 10:13:23.090648 Epoch [013/100], Step [0316/1264] (25%), Total Loss: 2.5586, Src Seg Loss: 0.2312, Tgt Seg Loss: 0.3338, Contrastive Loss: 0.0010, Domain Loss: 1.2399
2025-06-26 10:16:54.808384 Epoch [013/100], Step [0632/1264] (50%), Total Loss: 2.5593, Src Seg Loss: 0.2974, Tgt Seg Loss: 0.3967, Contrastive Loss: 0.0866, Domain Loss: 1.1696
2025-06-26 10:20:26.638175 Epoch [013/100], Step [0948/1264] (75%), Total Loss: 2.5487, Src Seg Loss: 0.5499, Tgt Seg Loss: 0.3302, Contrastive Loss: 0.0007, Domain Loss: 1.1843
2025-06-26 10:23:58.275349 Epoch [013/100], Step [1264/1264] (100%), Total Loss: 2.8319, Src Seg Loss: 0.1877, Tgt Seg Loss: 0.3247, Contrastive Loss: 0.0643, Domain Loss: 1.4384
Epoch 13 completed. Learning rate: 0.000050
Starting validation on target domain...
Target Domain Validation Results (Reference Only) - Loss: 0.8342
  IoU: 0.5285
  F1-Score: 0.6915
  Precision: 0.7613
  Recall: 0.6335
  Accuracy: 0.9714
New best model saved! Training loss: 2.6184
  Corresponding target validation IoU: 0.5285 (reference)
--------------------Epoch: 14/100--------------------
Learning Rate: 5e-05
2025-06-26 10:27:45.806748 Epoch [014/100], Step [0316/1264] (25%), Total Loss: 2.6495, Src Seg Loss: 0.3653, Tgt Seg Loss: 0.3403, Contrastive Loss: 0.0821, Domain Loss: 1.3331
2025-06-26 10:31:17.886870 Epoch [014/100], Step [0632/1264] (50%), Total Loss: 2.5368, Src Seg Loss: 0.2635, Tgt Seg Loss: 0.3399, Contrastive Loss: 0.0723, Domain Loss: 1.2964
2025-06-26 10:34:49.904518 Epoch [014/100], Step [0948/1264] (75%), Total Loss: 2.5353, Src Seg Loss: 0.3547, Tgt Seg Loss: 0.2201, Contrastive Loss: 0.0090, Domain Loss: 1.2434
2025-06-26 10:38:22.029602 Epoch [014/100], Step [1264/1264] (100%), Total Loss: 2.7397, Src Seg Loss: 0.2189, Tgt Seg Loss: 0.4339, Contrastive Loss: 0.1036, Domain Loss: 1.2276
Epoch 14 completed. Learning rate: 0.000050
Starting validation on target domain...
Target Domain Validation Results (Reference Only) - Loss: 0.8177
  IoU: 0.5294
  F1-Score: 0.6923
  Precision: 0.7267
  Recall: 0.6610
  Accuracy: 0.9703
New best model saved! Training loss: 2.6177
  Corresponding target validation IoU: 0.5294 (reference)
--------------------Epoch: 15/100--------------------
Learning Rate: 5e-05
2025-06-26 10:42:15.635910 Epoch [015/100], Step [0316/1264] (25%), Total Loss: 2.7482, Src Seg Loss: 0.1874, Tgt Seg Loss: 0.3157, Contrastive Loss: 0.1816, Domain Loss: 1.1720
2025-06-26 10:45:47.546771 Epoch [015/100], Step [0632/1264] (50%), Total Loss: 2.6585, Src Seg Loss: 0.2776, Tgt Seg Loss: 0.2720, Contrastive Loss: 0.1128, Domain Loss: 1.1472
2025-06-26 10:49:19.229117 Epoch [015/100], Step [0948/1264] (75%), Total Loss: 2.6621, Src Seg Loss: 0.2680, Tgt Seg Loss: 0.2295, Contrastive Loss: 0.1152, Domain Loss: 0.7875
2025-06-26 10:52:51.181840 Epoch [015/100], Step [1264/1264] (100%), Total Loss: 2.6393, Src Seg Loss: 0.1982, Tgt Seg Loss: 0.3200, Contrastive Loss: 0.0000, Domain Loss: 1.1594
Epoch 15 completed. Learning rate: 0.000050
Starting validation on target domain...
Target Domain Validation Results (Reference Only) - Loss: 0.8770
  IoU: 0.5083
  F1-Score: 0.6740
  Precision: 0.7516
  Recall: 0.6109
  Accuracy: 0.9701
--------------------Epoch: 16/100--------------------
Learning Rate: 5e-05
2025-06-26 10:56:41.274994 Epoch [016/100], Step [0316/1264] (25%), Total Loss: 2.4345, Src Seg Loss: 0.2547, Tgt Seg Loss: 0.2446, Contrastive Loss: 0.0315, Domain Loss: 1.3269
2025-06-26 11:00:13.116698 Epoch [016/100], Step [0632/1264] (50%), Total Loss: 2.5933, Src Seg Loss: 0.2625, Tgt Seg Loss: 0.3759, Contrastive Loss: 0.1055, Domain Loss: 1.0000
2025-06-26 11:03:44.752938 Epoch [016/100], Step [0948/1264] (75%), Total Loss: 2.6813, Src Seg Loss: 0.3715, Tgt Seg Loss: 0.3764, Contrastive Loss: 0.1087, Domain Loss: 0.8112
2025-06-26 11:07:16.662752 Epoch [016/100], Step [1264/1264] (100%), Total Loss: 2.5995, Src Seg Loss: 0.2954, Tgt Seg Loss: 0.2936, Contrastive Loss: 0.0839, Domain Loss: 1.1600
Epoch 16 completed. Learning rate: 0.000050
Starting validation on target domain...
Target Domain Validation Results (Reference Only) - Loss: 0.8511
  IoU: 0.5195
  F1-Score: 0.6838
  Precision: 0.7351
  Recall: 0.6392
  Accuracy: 0.9701
New best model saved! Training loss: 2.5470
  Corresponding target validation IoU: 0.5195 (reference)
--------------------Epoch: 17/100--------------------
Learning Rate: 5e-05
2025-06-26 11:11:05.634369 Epoch [017/100], Step [0316/1264] (25%), Total Loss: 2.6005, Src Seg Loss: 0.3735, Tgt Seg Loss: 0.2999, Contrastive Loss: 0.0204, Domain Loss: 0.7718
2025-06-26 11:14:37.587401 Epoch [017/100], Step [0632/1264] (50%), Total Loss: 2.3890, Src Seg Loss: 0.2383, Tgt Seg Loss: 0.2117, Contrastive Loss: 0.0000, Domain Loss: 0.9558
2025-06-26 11:18:09.462870 Epoch [017/100], Step [0948/1264] (75%), Total Loss: 2.4560, Src Seg Loss: 0.2403, Tgt Seg Loss: 0.3386, Contrastive Loss: 0.0234, Domain Loss: 1.0456
2025-06-26 11:21:41.348947 Epoch [017/100], Step [1264/1264] (100%), Total Loss: 2.4362, Src Seg Loss: 0.2540, Tgt Seg Loss: 0.2251, Contrastive Loss: 0.0414, Domain Loss: 1.1045
Epoch 17 completed. Learning rate: 0.000050
Starting validation on target domain...
Target Domain Validation Results (Reference Only) - Loss: 0.8004
  IoU: 0.5489
  F1-Score: 0.7088
  Precision: 0.7089
  Recall: 0.7086
  Accuracy: 0.9705
New best model saved! Training loss: 2.5105
  Corresponding target validation IoU: 0.5489 (reference)
--------------------Epoch: 18/100--------------------
Learning Rate: 5e-05
2025-06-26 11:25:32.927057 Epoch [018/100], Step [0316/1264] (25%), Total Loss: 2.5101, Src Seg Loss: 0.1669, Tgt Seg Loss: 0.3027, Contrastive Loss: 0.0184, Domain Loss: 1.3037
2025-06-26 11:29:04.723556 Epoch [018/100], Step [0632/1264] (50%), Total Loss: 2.4109, Src Seg Loss: 0.2221, Tgt Seg Loss: 0.3138, Contrastive Loss: 0.0054, Domain Loss: 1.2604
2025-06-26 11:32:36.572503 Epoch [018/100], Step [0948/1264] (75%), Total Loss: 2.3488, Src Seg Loss: 0.2990, Tgt Seg Loss: 0.3787, Contrastive Loss: 0.0000, Domain Loss: 1.0841
2025-06-26 11:36:08.687410 Epoch [018/100], Step [1264/1264] (100%), Total Loss: 2.2608, Src Seg Loss: 0.2611, Tgt Seg Loss: 0.3813, Contrastive Loss: 0.0007, Domain Loss: 1.1265
Epoch 18 completed. Learning rate: 0.000050
Starting validation on target domain...
Target Domain Validation Results (Reference Only) - Loss: 0.8304
  IoU: 0.5270
  F1-Score: 0.6903
  Precision: 0.7285
  Recall: 0.6558
  Accuracy: 0.9702
New best model saved! Training loss: 2.4476
  Corresponding target validation IoU: 0.5270 (reference)
--------------------Epoch: 19/100--------------------
Learning Rate: 5e-05
2025-06-26 11:39:55.914673 Epoch [019/100], Step [0316/1264] (25%), Total Loss: 2.3748, Src Seg Loss: 0.2605, Tgt Seg Loss: 0.3438, Contrastive Loss: 0.0003, Domain Loss: 1.0197
2025-06-26 11:43:27.929322 Epoch [019/100], Step [0632/1264] (50%), Total Loss: 2.2651, Src Seg Loss: 0.2277, Tgt Seg Loss: 0.2266, Contrastive Loss: 0.0003, Domain Loss: 0.6553
2025-06-26 11:46:59.783105 Epoch [019/100], Step [0948/1264] (75%), Total Loss: 2.3281, Src Seg Loss: 0.2579, Tgt Seg Loss: 0.2823, Contrastive Loss: 0.0000, Domain Loss: 1.2699
2025-06-26 11:50:31.864511 Epoch [019/100], Step [1264/1264] (100%), Total Loss: 2.2599, Src Seg Loss: 0.2662, Tgt Seg Loss: 0.2692, Contrastive Loss: 0.0003, Domain Loss: 0.6877
Epoch 19 completed. Learning rate: 0.000050
Starting validation on target domain...
Target Domain Validation Results (Reference Only) - Loss: 0.8082
  IoU: 0.5479
  F1-Score: 0.7079
  Precision: 0.7263
  Recall: 0.6904
  Accuracy: 0.9712
New best model saved! Training loss: 2.3248
  Corresponding target validation IoU: 0.5479 (reference)
--------------------Epoch: 20/100--------------------
Learning Rate: 5e-05
2025-06-26 11:54:18.793431 Epoch [020/100], Step [0316/1264] (25%), Total Loss: 2.2939, Src Seg Loss: 0.2009, Tgt Seg Loss: 0.2419, Contrastive Loss: 0.0010, Domain Loss: 2.3423
2025-06-26 11:57:50.480192 Epoch [020/100], Step [0632/1264] (50%), Total Loss: 2.2846, Src Seg Loss: 0.2059, Tgt Seg Loss: 0.2534, Contrastive Loss: 0.0000, Domain Loss: 1.3658
2025-06-26 12:01:22.100963 Epoch [020/100], Step [0948/1264] (75%), Total Loss: 2.2363, Src Seg Loss: 0.2177, Tgt Seg Loss: 0.2321, Contrastive Loss: 0.0000, Domain Loss: 0.8308
2025-06-26 12:04:53.791438 Epoch [020/100], Step [1264/1264] (100%), Total Loss: 2.2456, Src Seg Loss: 0.1696, Tgt Seg Loss: 0.2438, Contrastive Loss: 0.0000, Domain Loss: 1.0007
Epoch 20 completed. Learning rate: 0.000050
Starting validation on target domain...
Target Domain Validation Results (Reference Only) - Loss: 0.8674
  IoU: 0.5316
  F1-Score: 0.6942
  Precision: 0.7592
  Recall: 0.6395
  Accuracy: 0.9715
New best model saved! Training loss: 2.2762
  Corresponding target validation IoU: 0.5316 (reference)
Checkpoint saved: SMOKE5K_Dataset_SMOKE5K_train_to_ijmond_camera_SMOKE5K-full_expert_constraint_da_epoch_020_from_scratch.pth
--------------------Epoch: 21/100--------------------
Learning Rate: 5e-05
2025-06-26 12:08:42.568916 Epoch [021/100], Step [0316/1264] (25%), Total Loss: 2.1398, Src Seg Loss: 0.2541, Tgt Seg Loss: 0.3051, Contrastive Loss: 0.0003, Domain Loss: 0.6157
2025-06-26 12:12:14.566682 Epoch [021/100], Step [0632/1264] (50%), Total Loss: 2.2641, Src Seg Loss: 0.2663, Tgt Seg Loss: 0.2398, Contrastive Loss: 0.0003, Domain Loss: 0.7665
2025-06-26 12:15:46.605969 Epoch [021/100], Step [0948/1264] (75%), Total Loss: 2.2149, Src Seg Loss: 0.1673, Tgt Seg Loss: 0.1951, Contrastive Loss: 0.0003, Domain Loss: 0.6445
2025-06-26 12:19:18.754154 Epoch [021/100], Step [1264/1264] (100%), Total Loss: 2.2295, Src Seg Loss: 0.2802, Tgt Seg Loss: 0.2449, Contrastive Loss: 0.0010, Domain Loss: 1.0121
Epoch 21 completed. Learning rate: 0.000050
Starting validation on target domain...
Target Domain Validation Results (Reference Only) - Loss: 0.8859
  IoU: 0.5438
  F1-Score: 0.7045
  Precision: 0.7713
  Recall: 0.6483
  Accuracy: 0.9725
New best model saved! Training loss: 2.2328
  Corresponding target validation IoU: 0.5438 (reference)
--------------------Epoch: 22/100--------------------
Learning Rate: 5e-05
2025-06-26 12:23:07.586982 Epoch [022/100], Step [0316/1264] (25%), Total Loss: 2.2046, Src Seg Loss: 0.2239, Tgt Seg Loss: 0.1965, Contrastive Loss: 0.0008, Domain Loss: 0.6645
2025-06-26 12:26:39.464860 Epoch [022/100], Step [0632/1264] (50%), Total Loss: 2.1247, Src Seg Loss: 0.1701, Tgt Seg Loss: 0.2683, Contrastive Loss: 0.0000, Domain Loss: 1.2335
2025-06-26 12:30:11.293112 Epoch [022/100], Step [0948/1264] (75%), Total Loss: 2.2572, Src Seg Loss: 0.2208, Tgt Seg Loss: 0.2295, Contrastive Loss: 0.0024, Domain Loss: 1.0332
2025-06-26 12:33:43.174974 Epoch [022/100], Step [1264/1264] (100%), Total Loss: 2.2375, Src Seg Loss: 0.2068, Tgt Seg Loss: 0.1474, Contrastive Loss: 0.0000, Domain Loss: 1.0772
Epoch 22 completed. Learning rate: 0.000050
Starting validation on target domain...
Target Domain Validation Results (Reference Only) - Loss: 0.8922
  IoU: 0.5382
  F1-Score: 0.6998
  Precision: 0.7675
  Recall: 0.6430
  Accuracy: 0.9721
New best model saved! Training loss: 2.2272
  Corresponding target validation IoU: 0.5382 (reference)
--------------------Epoch: 23/100--------------------
Learning Rate: 5e-05
2025-06-26 12:37:30.156612 Epoch [023/100], Step [0316/1264] (25%), Total Loss: 2.2183, Src Seg Loss: 0.2000, Tgt Seg Loss: 0.2878, Contrastive Loss: 0.0049, Domain Loss: 0.8479
2025-06-26 12:41:01.928938 Epoch [023/100], Step [0632/1264] (50%), Total Loss: 2.2167, Src Seg Loss: 0.3091, Tgt Seg Loss: 0.2072, Contrastive Loss: 0.0102, Domain Loss: 0.3535
2025-06-26 12:44:33.899833 Epoch [023/100], Step [0948/1264] (75%), Total Loss: 2.1881, Src Seg Loss: 0.2552, Tgt Seg Loss: 0.2489, Contrastive Loss: 0.0120, Domain Loss: 0.7982
2025-06-26 12:48:05.878583 Epoch [023/100], Step [1264/1264] (100%), Total Loss: 2.1926, Src Seg Loss: 0.2561, Tgt Seg Loss: 0.1756, Contrastive Loss: 0.0000, Domain Loss: 0.7250
Epoch 23 completed. Learning rate: 0.000050
Starting validation on target domain...
Target Domain Validation Results (Reference Only) - Loss: 0.9270
  IoU: 0.5255
  F1-Score: 0.6890
  Precision: 0.7785
  Recall: 0.6179
  Accuracy: 0.9718
New best model saved! Training loss: 2.2228
  Corresponding target validation IoU: 0.5255 (reference)
--------------------Epoch: 24/100--------------------
Learning Rate: 5e-05
2025-06-26 12:51:53.142303 Epoch [024/100], Step [0316/1264] (25%), Total Loss: 2.3439, Src Seg Loss: 0.2540, Tgt Seg Loss: 0.2130, Contrastive Loss: 0.0003, Domain Loss: 1.1557
2025-06-26 12:55:25.117997 Epoch [024/100], Step [0632/1264] (50%), Total Loss: 2.2643, Src Seg Loss: 0.1787, Tgt Seg Loss: 0.2164, Contrastive Loss: 0.0045, Domain Loss: 1.0725
2025-06-26 12:58:57.111786 Epoch [024/100], Step [0948/1264] (75%), Total Loss: 2.2420, Src Seg Loss: 0.2532, Tgt Seg Loss: 0.2470, Contrastive Loss: 0.0000, Domain Loss: 0.8686
2025-06-26 13:02:29.348870 Epoch [024/100], Step [1264/1264] (100%), Total Loss: 2.1910, Src Seg Loss: 0.1892, Tgt Seg Loss: 0.2158, Contrastive Loss: 0.0003, Domain Loss: 0.6363
Epoch 24 completed. Learning rate: 0.000050
Starting validation on target domain...
Target Domain Validation Results (Reference Only) - Loss: 0.9270
  IoU: 0.5311
  F1-Score: 0.6937
  Precision: 0.7745
  Recall: 0.6282
  Accuracy: 0.9719
--------------------Epoch: 25/100--------------------
Learning Rate: 5e-05
2025-06-26 13:06:15.852876 Epoch [025/100], Step [0316/1264] (25%), Total Loss: 2.1852, Src Seg Loss: 0.2408, Tgt Seg Loss: 0.1649, Contrastive Loss: 0.0007, Domain Loss: 0.8008
2025-06-26 13:09:47.739268 Epoch [025/100], Step [0632/1264] (50%), Total Loss: 2.2269, Src Seg Loss: 0.1495, Tgt Seg Loss: 0.1999, Contrastive Loss: 0.0010, Domain Loss: 1.3996
2025-06-26 13:13:19.732581 Epoch [025/100], Step [0948/1264] (75%), Total Loss: 2.6051, Src Seg Loss: 0.3587, Tgt Seg Loss: 0.2164, Contrastive Loss: 0.0002, Domain Loss: 0.7256
2025-06-26 13:16:51.490430 Epoch [025/100], Step [1264/1264] (100%), Total Loss: 2.5432, Src Seg Loss: 0.1527, Tgt Seg Loss: 0.1653, Contrastive Loss: 0.0019, Domain Loss: 1.3788
Epoch 25 completed. Learning rate: 0.000050
Starting validation on target domain...
Target Domain Validation Results (Reference Only) - Loss: 0.8920
  IoU: 0.5175
  F1-Score: 0.6821
  Precision: 0.7437
  Recall: 0.6299
  Accuracy: 0.9703
--------------------Epoch: 26/100--------------------
Learning Rate: 5e-05
2025-06-26 13:20:38.634779 Epoch [026/100], Step [0316/1264] (25%), Total Loss: 2.5095, Src Seg Loss: 0.1803, Tgt Seg Loss: 0.2578, Contrastive Loss: 0.0010, Domain Loss: 1.3499
2025-06-26 13:24:10.722455 Epoch [026/100], Step [0632/1264] (50%), Total Loss: 2.4297, Src Seg Loss: 0.2567, Tgt Seg Loss: 0.2064, Contrastive Loss: 0.0021, Domain Loss: 1.2356
2025-06-26 13:27:42.761901 Epoch [026/100], Step [0948/1264] (75%), Total Loss: 2.4872, Src Seg Loss: 0.1783, Tgt Seg Loss: 0.2140, Contrastive Loss: 0.0000, Domain Loss: 1.5445
2025-06-26 13:31:14.757917 Epoch [026/100], Step [1264/1264] (100%), Total Loss: 2.3710, Src Seg Loss: 0.2135, Tgt Seg Loss: 0.1665, Contrastive Loss: 0.0003, Domain Loss: 1.2884
Epoch 26 completed. Learning rate: 0.000050
Starting validation on target domain...
Target Domain Validation Results (Reference Only) - Loss: 0.9379
  IoU: 0.5109
  F1-Score: 0.6763
  Precision: 0.7540
  Recall: 0.6131
  Accuracy: 0.9703
Early stopping triggered at epoch 26
Best training loss: 2.2228 achieved at epoch 23

==================================================
Two-Domain Adaptive Training with Pseudo Labels completed!
Source Domain: SMOKE5K_Dataset_SMOKE5K_train (Ground Truth Labels - Full Dataset)
Target Domain: ijmond_camera_SMOKE5K-full_expert_constraint (Pseudo Labels)
Pseudo Label Weight: 0.5
Best training loss: 2.2228 achieved at epoch 23
Best model saved at: models/thesis/smoke5k-to-ijmond-expert-constraint-full/SMOKE5K_Dataset_SMOKE5K_train_to_ijmond_camera_SMOKE5K-full_expert_constraint_da/SMOKE5K_Dataset_SMOKE5K_train_to_ijmond_camera_SMOKE5K-full_expert_constraint_da_best_model.pth
==================================================

JOB STATISTICS
==============
Job ID: 12634803
Cluster: snellius
User/Group: ytao/ytao
State: RUNNING
Nodes: 1
Cores per node: 9
CPU Utilized: 00:00:00
CPU Efficiency: 0.00% of 2-08:13:12 core-walltime
Job Wall-clock time: 06:14:48
Memory Utilized: 0.00 MB
Memory Efficiency: 0.00% of 24.00 GB (24.00 GB/node)
WARNING: Efficiency statistics can only be obtained after the job has ended as seff tool is based on the accounting database data.
